<?xml version="1.0" encoding="utf-8"?><testsuites name="pytest tests"><testsuite name="pytest" errors="1" failures="0" skipped="0" tests="1" time="5.672" timestamp="2025-11-07T20:17:45.140490+05:00" hostname="ALIENWARE-M18"><testcase classname="" name="work.blog-generator.v10.tests.test_template_registry" time="0.000"><error message="collection failure">ImportError while importing test module 'd:\work\blog-generator\v10\tests\test_template_registry.py'.
Hint: make sure your test modules/packages have valid Python names.
Traceback:
C:\Python313\Lib\importlib\__init__.py:88: in import_module
    return _bootstrap._gcd_import(name[level:], package, level)
           ^^^^^^^^^^^^^^^^^^^^^^^^^^^^^^^^^^^^^^^^^^^^^^^^^^^^
tests\test_template_registry.py:6: in &lt;module&gt;
    from src.core.template_registry import (
E   ImportError: cannot import name 'list_templates' from 'src.core.template_registry' (d:\work\blog-generator\v10\src\core\template_registry.py)</error></testcase></testsuite></testsuites>