<?xml version="1.0" encoding="utf-8"?><testsuites name="pytest tests"><testsuite name="pytest" errors="1" failures="133" skipped="0" tests="224" time="60.854" timestamp="2025-11-07T20:14:47.404596+05:00" hostname="ALIENWARE-M18"><testcase classname="work.blog-generator.v10.tests.unit.test_agents" name="test_agents_module_loads" time="16.379"><failure message="ModuleNotFoundError: No module named 'src.agents.agents_complete'">tests\unit\test_agents.py:5: in test_agents_module_loads
    mod = importlib.import_module("src.agents.agents_complete")
          ^^^^^^^^^^^^^^^^^^^^^^^^^^^^^^^^^^^^^^^^^^^^^^^^^^^^^
C:\Python313\Lib\importlib\__init__.py:88: in import_module
    return _bootstrap._gcd_import(name[level:], package, level)
           ^^^^^^^^^^^^^^^^^^^^^^^^^^^^^^^^^^^^^^^^^^^^^^^^^^^^
&lt;frozen importlib._bootstrap&gt;:1387: in _gcd_import
    ???
&lt;frozen importlib._bootstrap&gt;:1360: in _find_and_load
    ???
&lt;frozen importlib._bootstrap&gt;:1324: in _find_and_load_unlocked
    ???
E   ModuleNotFoundError: No module named 'src.agents.agents_complete'</failure></testcase><testcase classname="work.blog-generator.v10.tests.unit.test_agents_contracts" name="test_contract_shapes[TopicIdentificationAgent]" time="2.584"><failure message="ModuleNotFoundError: No module named 'agents.research'">tests\unit\test_agents_contracts.py:422: in test_contract_shapes
    agent, cfg, bus = instantiate_agent(agent_info)
                      ^^^^^^^^^^^^^^^^^^^^^^^^^^^^^
tests\unit\test_agents_contracts.py:390: in instantiate_agent
    mod = importlib.import_module(agent_info["module"])
          ^^^^^^^^^^^^^^^^^^^^^^^^^^^^^^^^^^^^^^^^^^^^^
C:\Python313\Lib\importlib\__init__.py:88: in import_module
    return _bootstrap._gcd_import(name[level:], package, level)
           ^^^^^^^^^^^^^^^^^^^^^^^^^^^^^^^^^^^^^^^^^^^^^^^^^^^^
&lt;frozen importlib._bootstrap&gt;:1387: in _gcd_import
    ???
&lt;frozen importlib._bootstrap&gt;:1360: in _find_and_load
    ???
&lt;frozen importlib._bootstrap&gt;:1310: in _find_and_load_unlocked
    ???
&lt;frozen importlib._bootstrap&gt;:488: in _call_with_frames_removed
    ???
&lt;frozen importlib._bootstrap&gt;:1387: in _gcd_import
    ???
&lt;frozen importlib._bootstrap&gt;:1360: in _find_and_load
    ???
&lt;frozen importlib._bootstrap&gt;:1324: in _find_and_load_unlocked
    ???
E   ModuleNotFoundError: No module named 'agents.research'</failure></testcase><testcase classname="work.blog-generator.v10.tests.unit.test_agents_contracts" name="test_contract_shapes[KBSearchAgent]" time="0.001"><failure message="ModuleNotFoundError: No module named 'agents.research'">tests\unit\test_agents_contracts.py:422: in test_contract_shapes
    agent, cfg, bus = instantiate_agent(agent_info)
                      ^^^^^^^^^^^^^^^^^^^^^^^^^^^^^
tests\unit\test_agents_contracts.py:390: in instantiate_agent
    mod = importlib.import_module(agent_info["module"])
          ^^^^^^^^^^^^^^^^^^^^^^^^^^^^^^^^^^^^^^^^^^^^^
C:\Python313\Lib\importlib\__init__.py:88: in import_module
    return _bootstrap._gcd_import(name[level:], package, level)
           ^^^^^^^^^^^^^^^^^^^^^^^^^^^^^^^^^^^^^^^^^^^^^^^^^^^^
&lt;frozen importlib._bootstrap&gt;:1387: in _gcd_import
    ???
&lt;frozen importlib._bootstrap&gt;:1360: in _find_and_load
    ???
&lt;frozen importlib._bootstrap&gt;:1310: in _find_and_load_unlocked
    ???
&lt;frozen importlib._bootstrap&gt;:488: in _call_with_frames_removed
    ???
&lt;frozen importlib._bootstrap&gt;:1387: in _gcd_import
    ???
&lt;frozen importlib._bootstrap&gt;:1360: in _find_and_load
    ???
&lt;frozen importlib._bootstrap&gt;:1324: in _find_and_load_unlocked
    ???
E   ModuleNotFoundError: No module named 'agents.research'</failure></testcase><testcase classname="work.blog-generator.v10.tests.unit.test_agents_contracts" name="test_contract_shapes[BlogSearchAgent]" time="0.001"><failure message="ModuleNotFoundError: No module named 'agents.research'">tests\unit\test_agents_contracts.py:422: in test_contract_shapes
    agent, cfg, bus = instantiate_agent(agent_info)
                      ^^^^^^^^^^^^^^^^^^^^^^^^^^^^^
tests\unit\test_agents_contracts.py:390: in instantiate_agent
    mod = importlib.import_module(agent_info["module"])
          ^^^^^^^^^^^^^^^^^^^^^^^^^^^^^^^^^^^^^^^^^^^^^
C:\Python313\Lib\importlib\__init__.py:88: in import_module
    return _bootstrap._gcd_import(name[level:], package, level)
           ^^^^^^^^^^^^^^^^^^^^^^^^^^^^^^^^^^^^^^^^^^^^^^^^^^^^
&lt;frozen importlib._bootstrap&gt;:1387: in _gcd_import
    ???
&lt;frozen importlib._bootstrap&gt;:1360: in _find_and_load
    ???
&lt;frozen importlib._bootstrap&gt;:1310: in _find_and_load_unlocked
    ???
&lt;frozen importlib._bootstrap&gt;:488: in _call_with_frames_removed
    ???
&lt;frozen importlib._bootstrap&gt;:1387: in _gcd_import
    ???
&lt;frozen importlib._bootstrap&gt;:1360: in _find_and_load
    ???
&lt;frozen importlib._bootstrap&gt;:1324: in _find_and_load_unlocked
    ???
E   ModuleNotFoundError: No module named 'agents.research'</failure></testcase><testcase classname="work.blog-generator.v10.tests.unit.test_agents_contracts" name="test_contract_shapes[APISearchAgent]" time="0.001"><failure message="ModuleNotFoundError: No module named 'agents.research'">tests\unit\test_agents_contracts.py:422: in test_contract_shapes
    agent, cfg, bus = instantiate_agent(agent_info)
                      ^^^^^^^^^^^^^^^^^^^^^^^^^^^^^
tests\unit\test_agents_contracts.py:390: in instantiate_agent
    mod = importlib.import_module(agent_info["module"])
          ^^^^^^^^^^^^^^^^^^^^^^^^^^^^^^^^^^^^^^^^^^^^^
C:\Python313\Lib\importlib\__init__.py:88: in import_module
    return _bootstrap._gcd_import(name[level:], package, level)
           ^^^^^^^^^^^^^^^^^^^^^^^^^^^^^^^^^^^^^^^^^^^^^^^^^^^^
&lt;frozen importlib._bootstrap&gt;:1387: in _gcd_import
    ???
&lt;frozen importlib._bootstrap&gt;:1360: in _find_and_load
    ???
&lt;frozen importlib._bootstrap&gt;:1310: in _find_and_load_unlocked
    ???
&lt;frozen importlib._bootstrap&gt;:488: in _call_with_frames_removed
    ???
&lt;frozen importlib._bootstrap&gt;:1387: in _gcd_import
    ???
&lt;frozen importlib._bootstrap&gt;:1360: in _find_and_load
    ???
&lt;frozen importlib._bootstrap&gt;:1324: in _find_and_load_unlocked
    ???
E   ModuleNotFoundError: No module named 'agents.research'</failure></testcase><testcase classname="work.blog-generator.v10.tests.unit.test_agents_contracts" name="test_contract_shapes[DuplicationCheckAgent]" time="0.001"><failure message="ModuleNotFoundError: No module named 'agents.research'">tests\unit\test_agents_contracts.py:422: in test_contract_shapes
    agent, cfg, bus = instantiate_agent(agent_info)
                      ^^^^^^^^^^^^^^^^^^^^^^^^^^^^^
tests\unit\test_agents_contracts.py:390: in instantiate_agent
    mod = importlib.import_module(agent_info["module"])
          ^^^^^^^^^^^^^^^^^^^^^^^^^^^^^^^^^^^^^^^^^^^^^
C:\Python313\Lib\importlib\__init__.py:88: in import_module
    return _bootstrap._gcd_import(name[level:], package, level)
           ^^^^^^^^^^^^^^^^^^^^^^^^^^^^^^^^^^^^^^^^^^^^^^^^^^^^
&lt;frozen importlib._bootstrap&gt;:1387: in _gcd_import
    ???
&lt;frozen importlib._bootstrap&gt;:1360: in _find_and_load
    ???
&lt;frozen importlib._bootstrap&gt;:1310: in _find_and_load_unlocked
    ???
&lt;frozen importlib._bootstrap&gt;:488: in _call_with_frames_removed
    ???
&lt;frozen importlib._bootstrap&gt;:1387: in _gcd_import
    ???
&lt;frozen importlib._bootstrap&gt;:1360: in _find_and_load
    ???
&lt;frozen importlib._bootstrap&gt;:1324: in _find_and_load_unlocked
    ???
E   ModuleNotFoundError: No module named 'agents.research'</failure></testcase><testcase classname="work.blog-generator.v10.tests.unit.test_agents_contracts" name="test_contract_shapes[CodeValidationAgent]" time="0.001"><failure message="ModuleNotFoundError: No module named 'agents.code'">tests\unit\test_agents_contracts.py:422: in test_contract_shapes
    agent, cfg, bus = instantiate_agent(agent_info)
                      ^^^^^^^^^^^^^^^^^^^^^^^^^^^^^
tests\unit\test_agents_contracts.py:390: in instantiate_agent
    mod = importlib.import_module(agent_info["module"])
          ^^^^^^^^^^^^^^^^^^^^^^^^^^^^^^^^^^^^^^^^^^^^^
C:\Python313\Lib\importlib\__init__.py:88: in import_module
    return _bootstrap._gcd_import(name[level:], package, level)
           ^^^^^^^^^^^^^^^^^^^^^^^^^^^^^^^^^^^^^^^^^^^^^^^^^^^^
&lt;frozen importlib._bootstrap&gt;:1387: in _gcd_import
    ???
&lt;frozen importlib._bootstrap&gt;:1360: in _find_and_load
    ???
&lt;frozen importlib._bootstrap&gt;:1310: in _find_and_load_unlocked
    ???
&lt;frozen importlib._bootstrap&gt;:488: in _call_with_frames_removed
    ???
&lt;frozen importlib._bootstrap&gt;:1387: in _gcd_import
    ???
&lt;frozen importlib._bootstrap&gt;:1360: in _find_and_load
    ???
&lt;frozen importlib._bootstrap&gt;:1324: in _find_and_load_unlocked
    ???
E   ModuleNotFoundError: No module named 'agents.code'</failure></testcase><testcase classname="work.blog-generator.v10.tests.unit.test_agents_contracts" name="test_contract_shapes[CodeSplittingAgent]" time="0.001"><failure message="ModuleNotFoundError: No module named 'agents.code'">tests\unit\test_agents_contracts.py:422: in test_contract_shapes
    agent, cfg, bus = instantiate_agent(agent_info)
                      ^^^^^^^^^^^^^^^^^^^^^^^^^^^^^
tests\unit\test_agents_contracts.py:390: in instantiate_agent
    mod = importlib.import_module(agent_info["module"])
          ^^^^^^^^^^^^^^^^^^^^^^^^^^^^^^^^^^^^^^^^^^^^^
C:\Python313\Lib\importlib\__init__.py:88: in import_module
    return _bootstrap._gcd_import(name[level:], package, level)
           ^^^^^^^^^^^^^^^^^^^^^^^^^^^^^^^^^^^^^^^^^^^^^^^^^^^^
&lt;frozen importlib._bootstrap&gt;:1387: in _gcd_import
    ???
&lt;frozen importlib._bootstrap&gt;:1360: in _find_and_load
    ???
&lt;frozen importlib._bootstrap&gt;:1310: in _find_and_load_unlocked
    ???
&lt;frozen importlib._bootstrap&gt;:488: in _call_with_frames_removed
    ???
&lt;frozen importlib._bootstrap&gt;:1387: in _gcd_import
    ???
&lt;frozen importlib._bootstrap&gt;:1360: in _find_and_load
    ???
&lt;frozen importlib._bootstrap&gt;:1324: in _find_and_load_unlocked
    ???
E   ModuleNotFoundError: No module named 'agents.code'</failure></testcase><testcase classname="work.blog-generator.v10.tests.unit.test_agents_contracts" name="test_contract_shapes[LicenseInjectionAgent]" time="0.001"><failure message="ModuleNotFoundError: No module named 'agents.code'">tests\unit\test_agents_contracts.py:422: in test_contract_shapes
    agent, cfg, bus = instantiate_agent(agent_info)
                      ^^^^^^^^^^^^^^^^^^^^^^^^^^^^^
tests\unit\test_agents_contracts.py:390: in instantiate_agent
    mod = importlib.import_module(agent_info["module"])
          ^^^^^^^^^^^^^^^^^^^^^^^^^^^^^^^^^^^^^^^^^^^^^
C:\Python313\Lib\importlib\__init__.py:88: in import_module
    return _bootstrap._gcd_import(name[level:], package, level)
           ^^^^^^^^^^^^^^^^^^^^^^^^^^^^^^^^^^^^^^^^^^^^^^^^^^^^
&lt;frozen importlib._bootstrap&gt;:1387: in _gcd_import
    ???
&lt;frozen importlib._bootstrap&gt;:1360: in _find_and_load
    ???
&lt;frozen importlib._bootstrap&gt;:1310: in _find_and_load_unlocked
    ???
&lt;frozen importlib._bootstrap&gt;:488: in _call_with_frames_removed
    ???
&lt;frozen importlib._bootstrap&gt;:1387: in _gcd_import
    ???
&lt;frozen importlib._bootstrap&gt;:1360: in _find_and_load
    ???
&lt;frozen importlib._bootstrap&gt;:1324: in _find_and_load_unlocked
    ???
E   ModuleNotFoundError: No module named 'agents.code'</failure></testcase><testcase classname="work.blog-generator.v10.tests.unit.test_agents_contracts" name="test_contract_shapes[CodeGenerationAgent]" time="0.001"><failure message="ModuleNotFoundError: No module named 'agents.code'">tests\unit\test_agents_contracts.py:422: in test_contract_shapes
    agent, cfg, bus = instantiate_agent(agent_info)
                      ^^^^^^^^^^^^^^^^^^^^^^^^^^^^^
tests\unit\test_agents_contracts.py:390: in instantiate_agent
    mod = importlib.import_module(agent_info["module"])
          ^^^^^^^^^^^^^^^^^^^^^^^^^^^^^^^^^^^^^^^^^^^^^
C:\Python313\Lib\importlib\__init__.py:88: in import_module
    return _bootstrap._gcd_import(name[level:], package, level)
           ^^^^^^^^^^^^^^^^^^^^^^^^^^^^^^^^^^^^^^^^^^^^^^^^^^^^
&lt;frozen importlib._bootstrap&gt;:1387: in _gcd_import
    ???
&lt;frozen importlib._bootstrap&gt;:1360: in _find_and_load
    ???
&lt;frozen importlib._bootstrap&gt;:1310: in _find_and_load_unlocked
    ???
&lt;frozen importlib._bootstrap&gt;:488: in _call_with_frames_removed
    ???
&lt;frozen importlib._bootstrap&gt;:1387: in _gcd_import
    ???
&lt;frozen importlib._bootstrap&gt;:1360: in _find_and_load
    ???
&lt;frozen importlib._bootstrap&gt;:1324: in _find_and_load_unlocked
    ???
E   ModuleNotFoundError: No module named 'agents.code'</failure></testcase><testcase classname="work.blog-generator.v10.tests.unit.test_agents_contracts" name="test_contract_shapes[CodeExtractionAgent]" time="0.001"><failure message="ModuleNotFoundError: No module named 'agents.code'">tests\unit\test_agents_contracts.py:422: in test_contract_shapes
    agent, cfg, bus = instantiate_agent(agent_info)
                      ^^^^^^^^^^^^^^^^^^^^^^^^^^^^^
tests\unit\test_agents_contracts.py:390: in instantiate_agent
    mod = importlib.import_module(agent_info["module"])
          ^^^^^^^^^^^^^^^^^^^^^^^^^^^^^^^^^^^^^^^^^^^^^
C:\Python313\Lib\importlib\__init__.py:88: in import_module
    return _bootstrap._gcd_import(name[level:], package, level)
           ^^^^^^^^^^^^^^^^^^^^^^^^^^^^^^^^^^^^^^^^^^^^^^^^^^^^
&lt;frozen importlib._bootstrap&gt;:1387: in _gcd_import
    ???
&lt;frozen importlib._bootstrap&gt;:1360: in _find_and_load
    ???
&lt;frozen importlib._bootstrap&gt;:1310: in _find_and_load_unlocked
    ???
&lt;frozen importlib._bootstrap&gt;:488: in _call_with_frames_removed
    ???
&lt;frozen importlib._bootstrap&gt;:1387: in _gcd_import
    ???
&lt;frozen importlib._bootstrap&gt;:1360: in _find_and_load
    ???
&lt;frozen importlib._bootstrap&gt;:1324: in _find_and_load_unlocked
    ???
E   ModuleNotFoundError: No module named 'agents.code'</failure></testcase><testcase classname="work.blog-generator.v10.tests.unit.test_agents_contracts" name="test_contract_shapes[BlogIngestionAgent]" time="0.001"><failure message="ModuleNotFoundError: No module named 'agents.ingestion'">tests\unit\test_agents_contracts.py:422: in test_contract_shapes
    agent, cfg, bus = instantiate_agent(agent_info)
                      ^^^^^^^^^^^^^^^^^^^^^^^^^^^^^
tests\unit\test_agents_contracts.py:390: in instantiate_agent
    mod = importlib.import_module(agent_info["module"])
          ^^^^^^^^^^^^^^^^^^^^^^^^^^^^^^^^^^^^^^^^^^^^^
C:\Python313\Lib\importlib\__init__.py:88: in import_module
    return _bootstrap._gcd_import(name[level:], package, level)
           ^^^^^^^^^^^^^^^^^^^^^^^^^^^^^^^^^^^^^^^^^^^^^^^^^^^^
&lt;frozen importlib._bootstrap&gt;:1387: in _gcd_import
    ???
&lt;frozen importlib._bootstrap&gt;:1360: in _find_and_load
    ???
&lt;frozen importlib._bootstrap&gt;:1310: in _find_and_load_unlocked
    ???
&lt;frozen importlib._bootstrap&gt;:488: in _call_with_frames_removed
    ???
&lt;frozen importlib._bootstrap&gt;:1387: in _gcd_import
    ???
&lt;frozen importlib._bootstrap&gt;:1360: in _find_and_load
    ???
&lt;frozen importlib._bootstrap&gt;:1324: in _find_and_load_unlocked
    ???
E   ModuleNotFoundError: No module named 'agents.ingestion'</failure></testcase><testcase classname="work.blog-generator.v10.tests.unit.test_agents_contracts" name="test_contract_shapes[KBIngestionAgent]" time="0.001"><failure message="ModuleNotFoundError: No module named 'agents.ingestion'">tests\unit\test_agents_contracts.py:422: in test_contract_shapes
    agent, cfg, bus = instantiate_agent(agent_info)
                      ^^^^^^^^^^^^^^^^^^^^^^^^^^^^^
tests\unit\test_agents_contracts.py:390: in instantiate_agent
    mod = importlib.import_module(agent_info["module"])
          ^^^^^^^^^^^^^^^^^^^^^^^^^^^^^^^^^^^^^^^^^^^^^
C:\Python313\Lib\importlib\__init__.py:88: in import_module
    return _bootstrap._gcd_import(name[level:], package, level)
           ^^^^^^^^^^^^^^^^^^^^^^^^^^^^^^^^^^^^^^^^^^^^^^^^^^^^
&lt;frozen importlib._bootstrap&gt;:1387: in _gcd_import
    ???
&lt;frozen importlib._bootstrap&gt;:1360: in _find_and_load
    ???
&lt;frozen importlib._bootstrap&gt;:1310: in _find_and_load_unlocked
    ???
&lt;frozen importlib._bootstrap&gt;:488: in _call_with_frames_removed
    ???
&lt;frozen importlib._bootstrap&gt;:1387: in _gcd_import
    ???
&lt;frozen importlib._bootstrap&gt;:1360: in _find_and_load
    ???
&lt;frozen importlib._bootstrap&gt;:1324: in _find_and_load_unlocked
    ???
E   ModuleNotFoundError: No module named 'agents.ingestion'</failure></testcase><testcase classname="work.blog-generator.v10.tests.unit.test_agents_contracts" name="test_contract_shapes[APIIngestionAgent]" time="0.001"><failure message="ModuleNotFoundError: No module named 'agents.ingestion'">tests\unit\test_agents_contracts.py:422: in test_contract_shapes
    agent, cfg, bus = instantiate_agent(agent_info)
                      ^^^^^^^^^^^^^^^^^^^^^^^^^^^^^
tests\unit\test_agents_contracts.py:390: in instantiate_agent
    mod = importlib.import_module(agent_info["module"])
          ^^^^^^^^^^^^^^^^^^^^^^^^^^^^^^^^^^^^^^^^^^^^^
C:\Python313\Lib\importlib\__init__.py:88: in import_module
    return _bootstrap._gcd_import(name[level:], package, level)
           ^^^^^^^^^^^^^^^^^^^^^^^^^^^^^^^^^^^^^^^^^^^^^^^^^^^^
&lt;frozen importlib._bootstrap&gt;:1387: in _gcd_import
    ???
&lt;frozen importlib._bootstrap&gt;:1360: in _find_and_load
    ???
&lt;frozen importlib._bootstrap&gt;:1310: in _find_and_load_unlocked
    ???
&lt;frozen importlib._bootstrap&gt;:488: in _call_with_frames_removed
    ???
&lt;frozen importlib._bootstrap&gt;:1387: in _gcd_import
    ???
&lt;frozen importlib._bootstrap&gt;:1360: in _find_and_load
    ???
&lt;frozen importlib._bootstrap&gt;:1324: in _find_and_load_unlocked
    ???
E   ModuleNotFoundError: No module named 'agents.ingestion'</failure></testcase><testcase classname="work.blog-generator.v10.tests.unit.test_agents_contracts" name="test_contract_shapes[SupplementaryContentAgent]" time="0.001"><failure message="ModuleNotFoundError: No module named 'agents.content'">tests\unit\test_agents_contracts.py:422: in test_contract_shapes
    agent, cfg, bus = instantiate_agent(agent_info)
                      ^^^^^^^^^^^^^^^^^^^^^^^^^^^^^
tests\unit\test_agents_contracts.py:390: in instantiate_agent
    mod = importlib.import_module(agent_info["module"])
          ^^^^^^^^^^^^^^^^^^^^^^^^^^^^^^^^^^^^^^^^^^^^^
C:\Python313\Lib\importlib\__init__.py:88: in import_module
    return _bootstrap._gcd_import(name[level:], package, level)
           ^^^^^^^^^^^^^^^^^^^^^^^^^^^^^^^^^^^^^^^^^^^^^^^^^^^^
&lt;frozen importlib._bootstrap&gt;:1387: in _gcd_import
    ???
&lt;frozen importlib._bootstrap&gt;:1360: in _find_and_load
    ???
&lt;frozen importlib._bootstrap&gt;:1310: in _find_and_load_unlocked
    ???
&lt;frozen importlib._bootstrap&gt;:488: in _call_with_frames_removed
    ???
&lt;frozen importlib._bootstrap&gt;:1387: in _gcd_import
    ???
&lt;frozen importlib._bootstrap&gt;:1360: in _find_and_load
    ???
&lt;frozen importlib._bootstrap&gt;:1324: in _find_and_load_unlocked
    ???
E   ModuleNotFoundError: No module named 'agents.content'</failure></testcase><testcase classname="work.blog-generator.v10.tests.unit.test_agents_contracts" name="test_contract_shapes[IntroductionWriterAgent]" time="0.001"><failure message="ModuleNotFoundError: No module named 'agents.content'">tests\unit\test_agents_contracts.py:422: in test_contract_shapes
    agent, cfg, bus = instantiate_agent(agent_info)
                      ^^^^^^^^^^^^^^^^^^^^^^^^^^^^^
tests\unit\test_agents_contracts.py:390: in instantiate_agent
    mod = importlib.import_module(agent_info["module"])
          ^^^^^^^^^^^^^^^^^^^^^^^^^^^^^^^^^^^^^^^^^^^^^
C:\Python313\Lib\importlib\__init__.py:88: in import_module
    return _bootstrap._gcd_import(name[level:], package, level)
           ^^^^^^^^^^^^^^^^^^^^^^^^^^^^^^^^^^^^^^^^^^^^^^^^^^^^
&lt;frozen importlib._bootstrap&gt;:1387: in _gcd_import
    ???
&lt;frozen importlib._bootstrap&gt;:1360: in _find_and_load
    ???
&lt;frozen importlib._bootstrap&gt;:1310: in _find_and_load_unlocked
    ???
&lt;frozen importlib._bootstrap&gt;:488: in _call_with_frames_removed
    ???
&lt;frozen importlib._bootstrap&gt;:1387: in _gcd_import
    ???
&lt;frozen importlib._bootstrap&gt;:1360: in _find_and_load
    ???
&lt;frozen importlib._bootstrap&gt;:1324: in _find_and_load_unlocked
    ???
E   ModuleNotFoundError: No module named 'agents.content'</failure></testcase><testcase classname="work.blog-generator.v10.tests.unit.test_agents_contracts" name="test_contract_shapes[SectionWriterAgent]" time="0.001"><failure message="ModuleNotFoundError: No module named 'agents.content'">tests\unit\test_agents_contracts.py:422: in test_contract_shapes
    agent, cfg, bus = instantiate_agent(agent_info)
                      ^^^^^^^^^^^^^^^^^^^^^^^^^^^^^
tests\unit\test_agents_contracts.py:390: in instantiate_agent
    mod = importlib.import_module(agent_info["module"])
          ^^^^^^^^^^^^^^^^^^^^^^^^^^^^^^^^^^^^^^^^^^^^^
C:\Python313\Lib\importlib\__init__.py:88: in import_module
    return _bootstrap._gcd_import(name[level:], package, level)
           ^^^^^^^^^^^^^^^^^^^^^^^^^^^^^^^^^^^^^^^^^^^^^^^^^^^^
&lt;frozen importlib._bootstrap&gt;:1387: in _gcd_import
    ???
&lt;frozen importlib._bootstrap&gt;:1360: in _find_and_load
    ???
&lt;frozen importlib._bootstrap&gt;:1310: in _find_and_load_unlocked
    ???
&lt;frozen importlib._bootstrap&gt;:488: in _call_with_frames_removed
    ???
&lt;frozen importlib._bootstrap&gt;:1387: in _gcd_import
    ???
&lt;frozen importlib._bootstrap&gt;:1360: in _find_and_load
    ???
&lt;frozen importlib._bootstrap&gt;:1324: in _find_and_load_unlocked
    ???
E   ModuleNotFoundError: No module named 'agents.content'</failure></testcase><testcase classname="work.blog-generator.v10.tests.unit.test_agents_contracts" name="test_contract_shapes[OutlineCreationAgent]" time="0.001"><failure message="ModuleNotFoundError: No module named 'agents.content'">tests\unit\test_agents_contracts.py:422: in test_contract_shapes
    agent, cfg, bus = instantiate_agent(agent_info)
                      ^^^^^^^^^^^^^^^^^^^^^^^^^^^^^
tests\unit\test_agents_contracts.py:390: in instantiate_agent
    mod = importlib.import_module(agent_info["module"])
          ^^^^^^^^^^^^^^^^^^^^^^^^^^^^^^^^^^^^^^^^^^^^^
C:\Python313\Lib\importlib\__init__.py:88: in import_module
    return _bootstrap._gcd_import(name[level:], package, level)
           ^^^^^^^^^^^^^^^^^^^^^^^^^^^^^^^^^^^^^^^^^^^^^^^^^^^^
&lt;frozen importlib._bootstrap&gt;:1387: in _gcd_import
    ???
&lt;frozen importlib._bootstrap&gt;:1360: in _find_and_load
    ???
&lt;frozen importlib._bootstrap&gt;:1310: in _find_and_load_unlocked
    ???
&lt;frozen importlib._bootstrap&gt;:488: in _call_with_frames_removed
    ???
&lt;frozen importlib._bootstrap&gt;:1387: in _gcd_import
    ???
&lt;frozen importlib._bootstrap&gt;:1360: in _find_and_load
    ???
&lt;frozen importlib._bootstrap&gt;:1324: in _find_and_load_unlocked
    ???
E   ModuleNotFoundError: No module named 'agents.content'</failure></testcase><testcase classname="work.blog-generator.v10.tests.unit.test_agents_contracts" name="test_contract_shapes[ContentAssemblyAgent]" time="0.001"><failure message="ModuleNotFoundError: No module named 'agents.content'">tests\unit\test_agents_contracts.py:422: in test_contract_shapes
    agent, cfg, bus = instantiate_agent(agent_info)
                      ^^^^^^^^^^^^^^^^^^^^^^^^^^^^^
tests\unit\test_agents_contracts.py:390: in instantiate_agent
    mod = importlib.import_module(agent_info["module"])
          ^^^^^^^^^^^^^^^^^^^^^^^^^^^^^^^^^^^^^^^^^^^^^
C:\Python313\Lib\importlib\__init__.py:88: in import_module
    return _bootstrap._gcd_import(name[level:], package, level)
           ^^^^^^^^^^^^^^^^^^^^^^^^^^^^^^^^^^^^^^^^^^^^^^^^^^^^
&lt;frozen importlib._bootstrap&gt;:1387: in _gcd_import
    ???
&lt;frozen importlib._bootstrap&gt;:1360: in _find_and_load
    ???
&lt;frozen importlib._bootstrap&gt;:1310: in _find_and_load_unlocked
    ???
&lt;frozen importlib._bootstrap&gt;:488: in _call_with_frames_removed
    ???
&lt;frozen importlib._bootstrap&gt;:1387: in _gcd_import
    ???
&lt;frozen importlib._bootstrap&gt;:1360: in _find_and_load
    ???
&lt;frozen importlib._bootstrap&gt;:1324: in _find_and_load_unlocked
    ???
E   ModuleNotFoundError: No module named 'agents.content'</failure></testcase><testcase classname="work.blog-generator.v10.tests.unit.test_agents_contracts" name="test_contract_shapes[ConclusionWriterAgent]" time="0.001"><failure message="ModuleNotFoundError: No module named 'agents.content'">tests\unit\test_agents_contracts.py:422: in test_contract_shapes
    agent, cfg, bus = instantiate_agent(agent_info)
                      ^^^^^^^^^^^^^^^^^^^^^^^^^^^^^
tests\unit\test_agents_contracts.py:390: in instantiate_agent
    mod = importlib.import_module(agent_info["module"])
          ^^^^^^^^^^^^^^^^^^^^^^^^^^^^^^^^^^^^^^^^^^^^^
C:\Python313\Lib\importlib\__init__.py:88: in import_module
    return _bootstrap._gcd_import(name[level:], package, level)
           ^^^^^^^^^^^^^^^^^^^^^^^^^^^^^^^^^^^^^^^^^^^^^^^^^^^^
&lt;frozen importlib._bootstrap&gt;:1387: in _gcd_import
    ???
&lt;frozen importlib._bootstrap&gt;:1360: in _find_and_load
    ???
&lt;frozen importlib._bootstrap&gt;:1310: in _find_and_load_unlocked
    ???
&lt;frozen importlib._bootstrap&gt;:488: in _call_with_frames_removed
    ???
&lt;frozen importlib._bootstrap&gt;:1387: in _gcd_import
    ???
&lt;frozen importlib._bootstrap&gt;:1360: in _find_and_load
    ???
&lt;frozen importlib._bootstrap&gt;:1324: in _find_and_load_unlocked
    ???
E   ModuleNotFoundError: No module named 'agents.content'</failure></testcase><testcase classname="work.blog-generator.v10.tests.unit.test_agents_contracts" name="test_contract_shapes[LinkValidationAgent]" time="0.001"><failure message="ModuleNotFoundError: No module named 'agents.publishing'">tests\unit\test_agents_contracts.py:422: in test_contract_shapes
    agent, cfg, bus = instantiate_agent(agent_info)
                      ^^^^^^^^^^^^^^^^^^^^^^^^^^^^^
tests\unit\test_agents_contracts.py:390: in instantiate_agent
    mod = importlib.import_module(agent_info["module"])
          ^^^^^^^^^^^^^^^^^^^^^^^^^^^^^^^^^^^^^^^^^^^^^
C:\Python313\Lib\importlib\__init__.py:88: in import_module
    return _bootstrap._gcd_import(name[level:], package, level)
           ^^^^^^^^^^^^^^^^^^^^^^^^^^^^^^^^^^^^^^^^^^^^^^^^^^^^
&lt;frozen importlib._bootstrap&gt;:1387: in _gcd_import
    ???
&lt;frozen importlib._bootstrap&gt;:1360: in _find_and_load
    ???
&lt;frozen importlib._bootstrap&gt;:1310: in _find_and_load_unlocked
    ???
&lt;frozen importlib._bootstrap&gt;:488: in _call_with_frames_removed
    ???
&lt;frozen importlib._bootstrap&gt;:1387: in _gcd_import
    ???
&lt;frozen importlib._bootstrap&gt;:1360: in _find_and_load
    ???
&lt;frozen importlib._bootstrap&gt;:1324: in _find_and_load_unlocked
    ???
E   ModuleNotFoundError: No module named 'agents.publishing'</failure></testcase><testcase classname="work.blog-generator.v10.tests.unit.test_agents_contracts" name="test_contract_shapes[GistUploadAgent]" time="0.001"><failure message="ModuleNotFoundError: No module named 'agents.publishing'">tests\unit\test_agents_contracts.py:422: in test_contract_shapes
    agent, cfg, bus = instantiate_agent(agent_info)
                      ^^^^^^^^^^^^^^^^^^^^^^^^^^^^^
tests\unit\test_agents_contracts.py:390: in instantiate_agent
    mod = importlib.import_module(agent_info["module"])
          ^^^^^^^^^^^^^^^^^^^^^^^^^^^^^^^^^^^^^^^^^^^^^
C:\Python313\Lib\importlib\__init__.py:88: in import_module
    return _bootstrap._gcd_import(name[level:], package, level)
           ^^^^^^^^^^^^^^^^^^^^^^^^^^^^^^^^^^^^^^^^^^^^^^^^^^^^
&lt;frozen importlib._bootstrap&gt;:1387: in _gcd_import
    ???
&lt;frozen importlib._bootstrap&gt;:1360: in _find_and_load
    ???
&lt;frozen importlib._bootstrap&gt;:1310: in _find_and_load_unlocked
    ???
&lt;frozen importlib._bootstrap&gt;:488: in _call_with_frames_removed
    ???
&lt;frozen importlib._bootstrap&gt;:1387: in _gcd_import
    ???
&lt;frozen importlib._bootstrap&gt;:1360: in _find_and_load
    ???
&lt;frozen importlib._bootstrap&gt;:1324: in _find_and_load_unlocked
    ???
E   ModuleNotFoundError: No module named 'agents.publishing'</failure></testcase><testcase classname="work.blog-generator.v10.tests.unit.test_agents_contracts" name="test_contract_shapes[GistREADMEAgent]" time="0.001"><failure message="ModuleNotFoundError: No module named 'agents.publishing'">tests\unit\test_agents_contracts.py:422: in test_contract_shapes
    agent, cfg, bus = instantiate_agent(agent_info)
                      ^^^^^^^^^^^^^^^^^^^^^^^^^^^^^
tests\unit\test_agents_contracts.py:390: in instantiate_agent
    mod = importlib.import_module(agent_info["module"])
          ^^^^^^^^^^^^^^^^^^^^^^^^^^^^^^^^^^^^^^^^^^^^^
C:\Python313\Lib\importlib\__init__.py:88: in import_module
    return _bootstrap._gcd_import(name[level:], package, level)
           ^^^^^^^^^^^^^^^^^^^^^^^^^^^^^^^^^^^^^^^^^^^^^^^^^^^^
&lt;frozen importlib._bootstrap&gt;:1387: in _gcd_import
    ???
&lt;frozen importlib._bootstrap&gt;:1360: in _find_and_load
    ???
&lt;frozen importlib._bootstrap&gt;:1310: in _find_and_load_unlocked
    ???
&lt;frozen importlib._bootstrap&gt;:488: in _call_with_frames_removed
    ???
&lt;frozen importlib._bootstrap&gt;:1387: in _gcd_import
    ???
&lt;frozen importlib._bootstrap&gt;:1360: in _find_and_load
    ???
&lt;frozen importlib._bootstrap&gt;:1324: in _find_and_load_unlocked
    ???
E   ModuleNotFoundError: No module named 'agents.publishing'</failure></testcase><testcase classname="work.blog-generator.v10.tests.unit.test_agents_contracts" name="test_contract_shapes[FileWriterAgent]" time="0.001"><failure message="ModuleNotFoundError: No module named 'agents.publishing'">tests\unit\test_agents_contracts.py:422: in test_contract_shapes
    agent, cfg, bus = instantiate_agent(agent_info)
                      ^^^^^^^^^^^^^^^^^^^^^^^^^^^^^
tests\unit\test_agents_contracts.py:390: in instantiate_agent
    mod = importlib.import_module(agent_info["module"])
          ^^^^^^^^^^^^^^^^^^^^^^^^^^^^^^^^^^^^^^^^^^^^^
C:\Python313\Lib\importlib\__init__.py:88: in import_module
    return _bootstrap._gcd_import(name[level:], package, level)
           ^^^^^^^^^^^^^^^^^^^^^^^^^^^^^^^^^^^^^^^^^^^^^^^^^^^^
&lt;frozen importlib._bootstrap&gt;:1387: in _gcd_import
    ???
&lt;frozen importlib._bootstrap&gt;:1360: in _find_and_load
    ???
&lt;frozen importlib._bootstrap&gt;:1310: in _find_and_load_unlocked
    ???
&lt;frozen importlib._bootstrap&gt;:488: in _call_with_frames_removed
    ???
&lt;frozen importlib._bootstrap&gt;:1387: in _gcd_import
    ???
&lt;frozen importlib._bootstrap&gt;:1360: in _find_and_load
    ???
&lt;frozen importlib._bootstrap&gt;:1324: in _find_and_load_unlocked
    ???
E   ModuleNotFoundError: No module named 'agents.publishing'</failure></testcase><testcase classname="work.blog-generator.v10.tests.unit.test_agents_contracts" name="test_contract_shapes[FrontmatterAgent]" time="0.001"><failure message="ModuleNotFoundError: No module named 'agents.publishing'">tests\unit\test_agents_contracts.py:422: in test_contract_shapes
    agent, cfg, bus = instantiate_agent(agent_info)
                      ^^^^^^^^^^^^^^^^^^^^^^^^^^^^^
tests\unit\test_agents_contracts.py:390: in instantiate_agent
    mod = importlib.import_module(agent_info["module"])
          ^^^^^^^^^^^^^^^^^^^^^^^^^^^^^^^^^^^^^^^^^^^^^
C:\Python313\Lib\importlib\__init__.py:88: in import_module
    return _bootstrap._gcd_import(name[level:], package, level)
           ^^^^^^^^^^^^^^^^^^^^^^^^^^^^^^^^^^^^^^^^^^^^^^^^^^^^
&lt;frozen importlib._bootstrap&gt;:1387: in _gcd_import
    ???
&lt;frozen importlib._bootstrap&gt;:1360: in _find_and_load
    ???
&lt;frozen importlib._bootstrap&gt;:1310: in _find_and_load_unlocked
    ???
&lt;frozen importlib._bootstrap&gt;:488: in _call_with_frames_removed
    ???
&lt;frozen importlib._bootstrap&gt;:1387: in _gcd_import
    ???
&lt;frozen importlib._bootstrap&gt;:1360: in _find_and_load
    ???
&lt;frozen importlib._bootstrap&gt;:1324: in _find_and_load_unlocked
    ???
E   ModuleNotFoundError: No module named 'agents.publishing'</failure></testcase><testcase classname="work.blog-generator.v10.tests.unit.test_agents_contracts" name="test_contract_shapes[ModelSelectionAgent]" time="0.001"><failure message="ModuleNotFoundError: No module named 'agents.support'">tests\unit\test_agents_contracts.py:422: in test_contract_shapes
    agent, cfg, bus = instantiate_agent(agent_info)
                      ^^^^^^^^^^^^^^^^^^^^^^^^^^^^^
tests\unit\test_agents_contracts.py:390: in instantiate_agent
    mod = importlib.import_module(agent_info["module"])
          ^^^^^^^^^^^^^^^^^^^^^^^^^^^^^^^^^^^^^^^^^^^^^
C:\Python313\Lib\importlib\__init__.py:88: in import_module
    return _bootstrap._gcd_import(name[level:], package, level)
           ^^^^^^^^^^^^^^^^^^^^^^^^^^^^^^^^^^^^^^^^^^^^^^^^^^^^
&lt;frozen importlib._bootstrap&gt;:1387: in _gcd_import
    ???
&lt;frozen importlib._bootstrap&gt;:1360: in _find_and_load
    ???
&lt;frozen importlib._bootstrap&gt;:1310: in _find_and_load_unlocked
    ???
&lt;frozen importlib._bootstrap&gt;:488: in _call_with_frames_removed
    ???
&lt;frozen importlib._bootstrap&gt;:1387: in _gcd_import
    ???
&lt;frozen importlib._bootstrap&gt;:1360: in _find_and_load
    ???
&lt;frozen importlib._bootstrap&gt;:1324: in _find_and_load_unlocked
    ???
E   ModuleNotFoundError: No module named 'agents.support'</failure></testcase><testcase classname="work.blog-generator.v10.tests.unit.test_agents_contracts" name="test_contract_shapes[ErrorRecoveryAgent]" time="0.001"><failure message="ModuleNotFoundError: No module named 'agents.support'">tests\unit\test_agents_contracts.py:422: in test_contract_shapes
    agent, cfg, bus = instantiate_agent(agent_info)
                      ^^^^^^^^^^^^^^^^^^^^^^^^^^^^^
tests\unit\test_agents_contracts.py:390: in instantiate_agent
    mod = importlib.import_module(agent_info["module"])
          ^^^^^^^^^^^^^^^^^^^^^^^^^^^^^^^^^^^^^^^^^^^^^
C:\Python313\Lib\importlib\__init__.py:88: in import_module
    return _bootstrap._gcd_import(name[level:], package, level)
           ^^^^^^^^^^^^^^^^^^^^^^^^^^^^^^^^^^^^^^^^^^^^^^^^^^^^
&lt;frozen importlib._bootstrap&gt;:1387: in _gcd_import
    ???
&lt;frozen importlib._bootstrap&gt;:1360: in _find_and_load
    ???
&lt;frozen importlib._bootstrap&gt;:1310: in _find_and_load_unlocked
    ???
&lt;frozen importlib._bootstrap&gt;:488: in _call_with_frames_removed
    ???
&lt;frozen importlib._bootstrap&gt;:1387: in _gcd_import
    ???
&lt;frozen importlib._bootstrap&gt;:1360: in _find_and_load
    ???
&lt;frozen importlib._bootstrap&gt;:1324: in _find_and_load_unlocked
    ???
E   ModuleNotFoundError: No module named 'agents.support'</failure></testcase><testcase classname="work.blog-generator.v10.tests.unit.test_agents_contracts" name="test_contract_shapes[KeywordExtractionAgent]" time="0.001"><failure message="ModuleNotFoundError: No module named 'agents.seo'">tests\unit\test_agents_contracts.py:422: in test_contract_shapes
    agent, cfg, bus = instantiate_agent(agent_info)
                      ^^^^^^^^^^^^^^^^^^^^^^^^^^^^^
tests\unit\test_agents_contracts.py:390: in instantiate_agent
    mod = importlib.import_module(agent_info["module"])
          ^^^^^^^^^^^^^^^^^^^^^^^^^^^^^^^^^^^^^^^^^^^^^
C:\Python313\Lib\importlib\__init__.py:88: in import_module
    return _bootstrap._gcd_import(name[level:], package, level)
           ^^^^^^^^^^^^^^^^^^^^^^^^^^^^^^^^^^^^^^^^^^^^^^^^^^^^
&lt;frozen importlib._bootstrap&gt;:1387: in _gcd_import
    ???
&lt;frozen importlib._bootstrap&gt;:1360: in _find_and_load
    ???
&lt;frozen importlib._bootstrap&gt;:1310: in _find_and_load_unlocked
    ???
&lt;frozen importlib._bootstrap&gt;:488: in _call_with_frames_removed
    ???
&lt;frozen importlib._bootstrap&gt;:1387: in _gcd_import
    ???
&lt;frozen importlib._bootstrap&gt;:1360: in _find_and_load
    ???
&lt;frozen importlib._bootstrap&gt;:1324: in _find_and_load_unlocked
    ???
E   ModuleNotFoundError: No module named 'agents.seo'</failure></testcase><testcase classname="work.blog-generator.v10.tests.unit.test_agents_contracts" name="test_contract_shapes[KeywordInjectionAgent]" time="0.001"><failure message="ModuleNotFoundError: No module named 'agents.seo'">tests\unit\test_agents_contracts.py:422: in test_contract_shapes
    agent, cfg, bus = instantiate_agent(agent_info)
                      ^^^^^^^^^^^^^^^^^^^^^^^^^^^^^
tests\unit\test_agents_contracts.py:390: in instantiate_agent
    mod = importlib.import_module(agent_info["module"])
          ^^^^^^^^^^^^^^^^^^^^^^^^^^^^^^^^^^^^^^^^^^^^^
C:\Python313\Lib\importlib\__init__.py:88: in import_module
    return _bootstrap._gcd_import(name[level:], package, level)
           ^^^^^^^^^^^^^^^^^^^^^^^^^^^^^^^^^^^^^^^^^^^^^^^^^^^^
&lt;frozen importlib._bootstrap&gt;:1387: in _gcd_import
    ???
&lt;frozen importlib._bootstrap&gt;:1360: in _find_and_load
    ???
&lt;frozen importlib._bootstrap&gt;:1310: in _find_and_load_unlocked
    ???
&lt;frozen importlib._bootstrap&gt;:488: in _call_with_frames_removed
    ???
&lt;frozen importlib._bootstrap&gt;:1387: in _gcd_import
    ???
&lt;frozen importlib._bootstrap&gt;:1360: in _find_and_load
    ???
&lt;frozen importlib._bootstrap&gt;:1324: in _find_and_load_unlocked
    ???
E   ModuleNotFoundError: No module named 'agents.seo'</failure></testcase><testcase classname="work.blog-generator.v10.tests.unit.test_agents_contracts" name="test_contract_shapes[SEOMetadataAgent]" time="0.001"><failure message="ModuleNotFoundError: No module named 'agents.seo'">tests\unit\test_agents_contracts.py:422: in test_contract_shapes
    agent, cfg, bus = instantiate_agent(agent_info)
                      ^^^^^^^^^^^^^^^^^^^^^^^^^^^^^
tests\unit\test_agents_contracts.py:390: in instantiate_agent
    mod = importlib.import_module(agent_info["module"])
          ^^^^^^^^^^^^^^^^^^^^^^^^^^^^^^^^^^^^^^^^^^^^^
C:\Python313\Lib\importlib\__init__.py:88: in import_module
    return _bootstrap._gcd_import(name[level:], package, level)
           ^^^^^^^^^^^^^^^^^^^^^^^^^^^^^^^^^^^^^^^^^^^^^^^^^^^^
&lt;frozen importlib._bootstrap&gt;:1387: in _gcd_import
    ???
&lt;frozen importlib._bootstrap&gt;:1360: in _find_and_load
    ???
&lt;frozen importlib._bootstrap&gt;:1310: in _find_and_load_unlocked
    ???
&lt;frozen importlib._bootstrap&gt;:488: in _call_with_frames_removed
    ???
&lt;frozen importlib._bootstrap&gt;:1387: in _gcd_import
    ???
&lt;frozen importlib._bootstrap&gt;:1360: in _find_and_load
    ???
&lt;frozen importlib._bootstrap&gt;:1324: in _find_and_load_unlocked
    ???
E   ModuleNotFoundError: No module named 'agents.seo'</failure></testcase><testcase classname="work.blog-generator.v10.tests.unit.test_agents_contracts" name="test_exec_returns_expected_event_on_ollama[TopicIdentificationAgent]" time="0.001"><failure message="ModuleNotFoundError: No module named 'agents.research'">tests\unit\test_agents_contracts.py:440: in test_exec_returns_expected_event_on_ollama
    agent, cfg, bus = instantiate_agent(agent_info)
                      ^^^^^^^^^^^^^^^^^^^^^^^^^^^^^
tests\unit\test_agents_contracts.py:390: in instantiate_agent
    mod = importlib.import_module(agent_info["module"])
          ^^^^^^^^^^^^^^^^^^^^^^^^^^^^^^^^^^^^^^^^^^^^^
C:\Python313\Lib\importlib\__init__.py:88: in import_module
    return _bootstrap._gcd_import(name[level:], package, level)
           ^^^^^^^^^^^^^^^^^^^^^^^^^^^^^^^^^^^^^^^^^^^^^^^^^^^^
&lt;frozen importlib._bootstrap&gt;:1387: in _gcd_import
    ???
&lt;frozen importlib._bootstrap&gt;:1360: in _find_and_load
    ???
&lt;frozen importlib._bootstrap&gt;:1310: in _find_and_load_unlocked
    ???
&lt;frozen importlib._bootstrap&gt;:488: in _call_with_frames_removed
    ???
&lt;frozen importlib._bootstrap&gt;:1387: in _gcd_import
    ???
&lt;frozen importlib._bootstrap&gt;:1360: in _find_and_load
    ???
&lt;frozen importlib._bootstrap&gt;:1324: in _find_and_load_unlocked
    ???
E   ModuleNotFoundError: No module named 'agents.research'</failure></testcase><testcase classname="work.blog-generator.v10.tests.unit.test_agents_contracts" name="test_exec_returns_expected_event_on_ollama[KBSearchAgent]" time="0.001"><failure message="ModuleNotFoundError: No module named 'agents.research'">tests\unit\test_agents_contracts.py:440: in test_exec_returns_expected_event_on_ollama
    agent, cfg, bus = instantiate_agent(agent_info)
                      ^^^^^^^^^^^^^^^^^^^^^^^^^^^^^
tests\unit\test_agents_contracts.py:390: in instantiate_agent
    mod = importlib.import_module(agent_info["module"])
          ^^^^^^^^^^^^^^^^^^^^^^^^^^^^^^^^^^^^^^^^^^^^^
C:\Python313\Lib\importlib\__init__.py:88: in import_module
    return _bootstrap._gcd_import(name[level:], package, level)
           ^^^^^^^^^^^^^^^^^^^^^^^^^^^^^^^^^^^^^^^^^^^^^^^^^^^^
&lt;frozen importlib._bootstrap&gt;:1387: in _gcd_import
    ???
&lt;frozen importlib._bootstrap&gt;:1360: in _find_and_load
    ???
&lt;frozen importlib._bootstrap&gt;:1310: in _find_and_load_unlocked
    ???
&lt;frozen importlib._bootstrap&gt;:488: in _call_with_frames_removed
    ???
&lt;frozen importlib._bootstrap&gt;:1387: in _gcd_import
    ???
&lt;frozen importlib._bootstrap&gt;:1360: in _find_and_load
    ???
&lt;frozen importlib._bootstrap&gt;:1324: in _find_and_load_unlocked
    ???
E   ModuleNotFoundError: No module named 'agents.research'</failure></testcase><testcase classname="work.blog-generator.v10.tests.unit.test_agents_contracts" name="test_exec_returns_expected_event_on_ollama[BlogSearchAgent]" time="0.001"><failure message="ModuleNotFoundError: No module named 'agents.research'">tests\unit\test_agents_contracts.py:440: in test_exec_returns_expected_event_on_ollama
    agent, cfg, bus = instantiate_agent(agent_info)
                      ^^^^^^^^^^^^^^^^^^^^^^^^^^^^^
tests\unit\test_agents_contracts.py:390: in instantiate_agent
    mod = importlib.import_module(agent_info["module"])
          ^^^^^^^^^^^^^^^^^^^^^^^^^^^^^^^^^^^^^^^^^^^^^
C:\Python313\Lib\importlib\__init__.py:88: in import_module
    return _bootstrap._gcd_import(name[level:], package, level)
           ^^^^^^^^^^^^^^^^^^^^^^^^^^^^^^^^^^^^^^^^^^^^^^^^^^^^
&lt;frozen importlib._bootstrap&gt;:1387: in _gcd_import
    ???
&lt;frozen importlib._bootstrap&gt;:1360: in _find_and_load
    ???
&lt;frozen importlib._bootstrap&gt;:1310: in _find_and_load_unlocked
    ???
&lt;frozen importlib._bootstrap&gt;:488: in _call_with_frames_removed
    ???
&lt;frozen importlib._bootstrap&gt;:1387: in _gcd_import
    ???
&lt;frozen importlib._bootstrap&gt;:1360: in _find_and_load
    ???
&lt;frozen importlib._bootstrap&gt;:1324: in _find_and_load_unlocked
    ???
E   ModuleNotFoundError: No module named 'agents.research'</failure></testcase><testcase classname="work.blog-generator.v10.tests.unit.test_agents_contracts" name="test_exec_returns_expected_event_on_ollama[APISearchAgent]" time="0.001"><failure message="ModuleNotFoundError: No module named 'agents.research'">tests\unit\test_agents_contracts.py:440: in test_exec_returns_expected_event_on_ollama
    agent, cfg, bus = instantiate_agent(agent_info)
                      ^^^^^^^^^^^^^^^^^^^^^^^^^^^^^
tests\unit\test_agents_contracts.py:390: in instantiate_agent
    mod = importlib.import_module(agent_info["module"])
          ^^^^^^^^^^^^^^^^^^^^^^^^^^^^^^^^^^^^^^^^^^^^^
C:\Python313\Lib\importlib\__init__.py:88: in import_module
    return _bootstrap._gcd_import(name[level:], package, level)
           ^^^^^^^^^^^^^^^^^^^^^^^^^^^^^^^^^^^^^^^^^^^^^^^^^^^^
&lt;frozen importlib._bootstrap&gt;:1387: in _gcd_import
    ???
&lt;frozen importlib._bootstrap&gt;:1360: in _find_and_load
    ???
&lt;frozen importlib._bootstrap&gt;:1310: in _find_and_load_unlocked
    ???
&lt;frozen importlib._bootstrap&gt;:488: in _call_with_frames_removed
    ???
&lt;frozen importlib._bootstrap&gt;:1387: in _gcd_import
    ???
&lt;frozen importlib._bootstrap&gt;:1360: in _find_and_load
    ???
&lt;frozen importlib._bootstrap&gt;:1324: in _find_and_load_unlocked
    ???
E   ModuleNotFoundError: No module named 'agents.research'</failure></testcase><testcase classname="work.blog-generator.v10.tests.unit.test_agents_contracts" name="test_exec_returns_expected_event_on_ollama[DuplicationCheckAgent]" time="0.001"><failure message="ModuleNotFoundError: No module named 'agents.research'">tests\unit\test_agents_contracts.py:440: in test_exec_returns_expected_event_on_ollama
    agent, cfg, bus = instantiate_agent(agent_info)
                      ^^^^^^^^^^^^^^^^^^^^^^^^^^^^^
tests\unit\test_agents_contracts.py:390: in instantiate_agent
    mod = importlib.import_module(agent_info["module"])
          ^^^^^^^^^^^^^^^^^^^^^^^^^^^^^^^^^^^^^^^^^^^^^
C:\Python313\Lib\importlib\__init__.py:88: in import_module
    return _bootstrap._gcd_import(name[level:], package, level)
           ^^^^^^^^^^^^^^^^^^^^^^^^^^^^^^^^^^^^^^^^^^^^^^^^^^^^
&lt;frozen importlib._bootstrap&gt;:1387: in _gcd_import
    ???
&lt;frozen importlib._bootstrap&gt;:1360: in _find_and_load
    ???
&lt;frozen importlib._bootstrap&gt;:1310: in _find_and_load_unlocked
    ???
&lt;frozen importlib._bootstrap&gt;:488: in _call_with_frames_removed
    ???
&lt;frozen importlib._bootstrap&gt;:1387: in _gcd_import
    ???
&lt;frozen importlib._bootstrap&gt;:1360: in _find_and_load
    ???
&lt;frozen importlib._bootstrap&gt;:1324: in _find_and_load_unlocked
    ???
E   ModuleNotFoundError: No module named 'agents.research'</failure></testcase><testcase classname="work.blog-generator.v10.tests.unit.test_agents_contracts" name="test_exec_returns_expected_event_on_ollama[CodeValidationAgent]" time="0.001"><failure message="ModuleNotFoundError: No module named 'agents.code'">tests\unit\test_agents_contracts.py:440: in test_exec_returns_expected_event_on_ollama
    agent, cfg, bus = instantiate_agent(agent_info)
                      ^^^^^^^^^^^^^^^^^^^^^^^^^^^^^
tests\unit\test_agents_contracts.py:390: in instantiate_agent
    mod = importlib.import_module(agent_info["module"])
          ^^^^^^^^^^^^^^^^^^^^^^^^^^^^^^^^^^^^^^^^^^^^^
C:\Python313\Lib\importlib\__init__.py:88: in import_module
    return _bootstrap._gcd_import(name[level:], package, level)
           ^^^^^^^^^^^^^^^^^^^^^^^^^^^^^^^^^^^^^^^^^^^^^^^^^^^^
&lt;frozen importlib._bootstrap&gt;:1387: in _gcd_import
    ???
&lt;frozen importlib._bootstrap&gt;:1360: in _find_and_load
    ???
&lt;frozen importlib._bootstrap&gt;:1310: in _find_and_load_unlocked
    ???
&lt;frozen importlib._bootstrap&gt;:488: in _call_with_frames_removed
    ???
&lt;frozen importlib._bootstrap&gt;:1387: in _gcd_import
    ???
&lt;frozen importlib._bootstrap&gt;:1360: in _find_and_load
    ???
&lt;frozen importlib._bootstrap&gt;:1324: in _find_and_load_unlocked
    ???
E   ModuleNotFoundError: No module named 'agents.code'</failure></testcase><testcase classname="work.blog-generator.v10.tests.unit.test_agents_contracts" name="test_exec_returns_expected_event_on_ollama[CodeSplittingAgent]" time="0.001"><failure message="ModuleNotFoundError: No module named 'agents.code'">tests\unit\test_agents_contracts.py:440: in test_exec_returns_expected_event_on_ollama
    agent, cfg, bus = instantiate_agent(agent_info)
                      ^^^^^^^^^^^^^^^^^^^^^^^^^^^^^
tests\unit\test_agents_contracts.py:390: in instantiate_agent
    mod = importlib.import_module(agent_info["module"])
          ^^^^^^^^^^^^^^^^^^^^^^^^^^^^^^^^^^^^^^^^^^^^^
C:\Python313\Lib\importlib\__init__.py:88: in import_module
    return _bootstrap._gcd_import(name[level:], package, level)
           ^^^^^^^^^^^^^^^^^^^^^^^^^^^^^^^^^^^^^^^^^^^^^^^^^^^^
&lt;frozen importlib._bootstrap&gt;:1387: in _gcd_import
    ???
&lt;frozen importlib._bootstrap&gt;:1360: in _find_and_load
    ???
&lt;frozen importlib._bootstrap&gt;:1310: in _find_and_load_unlocked
    ???
&lt;frozen importlib._bootstrap&gt;:488: in _call_with_frames_removed
    ???
&lt;frozen importlib._bootstrap&gt;:1387: in _gcd_import
    ???
&lt;frozen importlib._bootstrap&gt;:1360: in _find_and_load
    ???
&lt;frozen importlib._bootstrap&gt;:1324: in _find_and_load_unlocked
    ???
E   ModuleNotFoundError: No module named 'agents.code'</failure></testcase><testcase classname="work.blog-generator.v10.tests.unit.test_agents_contracts" name="test_exec_returns_expected_event_on_ollama[LicenseInjectionAgent]" time="0.001"><failure message="ModuleNotFoundError: No module named 'agents.code'">tests\unit\test_agents_contracts.py:440: in test_exec_returns_expected_event_on_ollama
    agent, cfg, bus = instantiate_agent(agent_info)
                      ^^^^^^^^^^^^^^^^^^^^^^^^^^^^^
tests\unit\test_agents_contracts.py:390: in instantiate_agent
    mod = importlib.import_module(agent_info["module"])
          ^^^^^^^^^^^^^^^^^^^^^^^^^^^^^^^^^^^^^^^^^^^^^
C:\Python313\Lib\importlib\__init__.py:88: in import_module
    return _bootstrap._gcd_import(name[level:], package, level)
           ^^^^^^^^^^^^^^^^^^^^^^^^^^^^^^^^^^^^^^^^^^^^^^^^^^^^
&lt;frozen importlib._bootstrap&gt;:1387: in _gcd_import
    ???
&lt;frozen importlib._bootstrap&gt;:1360: in _find_and_load
    ???
&lt;frozen importlib._bootstrap&gt;:1310: in _find_and_load_unlocked
    ???
&lt;frozen importlib._bootstrap&gt;:488: in _call_with_frames_removed
    ???
&lt;frozen importlib._bootstrap&gt;:1387: in _gcd_import
    ???
&lt;frozen importlib._bootstrap&gt;:1360: in _find_and_load
    ???
&lt;frozen importlib._bootstrap&gt;:1324: in _find_and_load_unlocked
    ???
E   ModuleNotFoundError: No module named 'agents.code'</failure></testcase><testcase classname="work.blog-generator.v10.tests.unit.test_agents_contracts" name="test_exec_returns_expected_event_on_ollama[CodeGenerationAgent]" time="0.001"><failure message="ModuleNotFoundError: No module named 'agents.code'">tests\unit\test_agents_contracts.py:440: in test_exec_returns_expected_event_on_ollama
    agent, cfg, bus = instantiate_agent(agent_info)
                      ^^^^^^^^^^^^^^^^^^^^^^^^^^^^^
tests\unit\test_agents_contracts.py:390: in instantiate_agent
    mod = importlib.import_module(agent_info["module"])
          ^^^^^^^^^^^^^^^^^^^^^^^^^^^^^^^^^^^^^^^^^^^^^
C:\Python313\Lib\importlib\__init__.py:88: in import_module
    return _bootstrap._gcd_import(name[level:], package, level)
           ^^^^^^^^^^^^^^^^^^^^^^^^^^^^^^^^^^^^^^^^^^^^^^^^^^^^
&lt;frozen importlib._bootstrap&gt;:1387: in _gcd_import
    ???
&lt;frozen importlib._bootstrap&gt;:1360: in _find_and_load
    ???
&lt;frozen importlib._bootstrap&gt;:1310: in _find_and_load_unlocked
    ???
&lt;frozen importlib._bootstrap&gt;:488: in _call_with_frames_removed
    ???
&lt;frozen importlib._bootstrap&gt;:1387: in _gcd_import
    ???
&lt;frozen importlib._bootstrap&gt;:1360: in _find_and_load
    ???
&lt;frozen importlib._bootstrap&gt;:1324: in _find_and_load_unlocked
    ???
E   ModuleNotFoundError: No module named 'agents.code'</failure></testcase><testcase classname="work.blog-generator.v10.tests.unit.test_agents_contracts" name="test_exec_returns_expected_event_on_ollama[CodeExtractionAgent]" time="0.001"><failure message="ModuleNotFoundError: No module named 'agents.code'">tests\unit\test_agents_contracts.py:440: in test_exec_returns_expected_event_on_ollama
    agent, cfg, bus = instantiate_agent(agent_info)
                      ^^^^^^^^^^^^^^^^^^^^^^^^^^^^^
tests\unit\test_agents_contracts.py:390: in instantiate_agent
    mod = importlib.import_module(agent_info["module"])
          ^^^^^^^^^^^^^^^^^^^^^^^^^^^^^^^^^^^^^^^^^^^^^
C:\Python313\Lib\importlib\__init__.py:88: in import_module
    return _bootstrap._gcd_import(name[level:], package, level)
           ^^^^^^^^^^^^^^^^^^^^^^^^^^^^^^^^^^^^^^^^^^^^^^^^^^^^
&lt;frozen importlib._bootstrap&gt;:1387: in _gcd_import
    ???
&lt;frozen importlib._bootstrap&gt;:1360: in _find_and_load
    ???
&lt;frozen importlib._bootstrap&gt;:1310: in _find_and_load_unlocked
    ???
&lt;frozen importlib._bootstrap&gt;:488: in _call_with_frames_removed
    ???
&lt;frozen importlib._bootstrap&gt;:1387: in _gcd_import
    ???
&lt;frozen importlib._bootstrap&gt;:1360: in _find_and_load
    ???
&lt;frozen importlib._bootstrap&gt;:1324: in _find_and_load_unlocked
    ???
E   ModuleNotFoundError: No module named 'agents.code'</failure></testcase><testcase classname="work.blog-generator.v10.tests.unit.test_agents_contracts" name="test_exec_returns_expected_event_on_ollama[BlogIngestionAgent]" time="0.001"><failure message="ModuleNotFoundError: No module named 'agents.ingestion'">tests\unit\test_agents_contracts.py:440: in test_exec_returns_expected_event_on_ollama
    agent, cfg, bus = instantiate_agent(agent_info)
                      ^^^^^^^^^^^^^^^^^^^^^^^^^^^^^
tests\unit\test_agents_contracts.py:390: in instantiate_agent
    mod = importlib.import_module(agent_info["module"])
          ^^^^^^^^^^^^^^^^^^^^^^^^^^^^^^^^^^^^^^^^^^^^^
C:\Python313\Lib\importlib\__init__.py:88: in import_module
    return _bootstrap._gcd_import(name[level:], package, level)
           ^^^^^^^^^^^^^^^^^^^^^^^^^^^^^^^^^^^^^^^^^^^^^^^^^^^^
&lt;frozen importlib._bootstrap&gt;:1387: in _gcd_import
    ???
&lt;frozen importlib._bootstrap&gt;:1360: in _find_and_load
    ???
&lt;frozen importlib._bootstrap&gt;:1310: in _find_and_load_unlocked
    ???
&lt;frozen importlib._bootstrap&gt;:488: in _call_with_frames_removed
    ???
&lt;frozen importlib._bootstrap&gt;:1387: in _gcd_import
    ???
&lt;frozen importlib._bootstrap&gt;:1360: in _find_and_load
    ???
&lt;frozen importlib._bootstrap&gt;:1324: in _find_and_load_unlocked
    ???
E   ModuleNotFoundError: No module named 'agents.ingestion'</failure></testcase><testcase classname="work.blog-generator.v10.tests.unit.test_agents_contracts" name="test_exec_returns_expected_event_on_ollama[KBIngestionAgent]" time="0.001"><failure message="ModuleNotFoundError: No module named 'agents.ingestion'">tests\unit\test_agents_contracts.py:440: in test_exec_returns_expected_event_on_ollama
    agent, cfg, bus = instantiate_agent(agent_info)
                      ^^^^^^^^^^^^^^^^^^^^^^^^^^^^^
tests\unit\test_agents_contracts.py:390: in instantiate_agent
    mod = importlib.import_module(agent_info["module"])
          ^^^^^^^^^^^^^^^^^^^^^^^^^^^^^^^^^^^^^^^^^^^^^
C:\Python313\Lib\importlib\__init__.py:88: in import_module
    return _bootstrap._gcd_import(name[level:], package, level)
           ^^^^^^^^^^^^^^^^^^^^^^^^^^^^^^^^^^^^^^^^^^^^^^^^^^^^
&lt;frozen importlib._bootstrap&gt;:1387: in _gcd_import
    ???
&lt;frozen importlib._bootstrap&gt;:1360: in _find_and_load
    ???
&lt;frozen importlib._bootstrap&gt;:1310: in _find_and_load_unlocked
    ???
&lt;frozen importlib._bootstrap&gt;:488: in _call_with_frames_removed
    ???
&lt;frozen importlib._bootstrap&gt;:1387: in _gcd_import
    ???
&lt;frozen importlib._bootstrap&gt;:1360: in _find_and_load
    ???
&lt;frozen importlib._bootstrap&gt;:1324: in _find_and_load_unlocked
    ???
E   ModuleNotFoundError: No module named 'agents.ingestion'</failure></testcase><testcase classname="work.blog-generator.v10.tests.unit.test_agents_contracts" name="test_exec_returns_expected_event_on_ollama[APIIngestionAgent]" time="0.001"><failure message="ModuleNotFoundError: No module named 'agents.ingestion'">tests\unit\test_agents_contracts.py:440: in test_exec_returns_expected_event_on_ollama
    agent, cfg, bus = instantiate_agent(agent_info)
                      ^^^^^^^^^^^^^^^^^^^^^^^^^^^^^
tests\unit\test_agents_contracts.py:390: in instantiate_agent
    mod = importlib.import_module(agent_info["module"])
          ^^^^^^^^^^^^^^^^^^^^^^^^^^^^^^^^^^^^^^^^^^^^^
C:\Python313\Lib\importlib\__init__.py:88: in import_module
    return _bootstrap._gcd_import(name[level:], package, level)
           ^^^^^^^^^^^^^^^^^^^^^^^^^^^^^^^^^^^^^^^^^^^^^^^^^^^^
&lt;frozen importlib._bootstrap&gt;:1387: in _gcd_import
    ???
&lt;frozen importlib._bootstrap&gt;:1360: in _find_and_load
    ???
&lt;frozen importlib._bootstrap&gt;:1310: in _find_and_load_unlocked
    ???
&lt;frozen importlib._bootstrap&gt;:488: in _call_with_frames_removed
    ???
&lt;frozen importlib._bootstrap&gt;:1387: in _gcd_import
    ???
&lt;frozen importlib._bootstrap&gt;:1360: in _find_and_load
    ???
&lt;frozen importlib._bootstrap&gt;:1324: in _find_and_load_unlocked
    ???
E   ModuleNotFoundError: No module named 'agents.ingestion'</failure></testcase><testcase classname="work.blog-generator.v10.tests.unit.test_agents_contracts" name="test_exec_returns_expected_event_on_ollama[SupplementaryContentAgent]" time="0.001"><failure message="ModuleNotFoundError: No module named 'agents.content'">tests\unit\test_agents_contracts.py:440: in test_exec_returns_expected_event_on_ollama
    agent, cfg, bus = instantiate_agent(agent_info)
                      ^^^^^^^^^^^^^^^^^^^^^^^^^^^^^
tests\unit\test_agents_contracts.py:390: in instantiate_agent
    mod = importlib.import_module(agent_info["module"])
          ^^^^^^^^^^^^^^^^^^^^^^^^^^^^^^^^^^^^^^^^^^^^^
C:\Python313\Lib\importlib\__init__.py:88: in import_module
    return _bootstrap._gcd_import(name[level:], package, level)
           ^^^^^^^^^^^^^^^^^^^^^^^^^^^^^^^^^^^^^^^^^^^^^^^^^^^^
&lt;frozen importlib._bootstrap&gt;:1387: in _gcd_import
    ???
&lt;frozen importlib._bootstrap&gt;:1360: in _find_and_load
    ???
&lt;frozen importlib._bootstrap&gt;:1310: in _find_and_load_unlocked
    ???
&lt;frozen importlib._bootstrap&gt;:488: in _call_with_frames_removed
    ???
&lt;frozen importlib._bootstrap&gt;:1387: in _gcd_import
    ???
&lt;frozen importlib._bootstrap&gt;:1360: in _find_and_load
    ???
&lt;frozen importlib._bootstrap&gt;:1324: in _find_and_load_unlocked
    ???
E   ModuleNotFoundError: No module named 'agents.content'</failure></testcase><testcase classname="work.blog-generator.v10.tests.unit.test_agents_contracts" name="test_exec_returns_expected_event_on_ollama[IntroductionWriterAgent]" time="0.001"><failure message="ModuleNotFoundError: No module named 'agents.content'">tests\unit\test_agents_contracts.py:440: in test_exec_returns_expected_event_on_ollama
    agent, cfg, bus = instantiate_agent(agent_info)
                      ^^^^^^^^^^^^^^^^^^^^^^^^^^^^^
tests\unit\test_agents_contracts.py:390: in instantiate_agent
    mod = importlib.import_module(agent_info["module"])
          ^^^^^^^^^^^^^^^^^^^^^^^^^^^^^^^^^^^^^^^^^^^^^
C:\Python313\Lib\importlib\__init__.py:88: in import_module
    return _bootstrap._gcd_import(name[level:], package, level)
           ^^^^^^^^^^^^^^^^^^^^^^^^^^^^^^^^^^^^^^^^^^^^^^^^^^^^
&lt;frozen importlib._bootstrap&gt;:1387: in _gcd_import
    ???
&lt;frozen importlib._bootstrap&gt;:1360: in _find_and_load
    ???
&lt;frozen importlib._bootstrap&gt;:1310: in _find_and_load_unlocked
    ???
&lt;frozen importlib._bootstrap&gt;:488: in _call_with_frames_removed
    ???
&lt;frozen importlib._bootstrap&gt;:1387: in _gcd_import
    ???
&lt;frozen importlib._bootstrap&gt;:1360: in _find_and_load
    ???
&lt;frozen importlib._bootstrap&gt;:1324: in _find_and_load_unlocked
    ???
E   ModuleNotFoundError: No module named 'agents.content'</failure></testcase><testcase classname="work.blog-generator.v10.tests.unit.test_agents_contracts" name="test_exec_returns_expected_event_on_ollama[SectionWriterAgent]" time="0.001"><failure message="ModuleNotFoundError: No module named 'agents.content'">tests\unit\test_agents_contracts.py:440: in test_exec_returns_expected_event_on_ollama
    agent, cfg, bus = instantiate_agent(agent_info)
                      ^^^^^^^^^^^^^^^^^^^^^^^^^^^^^
tests\unit\test_agents_contracts.py:390: in instantiate_agent
    mod = importlib.import_module(agent_info["module"])
          ^^^^^^^^^^^^^^^^^^^^^^^^^^^^^^^^^^^^^^^^^^^^^
C:\Python313\Lib\importlib\__init__.py:88: in import_module
    return _bootstrap._gcd_import(name[level:], package, level)
           ^^^^^^^^^^^^^^^^^^^^^^^^^^^^^^^^^^^^^^^^^^^^^^^^^^^^
&lt;frozen importlib._bootstrap&gt;:1387: in _gcd_import
    ???
&lt;frozen importlib._bootstrap&gt;:1360: in _find_and_load
    ???
&lt;frozen importlib._bootstrap&gt;:1310: in _find_and_load_unlocked
    ???
&lt;frozen importlib._bootstrap&gt;:488: in _call_with_frames_removed
    ???
&lt;frozen importlib._bootstrap&gt;:1387: in _gcd_import
    ???
&lt;frozen importlib._bootstrap&gt;:1360: in _find_and_load
    ???
&lt;frozen importlib._bootstrap&gt;:1324: in _find_and_load_unlocked
    ???
E   ModuleNotFoundError: No module named 'agents.content'</failure></testcase><testcase classname="work.blog-generator.v10.tests.unit.test_agents_contracts" name="test_exec_returns_expected_event_on_ollama[OutlineCreationAgent]" time="0.001"><failure message="ModuleNotFoundError: No module named 'agents.content'">tests\unit\test_agents_contracts.py:440: in test_exec_returns_expected_event_on_ollama
    agent, cfg, bus = instantiate_agent(agent_info)
                      ^^^^^^^^^^^^^^^^^^^^^^^^^^^^^
tests\unit\test_agents_contracts.py:390: in instantiate_agent
    mod = importlib.import_module(agent_info["module"])
          ^^^^^^^^^^^^^^^^^^^^^^^^^^^^^^^^^^^^^^^^^^^^^
C:\Python313\Lib\importlib\__init__.py:88: in import_module
    return _bootstrap._gcd_import(name[level:], package, level)
           ^^^^^^^^^^^^^^^^^^^^^^^^^^^^^^^^^^^^^^^^^^^^^^^^^^^^
&lt;frozen importlib._bootstrap&gt;:1387: in _gcd_import
    ???
&lt;frozen importlib._bootstrap&gt;:1360: in _find_and_load
    ???
&lt;frozen importlib._bootstrap&gt;:1310: in _find_and_load_unlocked
    ???
&lt;frozen importlib._bootstrap&gt;:488: in _call_with_frames_removed
    ???
&lt;frozen importlib._bootstrap&gt;:1387: in _gcd_import
    ???
&lt;frozen importlib._bootstrap&gt;:1360: in _find_and_load
    ???
&lt;frozen importlib._bootstrap&gt;:1324: in _find_and_load_unlocked
    ???
E   ModuleNotFoundError: No module named 'agents.content'</failure></testcase><testcase classname="work.blog-generator.v10.tests.unit.test_agents_contracts" name="test_exec_returns_expected_event_on_ollama[ContentAssemblyAgent]" time="0.001"><failure message="ModuleNotFoundError: No module named 'agents.content'">tests\unit\test_agents_contracts.py:440: in test_exec_returns_expected_event_on_ollama
    agent, cfg, bus = instantiate_agent(agent_info)
                      ^^^^^^^^^^^^^^^^^^^^^^^^^^^^^
tests\unit\test_agents_contracts.py:390: in instantiate_agent
    mod = importlib.import_module(agent_info["module"])
          ^^^^^^^^^^^^^^^^^^^^^^^^^^^^^^^^^^^^^^^^^^^^^
C:\Python313\Lib\importlib\__init__.py:88: in import_module
    return _bootstrap._gcd_import(name[level:], package, level)
           ^^^^^^^^^^^^^^^^^^^^^^^^^^^^^^^^^^^^^^^^^^^^^^^^^^^^
&lt;frozen importlib._bootstrap&gt;:1387: in _gcd_import
    ???
&lt;frozen importlib._bootstrap&gt;:1360: in _find_and_load
    ???
&lt;frozen importlib._bootstrap&gt;:1310: in _find_and_load_unlocked
    ???
&lt;frozen importlib._bootstrap&gt;:488: in _call_with_frames_removed
    ???
&lt;frozen importlib._bootstrap&gt;:1387: in _gcd_import
    ???
&lt;frozen importlib._bootstrap&gt;:1360: in _find_and_load
    ???
&lt;frozen importlib._bootstrap&gt;:1324: in _find_and_load_unlocked
    ???
E   ModuleNotFoundError: No module named 'agents.content'</failure></testcase><testcase classname="work.blog-generator.v10.tests.unit.test_agents_contracts" name="test_exec_returns_expected_event_on_ollama[ConclusionWriterAgent]" time="0.001"><failure message="ModuleNotFoundError: No module named 'agents.content'">tests\unit\test_agents_contracts.py:440: in test_exec_returns_expected_event_on_ollama
    agent, cfg, bus = instantiate_agent(agent_info)
                      ^^^^^^^^^^^^^^^^^^^^^^^^^^^^^
tests\unit\test_agents_contracts.py:390: in instantiate_agent
    mod = importlib.import_module(agent_info["module"])
          ^^^^^^^^^^^^^^^^^^^^^^^^^^^^^^^^^^^^^^^^^^^^^
C:\Python313\Lib\importlib\__init__.py:88: in import_module
    return _bootstrap._gcd_import(name[level:], package, level)
           ^^^^^^^^^^^^^^^^^^^^^^^^^^^^^^^^^^^^^^^^^^^^^^^^^^^^
&lt;frozen importlib._bootstrap&gt;:1387: in _gcd_import
    ???
&lt;frozen importlib._bootstrap&gt;:1360: in _find_and_load
    ???
&lt;frozen importlib._bootstrap&gt;:1310: in _find_and_load_unlocked
    ???
&lt;frozen importlib._bootstrap&gt;:488: in _call_with_frames_removed
    ???
&lt;frozen importlib._bootstrap&gt;:1387: in _gcd_import
    ???
&lt;frozen importlib._bootstrap&gt;:1360: in _find_and_load
    ???
&lt;frozen importlib._bootstrap&gt;:1324: in _find_and_load_unlocked
    ???
E   ModuleNotFoundError: No module named 'agents.content'</failure></testcase><testcase classname="work.blog-generator.v10.tests.unit.test_agents_contracts" name="test_exec_returns_expected_event_on_ollama[LinkValidationAgent]" time="0.001"><failure message="ModuleNotFoundError: No module named 'agents.publishing'">tests\unit\test_agents_contracts.py:440: in test_exec_returns_expected_event_on_ollama
    agent, cfg, bus = instantiate_agent(agent_info)
                      ^^^^^^^^^^^^^^^^^^^^^^^^^^^^^
tests\unit\test_agents_contracts.py:390: in instantiate_agent
    mod = importlib.import_module(agent_info["module"])
          ^^^^^^^^^^^^^^^^^^^^^^^^^^^^^^^^^^^^^^^^^^^^^
C:\Python313\Lib\importlib\__init__.py:88: in import_module
    return _bootstrap._gcd_import(name[level:], package, level)
           ^^^^^^^^^^^^^^^^^^^^^^^^^^^^^^^^^^^^^^^^^^^^^^^^^^^^
&lt;frozen importlib._bootstrap&gt;:1387: in _gcd_import
    ???
&lt;frozen importlib._bootstrap&gt;:1360: in _find_and_load
    ???
&lt;frozen importlib._bootstrap&gt;:1310: in _find_and_load_unlocked
    ???
&lt;frozen importlib._bootstrap&gt;:488: in _call_with_frames_removed
    ???
&lt;frozen importlib._bootstrap&gt;:1387: in _gcd_import
    ???
&lt;frozen importlib._bootstrap&gt;:1360: in _find_and_load
    ???
&lt;frozen importlib._bootstrap&gt;:1324: in _find_and_load_unlocked
    ???
E   ModuleNotFoundError: No module named 'agents.publishing'</failure></testcase><testcase classname="work.blog-generator.v10.tests.unit.test_agents_contracts" name="test_exec_returns_expected_event_on_ollama[GistUploadAgent]" time="0.001"><failure message="ModuleNotFoundError: No module named 'agents.publishing'">tests\unit\test_agents_contracts.py:440: in test_exec_returns_expected_event_on_ollama
    agent, cfg, bus = instantiate_agent(agent_info)
                      ^^^^^^^^^^^^^^^^^^^^^^^^^^^^^
tests\unit\test_agents_contracts.py:390: in instantiate_agent
    mod = importlib.import_module(agent_info["module"])
          ^^^^^^^^^^^^^^^^^^^^^^^^^^^^^^^^^^^^^^^^^^^^^
C:\Python313\Lib\importlib\__init__.py:88: in import_module
    return _bootstrap._gcd_import(name[level:], package, level)
           ^^^^^^^^^^^^^^^^^^^^^^^^^^^^^^^^^^^^^^^^^^^^^^^^^^^^
&lt;frozen importlib._bootstrap&gt;:1387: in _gcd_import
    ???
&lt;frozen importlib._bootstrap&gt;:1360: in _find_and_load
    ???
&lt;frozen importlib._bootstrap&gt;:1310: in _find_and_load_unlocked
    ???
&lt;frozen importlib._bootstrap&gt;:488: in _call_with_frames_removed
    ???
&lt;frozen importlib._bootstrap&gt;:1387: in _gcd_import
    ???
&lt;frozen importlib._bootstrap&gt;:1360: in _find_and_load
    ???
&lt;frozen importlib._bootstrap&gt;:1324: in _find_and_load_unlocked
    ???
E   ModuleNotFoundError: No module named 'agents.publishing'</failure></testcase><testcase classname="work.blog-generator.v10.tests.unit.test_agents_contracts" name="test_exec_returns_expected_event_on_ollama[GistREADMEAgent]" time="0.001"><failure message="ModuleNotFoundError: No module named 'agents.publishing'">tests\unit\test_agents_contracts.py:440: in test_exec_returns_expected_event_on_ollama
    agent, cfg, bus = instantiate_agent(agent_info)
                      ^^^^^^^^^^^^^^^^^^^^^^^^^^^^^
tests\unit\test_agents_contracts.py:390: in instantiate_agent
    mod = importlib.import_module(agent_info["module"])
          ^^^^^^^^^^^^^^^^^^^^^^^^^^^^^^^^^^^^^^^^^^^^^
C:\Python313\Lib\importlib\__init__.py:88: in import_module
    return _bootstrap._gcd_import(name[level:], package, level)
           ^^^^^^^^^^^^^^^^^^^^^^^^^^^^^^^^^^^^^^^^^^^^^^^^^^^^
&lt;frozen importlib._bootstrap&gt;:1387: in _gcd_import
    ???
&lt;frozen importlib._bootstrap&gt;:1360: in _find_and_load
    ???
&lt;frozen importlib._bootstrap&gt;:1310: in _find_and_load_unlocked
    ???
&lt;frozen importlib._bootstrap&gt;:488: in _call_with_frames_removed
    ???
&lt;frozen importlib._bootstrap&gt;:1387: in _gcd_import
    ???
&lt;frozen importlib._bootstrap&gt;:1360: in _find_and_load
    ???
&lt;frozen importlib._bootstrap&gt;:1324: in _find_and_load_unlocked
    ???
E   ModuleNotFoundError: No module named 'agents.publishing'</failure></testcase><testcase classname="work.blog-generator.v10.tests.unit.test_agents_contracts" name="test_exec_returns_expected_event_on_ollama[FileWriterAgent]" time="0.001"><failure message="ModuleNotFoundError: No module named 'agents.publishing'">tests\unit\test_agents_contracts.py:440: in test_exec_returns_expected_event_on_ollama
    agent, cfg, bus = instantiate_agent(agent_info)
                      ^^^^^^^^^^^^^^^^^^^^^^^^^^^^^
tests\unit\test_agents_contracts.py:390: in instantiate_agent
    mod = importlib.import_module(agent_info["module"])
          ^^^^^^^^^^^^^^^^^^^^^^^^^^^^^^^^^^^^^^^^^^^^^
C:\Python313\Lib\importlib\__init__.py:88: in import_module
    return _bootstrap._gcd_import(name[level:], package, level)
           ^^^^^^^^^^^^^^^^^^^^^^^^^^^^^^^^^^^^^^^^^^^^^^^^^^^^
&lt;frozen importlib._bootstrap&gt;:1387: in _gcd_import
    ???
&lt;frozen importlib._bootstrap&gt;:1360: in _find_and_load
    ???
&lt;frozen importlib._bootstrap&gt;:1310: in _find_and_load_unlocked
    ???
&lt;frozen importlib._bootstrap&gt;:488: in _call_with_frames_removed
    ???
&lt;frozen importlib._bootstrap&gt;:1387: in _gcd_import
    ???
&lt;frozen importlib._bootstrap&gt;:1360: in _find_and_load
    ???
&lt;frozen importlib._bootstrap&gt;:1324: in _find_and_load_unlocked
    ???
E   ModuleNotFoundError: No module named 'agents.publishing'</failure></testcase><testcase classname="work.blog-generator.v10.tests.unit.test_agents_contracts" name="test_exec_returns_expected_event_on_ollama[FrontmatterAgent]" time="0.001"><failure message="ModuleNotFoundError: No module named 'agents.publishing'">tests\unit\test_agents_contracts.py:440: in test_exec_returns_expected_event_on_ollama
    agent, cfg, bus = instantiate_agent(agent_info)
                      ^^^^^^^^^^^^^^^^^^^^^^^^^^^^^
tests\unit\test_agents_contracts.py:390: in instantiate_agent
    mod = importlib.import_module(agent_info["module"])
          ^^^^^^^^^^^^^^^^^^^^^^^^^^^^^^^^^^^^^^^^^^^^^
C:\Python313\Lib\importlib\__init__.py:88: in import_module
    return _bootstrap._gcd_import(name[level:], package, level)
           ^^^^^^^^^^^^^^^^^^^^^^^^^^^^^^^^^^^^^^^^^^^^^^^^^^^^
&lt;frozen importlib._bootstrap&gt;:1387: in _gcd_import
    ???
&lt;frozen importlib._bootstrap&gt;:1360: in _find_and_load
    ???
&lt;frozen importlib._bootstrap&gt;:1310: in _find_and_load_unlocked
    ???
&lt;frozen importlib._bootstrap&gt;:488: in _call_with_frames_removed
    ???
&lt;frozen importlib._bootstrap&gt;:1387: in _gcd_import
    ???
&lt;frozen importlib._bootstrap&gt;:1360: in _find_and_load
    ???
&lt;frozen importlib._bootstrap&gt;:1324: in _find_and_load_unlocked
    ???
E   ModuleNotFoundError: No module named 'agents.publishing'</failure></testcase><testcase classname="work.blog-generator.v10.tests.unit.test_agents_contracts" name="test_exec_returns_expected_event_on_ollama[ModelSelectionAgent]" time="0.001"><failure message="ModuleNotFoundError: No module named 'agents.support'">tests\unit\test_agents_contracts.py:440: in test_exec_returns_expected_event_on_ollama
    agent, cfg, bus = instantiate_agent(agent_info)
                      ^^^^^^^^^^^^^^^^^^^^^^^^^^^^^
tests\unit\test_agents_contracts.py:390: in instantiate_agent
    mod = importlib.import_module(agent_info["module"])
          ^^^^^^^^^^^^^^^^^^^^^^^^^^^^^^^^^^^^^^^^^^^^^
C:\Python313\Lib\importlib\__init__.py:88: in import_module
    return _bootstrap._gcd_import(name[level:], package, level)
           ^^^^^^^^^^^^^^^^^^^^^^^^^^^^^^^^^^^^^^^^^^^^^^^^^^^^
&lt;frozen importlib._bootstrap&gt;:1387: in _gcd_import
    ???
&lt;frozen importlib._bootstrap&gt;:1360: in _find_and_load
    ???
&lt;frozen importlib._bootstrap&gt;:1310: in _find_and_load_unlocked
    ???
&lt;frozen importlib._bootstrap&gt;:488: in _call_with_frames_removed
    ???
&lt;frozen importlib._bootstrap&gt;:1387: in _gcd_import
    ???
&lt;frozen importlib._bootstrap&gt;:1360: in _find_and_load
    ???
&lt;frozen importlib._bootstrap&gt;:1324: in _find_and_load_unlocked
    ???
E   ModuleNotFoundError: No module named 'agents.support'</failure></testcase><testcase classname="work.blog-generator.v10.tests.unit.test_agents_contracts" name="test_exec_returns_expected_event_on_ollama[ErrorRecoveryAgent]" time="0.001"><failure message="ModuleNotFoundError: No module named 'agents.support'">tests\unit\test_agents_contracts.py:440: in test_exec_returns_expected_event_on_ollama
    agent, cfg, bus = instantiate_agent(agent_info)
                      ^^^^^^^^^^^^^^^^^^^^^^^^^^^^^
tests\unit\test_agents_contracts.py:390: in instantiate_agent
    mod = importlib.import_module(agent_info["module"])
          ^^^^^^^^^^^^^^^^^^^^^^^^^^^^^^^^^^^^^^^^^^^^^
C:\Python313\Lib\importlib\__init__.py:88: in import_module
    return _bootstrap._gcd_import(name[level:], package, level)
           ^^^^^^^^^^^^^^^^^^^^^^^^^^^^^^^^^^^^^^^^^^^^^^^^^^^^
&lt;frozen importlib._bootstrap&gt;:1387: in _gcd_import
    ???
&lt;frozen importlib._bootstrap&gt;:1360: in _find_and_load
    ???
&lt;frozen importlib._bootstrap&gt;:1310: in _find_and_load_unlocked
    ???
&lt;frozen importlib._bootstrap&gt;:488: in _call_with_frames_removed
    ???
&lt;frozen importlib._bootstrap&gt;:1387: in _gcd_import
    ???
&lt;frozen importlib._bootstrap&gt;:1360: in _find_and_load
    ???
&lt;frozen importlib._bootstrap&gt;:1324: in _find_and_load_unlocked
    ???
E   ModuleNotFoundError: No module named 'agents.support'</failure></testcase><testcase classname="work.blog-generator.v10.tests.unit.test_agents_contracts" name="test_exec_returns_expected_event_on_ollama[KeywordExtractionAgent]" time="0.001"><failure message="ModuleNotFoundError: No module named 'agents.seo'">tests\unit\test_agents_contracts.py:440: in test_exec_returns_expected_event_on_ollama
    agent, cfg, bus = instantiate_agent(agent_info)
                      ^^^^^^^^^^^^^^^^^^^^^^^^^^^^^
tests\unit\test_agents_contracts.py:390: in instantiate_agent
    mod = importlib.import_module(agent_info["module"])
          ^^^^^^^^^^^^^^^^^^^^^^^^^^^^^^^^^^^^^^^^^^^^^
C:\Python313\Lib\importlib\__init__.py:88: in import_module
    return _bootstrap._gcd_import(name[level:], package, level)
           ^^^^^^^^^^^^^^^^^^^^^^^^^^^^^^^^^^^^^^^^^^^^^^^^^^^^
&lt;frozen importlib._bootstrap&gt;:1387: in _gcd_import
    ???
&lt;frozen importlib._bootstrap&gt;:1360: in _find_and_load
    ???
&lt;frozen importlib._bootstrap&gt;:1310: in _find_and_load_unlocked
    ???
&lt;frozen importlib._bootstrap&gt;:488: in _call_with_frames_removed
    ???
&lt;frozen importlib._bootstrap&gt;:1387: in _gcd_import
    ???
&lt;frozen importlib._bootstrap&gt;:1360: in _find_and_load
    ???
&lt;frozen importlib._bootstrap&gt;:1324: in _find_and_load_unlocked
    ???
E   ModuleNotFoundError: No module named 'agents.seo'</failure></testcase><testcase classname="work.blog-generator.v10.tests.unit.test_agents_contracts" name="test_exec_returns_expected_event_on_ollama[KeywordInjectionAgent]" time="0.001"><failure message="ModuleNotFoundError: No module named 'agents.seo'">tests\unit\test_agents_contracts.py:440: in test_exec_returns_expected_event_on_ollama
    agent, cfg, bus = instantiate_agent(agent_info)
                      ^^^^^^^^^^^^^^^^^^^^^^^^^^^^^
tests\unit\test_agents_contracts.py:390: in instantiate_agent
    mod = importlib.import_module(agent_info["module"])
          ^^^^^^^^^^^^^^^^^^^^^^^^^^^^^^^^^^^^^^^^^^^^^
C:\Python313\Lib\importlib\__init__.py:88: in import_module
    return _bootstrap._gcd_import(name[level:], package, level)
           ^^^^^^^^^^^^^^^^^^^^^^^^^^^^^^^^^^^^^^^^^^^^^^^^^^^^
&lt;frozen importlib._bootstrap&gt;:1387: in _gcd_import
    ???
&lt;frozen importlib._bootstrap&gt;:1360: in _find_and_load
    ???
&lt;frozen importlib._bootstrap&gt;:1310: in _find_and_load_unlocked
    ???
&lt;frozen importlib._bootstrap&gt;:488: in _call_with_frames_removed
    ???
&lt;frozen importlib._bootstrap&gt;:1387: in _gcd_import
    ???
&lt;frozen importlib._bootstrap&gt;:1360: in _find_and_load
    ???
&lt;frozen importlib._bootstrap&gt;:1324: in _find_and_load_unlocked
    ???
E   ModuleNotFoundError: No module named 'agents.seo'</failure></testcase><testcase classname="work.blog-generator.v10.tests.unit.test_agents_contracts" name="test_exec_returns_expected_event_on_ollama[SEOMetadataAgent]" time="0.001"><failure message="ModuleNotFoundError: No module named 'agents.seo'">tests\unit\test_agents_contracts.py:440: in test_exec_returns_expected_event_on_ollama
    agent, cfg, bus = instantiate_agent(agent_info)
                      ^^^^^^^^^^^^^^^^^^^^^^^^^^^^^
tests\unit\test_agents_contracts.py:390: in instantiate_agent
    mod = importlib.import_module(agent_info["module"])
          ^^^^^^^^^^^^^^^^^^^^^^^^^^^^^^^^^^^^^^^^^^^^^
C:\Python313\Lib\importlib\__init__.py:88: in import_module
    return _bootstrap._gcd_import(name[level:], package, level)
           ^^^^^^^^^^^^^^^^^^^^^^^^^^^^^^^^^^^^^^^^^^^^^^^^^^^^
&lt;frozen importlib._bootstrap&gt;:1387: in _gcd_import
    ???
&lt;frozen importlib._bootstrap&gt;:1360: in _find_and_load
    ???
&lt;frozen importlib._bootstrap&gt;:1310: in _find_and_load_unlocked
    ???
&lt;frozen importlib._bootstrap&gt;:488: in _call_with_frames_removed
    ???
&lt;frozen importlib._bootstrap&gt;:1387: in _gcd_import
    ???
&lt;frozen importlib._bootstrap&gt;:1360: in _find_and_load
    ???
&lt;frozen importlib._bootstrap&gt;:1324: in _find_and_load_unlocked
    ???
E   ModuleNotFoundError: No module named 'agents.seo'</failure></testcase><testcase classname="work.blog-generator.v10.tests.unit.test_aggregator.TestOutputAggregator" name="test_merge_agent_outputs_no_duplicates" time="0.001" /><testcase classname="work.blog-generator.v10.tests.unit.test_aggregator.TestOutputAggregator" name="test_merge_with_duplicate_keys_handled" time="0.001" /><testcase classname="work.blog-generator.v10.tests.unit.test_aggregator.TestOutputAggregator" name="test_ties_resolved_per_module_rule" time="0.001" /><testcase classname="work.blog-generator.v10.tests.unit.test_aggregator.TestOutputAggregator" name="test_completeness_validation_all_present" time="0.001"><failure message="assert False == True">tests\unit\test_aggregator.py:145: in test_completeness_validation_all_present
    assert is_complete == True
[...]
    spec = RunSpec(
           ^^^^^^^
E   NameError: name 'RunSpec' is not defined</failure></testcase><testcase classname="work.blog-generator.v10.tests.unit.test_engine_and_orchestrator" name="test_template_none" time="0.001"><failure message="NameError: name 'RunSpec' is not defined">tests\unit\test_engine_and_orchestrator.py:458: in test_template_none
    spec = RunSpec(
           ^^^^^^^
E   NameError: name 'RunSpec' is not defined</failure></testcase><testcase classname="work.blog-generator.v10.tests.unit.test_engine_and_orchestrator" name="test_template_required" time="0.001"><failure message="NameError: name 'RunSpec' is not defined">tests\unit\test_engine_and_orchestrator.py:470: in test_template_required
    spec = RunSpec(
           ^^^^^^^
E   NameError: name 'RunSpec' is not defined</failure></testcase><testcase classname="work.blog-generator.v10.tests.unit.test_engine_and_orchestrator" name="test_urlify_basic" time="0.001"><failure message="NameError: name 'urlify' is not defined">tests\unit\test_engine_and_orchestrator.py:482: in test_urlify_basic
    assert urlify("Python Classes") == "python-classes"
           ^^^^^^
E   NameError: name 'urlify' is not defined</failure></testcase><testcase classname="work.blog-generator.v10.tests.unit.test_engine_and_orchestrator" name="test_urlify_empty" time="0.001"><failure message="NameError: name 'urlify' is not defined">tests\unit\test_engine_and_orchestrator.py:488: in test_urlify_empty
    assert urlify("") == ""
           ^^^^^^
E   NameError: name 'urlify' is not defined</failure></testcase><testcase classname="work.blog-generator.v10.tests.unit.test_engine_and_orchestrator" name="test_urlify_special_chars" time="0.001"><failure message="NameError: name 'urlify' is not defined">tests\unit\test_engine_and_orchestrator.py:493: in test_urlify_special_chars
    assert urlify("Hello, World!") == "hello-world"
           ^^^^^^
E   NameError: name 'urlify' is not defined</failure></testcase><testcase classname="work.blog-generator.v10.tests.unit.test_engine_and_orchestrator" name="test_valid_spec_with_topic" time="0.001"><failure message="NameError: name 'RunSpec' is not defined">tests\unit\test_engine_and_orchestrator.py:499: in test_valid_spec_with_topic
    spec = RunSpec(
           ^^^^^^^
E   NameError: name 'RunSpec' is not defined</failure></testcase><testcase classname="work.blog-generator.v10.tests.unit.test_event_bus.TestEventBus" name="test_subscribe_and_publish" time="0.002" /><testcase classname="work.blog-generator.v10.tests.unit.test_event_bus.TestEventBus" name="test_multiple_subscribers_same_event" time="0.002" /><testcase classname="work.blog-generator.v10.tests.unit.test_event_bus.TestEventBus" name="test_unsubscribe_works" time="0.002" /><testcase classname="work.blog-generator.v10.tests.unit.test_event_bus.TestEventBus" name="test_unsubscribe_nonexistent_handler" time="0.002"><failure message="TypeError: AgentEvent.__init__() got an unexpected keyword argument 'agent_id'">tests\unit\test_event_bus.py:107: in test_unsubscribe_nonexistent_handler
    event = AgentEvent(event_type="test_event", agent_id="test_agent")
            ^^^^^^^^^^^^^^^^^^^^^^^^^^^^^^^^^^^^^^^^^^^^^^^^^^^^^^^^^^
E   TypeError: AgentEvent.__init__() got an unexpected keyword argument 'agent_id'</failure></testcase><testcase classname="work.blog-generator.v10.tests.unit.test_event_bus.TestEventBus" name="test_different_event_types_isolated" time="0.002"><failure message="TypeError: AgentEvent.__init__() got an unexpected keyword argument 'agent_id'">tests\unit\test_event_bus.py:123: in test_different_event_types_isolated
    event_a = AgentEvent(event_type="event_a", agent_id="agent1")
              ^^^^^^^^^^^^^^^^^^^^^^^^^^^^^^^^^^^^^^^^^^^^^^^^^^^
E   TypeError: AgentEvent.__init__() got an unexpected keyword argument 'agent_id'</failure></testcase><testcase classname="work.blog-generator.v10.tests.unit.test_event_bus.TestEventBus" name="test_no_subscribers_no_error" time="0.001"><failure message="TypeError: AgentEvent.__init__() got an unexpected keyword argument 'agent_id'">tests\unit\test_event_bus.py:140: in test_no_subscribers_no_error
    event = AgentEvent(
E   TypeError: AgentEvent.__init__() got an unexpected keyword argument 'agent_id'</failure></testcase><testcase classname="work.blog-generator.v10.tests.unit.test_event_bus.TestEventBus" name="test_handler_exception_doesnt_break_others" time="0.002"><failure message="TypeError: AgentEvent.__init__() got an unexpected keyword argument 'agent_id'">tests\unit\test_event_bus.py:161: in test_handler_exception_doesnt_break_others
    event = AgentEvent(event_type="test_event", agent_id="test_agent")
            ^^^^^^^^^^^^^^^^^^^^^^^^^^^^^^^^^^^^^^^^^^^^^^^^^^^^^^^^^^
E   TypeError: AgentEvent.__init__() got an unexpected keyword argument 'agent_id'</failure></testcase><testcase classname="work.blog-generator.v10.tests.unit.test_event_bus.TestEventBus" name="test_event_history" time="0.001"><failure message="TypeError: AgentEvent.__init__() got an unexpected keyword argument 'agent_id'">tests\unit\test_event_bus.py:172: in test_event_history
    event1 = AgentEvent(event_type="event1", agent_id="agent1")
             ^^^^^^^^^^^^^^^^^^^^^^^^^^^^^^^^^^^^^^^^^^^^^^^^^^
E   TypeError: AgentEvent.__init__() got an unexpected keyword argument 'agent_id'</failure></testcase><testcase classname="work.blog-generator.v10.tests.unit.test_event_bus.TestEventBus" name="test_event_history_limit" time="0.001"><failure message="TypeError: AgentEvent.__init__() got an unexpected keyword argument 'agent_id'">tests\unit\test_event_bus.py:200: in test_event_history_limit
    event = AgentEvent(event_type=f"event{i}", agent_id=f"agent{i}")
            ^^^^^^^^^^^^^^^^^^^^^^^^^^^^^^^^^^^^^^^^^^^^^^^^^^^^^^^^
E   TypeError: AgentEvent.__init__() got an unexpected keyword argument 'agent_id'</failure></testcase><testcase classname="work.blog-generator.v10.tests.unit.test_event_bus.TestEventBus" name="test_clear_history" time="0.001"><failure message="TypeError: AgentEvent.__init__() got an unexpected keyword argument 'agent_id'">tests\unit\test_event_bus.py:212: in test_clear_history
    self.bus.publish(AgentEvent(event_type="test", agent_id="agent"))
                     ^^^^^^^^^^^^^^^^^^^^^^^^^^^^^^^^^^^^^^^^^^^^^^^
E   TypeError: AgentEvent.__init__() got an unexpected keyword argument 'agent_id'</failure></testcase><testcase classname="work.blog-generator.v10.tests.unit.test_event_bus.TestEventBus" name="test_subscriber_count" time="0.001" /><testcase classname="work.blog-generator.v10.tests.unit.test_event_bus.TestEventBus" name="test_thread_safety" time="0.006"><failure message="AssertionError: Thread safety errors: [TypeError(&quot;AgentEvent.__init__() got an unexpected keyword argument 'agent_id'&quot;), TypeError(&quot;AgentEvent.__init__() got an unexpected keyword argument 'agent_id'&quot;), TypeError(&quot;AgentEvent.__init__() got an unexpected keyword argument 'agent_id'&quot;)]&#10;assert 3 == 0&#10; +  where 3 = len([TypeError(&quot;AgentEvent.__init__() got an unexpected keyword argument 'agent_id'&quot;), TypeError(&quot;AgentEvent.__init__() got an unexpected keyword argument 'agent_id'&quot;), TypeError(&quot;AgentEvent.__init__() got an unexpected keyword argument 'agent_id'&quot;)])">tests\unit\test_event_bus.py:280: in test_thread_safety
    assert len(errors) == 0, f"Thread safety errors: {errors}"
E   AssertionError: Thread safety errors: [TypeError("AgentEvent.__init__() got an unexpected keyword argument 'agent_id'"), TypeError("AgentEvent.__init__() got an unexpected keyword argument 'agent_id'"), TypeError("AgentEvent.__init__() got an unexpected keyword argument 'agent_id'")]
E   assert 3 == 0
E    +  where 3 = len([TypeError("AgentEvent.__init__() got an unexpected keyword argument 'agent_id'"), TypeError("AgentEvent.__init__() got an unexpected keyword argument 'agent_id'"), TypeError("AgentEvent.__init__() got an unexpected keyword argument 'agent_id'")])</failure></testcase><testcase classname="work.blog-generator.v10.tests.unit.test_event_bus.TestEventBus" name="test_mesh_integration_setup" time="0.001" /><testcase classname="work.blog-generator.v10.tests.unit.test_gpu_manager.TestGpuManager" name="test_explicit_cpu" time="0.001" /><testcase classname="work.blog-generator.v10.tests.unit.test_gpu_manager.TestGpuManager" name="test_explicit_cuda_available" time="0.002" /><testcase classname="work.blog-generator.v10.tests.unit.test_gpu_manager.TestGpuManager" name="test_explicit_cuda_unavailable" time="0.002" /><testcase classname="work.blog-generator.v10.tests.unit.test_gpu_manager.TestGpuManager" name="test_auto_detect_cuda_available" time="0.002" /><testcase classname="work.blog-generator.v10.tests.unit.test_gpu_manager.TestGpuManager" name="test_auto_detect_cuda_unavailable" time="0.002" /><testcase classname="work.blog-generator.v10.tests.unit.test_gpu_manager.TestGpuManager" name="test_auto_detect_no_torch" time="0.032" /><testcase classname="work.blog-generator.v10.tests.unit.test_gpu_manager.TestGpuManager" name="test_env_override_cuda" time="0.002" /><testcase classname="work.blog-generator.v10.tests.unit.test_gpu_manager.TestGpuManager" name="test_env_override_cpu" time="0.002" /><testcase classname="work.blog-generator.v10.tests.unit.test_mesh" name="test_placeholder_mesh_components_exist" time="0.001" /><testcase classname="work.blog-generator.v10.tests.unit.test_ollama.TestOllamaDiagnostic" name="test_ollama_health_check_success" time="27.319" /><testcase classname="work.blog-generator.v10.tests.unit.test_ollama.TestOllamaDiagnostic" name="test_ollama_health_check_timeout" time="0.007" /><testcase classname="work.blog-generator.v10.tests.unit.test_ollama.TestOllamaDiagnostic" name="test_ollama_health_check_connection_error" time="0.001" /><testcase classname="work.blog-generator.v10.tests.unit.test_ollama.TestOllamaDiagnostic" name="test_generation_speed_test" time="0.005"><failure message="AssertionError: assert '✓ Generation completed in 2.50s' in '\n================================================================================\nOLLAMA DIAGNOSTIC\n================================================================================\n\n✓ Ollama is running (response time: 2.50s)\n\n#x1F4E6 Available Models: 0\n\n#x1F9EA Testing generation speed...\n  (This will generate a short response with qwen2.5:14b)\n✗ Generation test failed: \n\n================================================================================\n\n'">tests\unit\test_ollama.py:121: in test_generation_speed_test
    assert "✓ Generation completed in 2.50s" in output
E   AssertionError: assert '✓ Generation completed in 2.50s' in '\n================================================================================\nOLLAMA DIAGNOSTIC\n================================================================================\n\n✓ Ollama is running (response time: 2.50s)\n\n#x1F4E6 Available Models: 0\n\n#x1F9EA Testing generation speed...\n  (This will generate a short response with qwen2.5:14b)\n✗ Generation test failed: \n\n================================================================================\n\n'</failure></testcase><testcase classname="work.blog-generator.v10.tests.unit.test_ollama.TestOllamaDiagnostic" name="test_slow_generation_warning" time="0.001"><failure message="AssertionError: assert '⚠ WARNING: Generation is slow (15.00s for short text)' in '\n================================================================================\nOLLAMA DIAGNOSTIC\n================================================================================\n\n✓ Ollama is running (response time: 15.00s)\n\n#x1F4E6 Available Models: 0\n\n#x1F9EA Testing generation speed...\n  (This will generate a short response with qwen2.5:14b)\n✗ Generation test failed: \n\n================================================================================\n\n'">tests\unit\test_ollama.py:152: in test_slow_generation_warning
    assert "⚠ WARNING: Generation is slow (15.00s for short text)" in output
E   AssertionError: assert '⚠ WARNING: Generation is slow (15.00s for short text)' in '\n================================================================================\nOLLAMA DIAGNOSTIC\n================================================================================\n\n✓ Ollama is running (response time: 15.00s)\n\n#x1F4E6 Available Models: 0\n\n#x1F9EA Testing generation speed...\n  (This will generate a short response with qwen2.5:14b)\n✗ Generation test failed: \n\n================================================================================\n\n'</failure></testcase><testcase classname="work.blog-generator.v10.tests.unit.test_ollama.TestOllamaDiagnostic" name="test_very_slow_generation_error" time="0.001"><failure message="AssertionError: assert '✗ Generation timed out after 60s' in '\n================================================================================\nOLLAMA DIAGNOSTIC\n================================================================================\n\n✓ Ollama is running (response time: 70.00s)\n\n#x1F4E6 Available Models: 0\n\n#x1F9EA Testing generation speed...\n  (This will generate a short response with qwen2.5:14b)\n✗ Generation test failed: \n\n================================================================================\n\n'">tests\unit\test_ollama.py:183: in test_very_slow_generation_error
    assert "✗ Generation timed out after 60s" in output
E   AssertionError: assert '✗ Generation timed out after 60s' in '\n================================================================================\nOLLAMA DIAGNOSTIC\n================================================================================\n\n✓ Ollama is running (response time: 70.00s)\n\n#x1F4E6 Available Models: 0\n\n#x1F9EA Testing generation speed...\n  (This will generate a short response with qwen2.5:14b)\n✗ Generation test failed: \n\n================================================================================\n\n'</failure></testcase><testcase classname="work.blog-generator.v10.tests.unit.test_ollama.TestOllamaDiagnostic" name="test_no_models_available" time="1.354"><failure message="AssertionError: assert '⚠️  No models found - is Ollama running?' in '\n================================================================================\nOLLAMA DIAGNOSTIC\n================================================================================\n\n✓ Ollama is running (response time: 0.00s)\n\n#x1F4E6 Available Models: 0\n\n#x1F9EA Testing generation speed...\n  (This will generate a short response with qwen2.5:14b)\n\n✓ Generation completed in 1.35s\n  Output: Python is a high-level, interpreted programming language known for its readability and simplicity, m...\n  Speed: ~17.0 tokens/sec\n\n✓ Generation speed is good!\n\n================================================================================\n\n'">tests\unit\test_ollama.py:204: in test_no_models_available
    assert "⚠️  No models found - is Ollama running?" in output
E   AssertionError: assert '⚠️  No models found - is Ollama running?' in '\n================================================================================\nOLLAMA DIAGNOSTIC\n================================================================================\n\n✓ Ollama is running (response time: 0.00s)\n\n#x1F4E6 Available Models: 0\n\n#x1F9EA Testing generation speed...\n  (This will generate a short response with qwen2.5:14b)\n\n✓ Generation completed in 1.35s\n  Output: Python is a high-level, interpreted programming language known for its readability and simplicity, m...\n  Speed: ~17.0 tokens/sec\n\n✓ Generation speed is good!\n\n================================================================================\n\n'</failure></testcase><testcase classname="work.blog-generator.v10.tests.unit.test_ollama.TestOllamaDiagnostic" name="test_ollama_returns_error_status" time="0.001" /><testcase classname="work.blog-generator.v10.tests.unit.test_ollama.TestOllamaDiagnostic" name="test_generation_request_failure" time="0.001" /><testcase classname="work.blog-generator.v10.tests.unit.test_ollama.TestOllamaDeterministicSeed" name="test_deterministic_seed_concept" time="0.001" /><testcase classname="work.blog-generator.v10.tests.unit.test_ollama.TestOllamaDeterministicSeed" name="test_model_selection_logic_concept" time="0.001" /><testcase classname="work.blog-generator.v10.tests.unit.test_ollama.TestOllamaDeterministicSeed" name="test_stub_transport_concept" time="0.001" /><testcase classname="work.blog-generator.v10.tests.unit.test_output_path_resolver.TestOutputPathResolver" name="test_is_blog_template_true" time="0.000" /><testcase classname="work.blog-generator.v10.tests.unit.test_output_path_resolver.TestOutputPathResolver" name="test_is_blog_template_false" time="0.000" /><testcase classname="work.blog-generator.v10.tests.unit.test_output_path_resolver.TestOutputPathResolver" name="test_is_blog_template_edge_cases" time="0.000" /><testcase classname="work.blog-generator.v10.tests.unit.test_output_path_resolver.TestOutputPathResolver" name="test_blog_template_output_path" time="0.000" /><testcase classname="work.blog-generator.v10.tests.unit.test_output_path_resolver.TestOutputPathResolver" name="test_non_blog_template_output_path" time="0.000" /><testcase classname="work.blog-generator.v10.tests.unit.test_output_path_resolver.TestOutputPathResolver" name="test_default_output_dir" time="0.000" /><testcase classname="work.blog-generator.v10.tests.unit.test_output_path_resolver.TestOutputPathResolver" name="test_custom_output_dir" time="0.000" /><testcase classname="work.blog-generator.v10.tests.unit.test_services" name="test_services_module_loads" time="0.000" /><testcase classname="work.blog-generator.v10.tests.unit.test_slug_service.TestSlugify" name="test_basic_slug" time="0.000" /><testcase classname="work.blog-generator.v10.tests.unit.test_slug_service.TestSlugify" name="test_special_characters" time="0.000" /><testcase classname="work.blog-generator.v10.tests.unit.test_slug_service.TestSlugify" name="test_diacritics" time="0.001" /><testcase classname="work.blog-generator.v10.tests.unit.test_slug_service.TestSlugify" name="test_mixed_case" time="0.000" /><testcase classname="work.blog-generator.v10.tests.unit.test_slug_service.TestSlugify" name="test_whitespace_collapse" time="0.000" /><testcase classname="work.blog-generator.v10.tests.unit.test_slug_service.TestSlugify" name="test_hyphen_collapse" time="0.000" /><testcase classname="work.blog-generator.v10.tests.unit.test_slug_service.TestSlugify" name="test_trim_hyphens" time="0.000" /><testcase classname="work.blog-generator.v10.tests.unit.test_slug_service.TestSlugify" name="test_empty_input" time="0.000" /><testcase classname="work.blog-generator.v10.tests.unit.test_slug_service.TestSlugify" name="test_only_special_chars" time="0.000" /><testcase classname="work.blog-generator.v10.tests.unit.test_slug_service.TestSlugify" name="test_complex_example" time="0.000" /><testcase classname="work.blog-generator.v10.tests.unit.test_uploaded_files.TestUploadedFilesResolver" name="test_empty_uploads_dict" time="0.000" /><testcase classname="work.blog-generator.v10.tests.unit.test_uploaded_files.TestUploadedFilesResolver" name="test_uploaded_files_single_category" time="0.005" /><testcase classname="work.blog-generator.v10.tests.unit.test_uploaded_files.TestUploadedFilesResolver" name="test_uploaded_files_multiple_categories" time="0.006" /><testcase classname="work.blog-generator.v10.tests.unit.test_uploaded_files.TestUploadedFilesResolver" name="test_uploaded_files_multiple_files_per_category" time="0.005" /><testcase classname="work.blog-generator.v10.tests.unit.test_uploaded_files.TestUploadedFilesResolver" name="test_uploaded_files_nonexistent_file_skipped" time="0.004" /></testsuite></testsuites>