<?xml version="1.0" encoding="utf-8"?><testsuites name="pytest tests"><testsuite name="pytest" errors="1" failures="133" skipped="0" tests="224" time="60.854" timestamp="2025-11-07T20:14:47.404596+05:00" hostname="ALIENWARE-M18"><testcase classname="work.blog-generator.v10.tests.unit.test_agents" name="test_agents_module_loads" time="16.379"><failure message="ModuleNotFoundError: No module named 'src.agents.agents_complete'">tests\unit\test_agents.py:5: in test_agents_module_loads
    mod = importlib.import_module("src.agents.agents_complete")
          ^^^^^^^^^^^^^^^^^^^^^^^^^^^^^^^^^^^^^^^^^^^^^^^^^^^^^
C:\Python313\Lib\importlib\__init__.py:88: in import_module
    return _bootstrap._gcd_import(name[level:], package, level)
           ^^^^^^^^^^^^^^^^^^^^^^^^^^^^^^^^^^^^^^^^^^^^^^^^^^^^
&lt;frozen importlib._bootstrap&gt;:1387: in _gcd_import
    ???
&lt;frozen importlib._bootstrap&gt;:1360: in _find_and_load
    ???
&lt;frozen importlib._bootstrap&gt;:1324: in _find_and_load_unlocked
    ???
E   ModuleNotFoundError: No module named 'src.agents.agents_complete'</failure></testcase><testcase classname="work.blog-generator.v10.tests.unit.test_agents_contracts" name="test_contract_shapes[TopicIdentificationAgent]" time="2.584"><failure message="ModuleNotFoundError: No module named 'agents.research'">tests\unit\test_agents_contracts.py:422: in test_contract_shapes
    agent, cfg, bus = instantiate_agent(agent_info)
                      ^^^^^^^^^^^^^^^^^^^^^^^^^^^^^
tests\unit\test_agents_contracts.py:390: in instantiate_agent
    mod = importlib.import_module(agent_info["module"])
          ^^^^^^^^^^^^^^^^^^^^^^^^^^^^^^^^^^^^^^^^^^^^^
C:\Python313\Lib\importlib\__init__.py:88: in import_module
    return _bootstrap._gcd_import(name[level:], package, level)
           ^^^^^^^^^^^^^^^^^^^^^^^^^^^^^^^^^^^^^^^^^^^^^^^^^^^^
&lt;frozen importlib._bootstrap&gt;:1387: in _gcd_import
    ???
&lt;frozen importlib._bootstrap&gt;:1360: in _find_and_load
    ???
&lt;frozen importlib._bootstrap&gt;:1310: in _find_and_load_unlocked
    ???
&lt;frozen importlib._bootstrap&gt;:488: in _call_with_frames_removed
    ???
&lt;frozen importlib._bootstrap&gt;:1387: in _gcd_import
    ???
&lt;frozen importlib._bootstrap&gt;:1360: in _find_and_load
    ???
&lt;frozen importlib._bootstrap&gt;:1324: in _find_and_load_unlocked
    ???
E   ModuleNotFoundError: No module named 'agents.research'</failure></testcase><testcase classname="work.blog-generator.v10.tests.unit.test_agents_contracts" name="test_contract_shapes[KBSearchAgent]" time="0.001"><failure message="ModuleNotFoundError: No module named 'agents.research'">tests\unit\test_agents_contracts.py:422: in test_contract_shapes
    agent, cfg, bus = instantiate_agent(agent_info)
                      ^^^^^^^^^^^^^^^^^^^^^^^^^^^^^
tests\unit\test_agents_contracts.py:390: in instantiate_agent
    mod = importlib.import_module(agent_info["module"])
          ^^^^^^^^^^^^^^^^^^^^^^^^^^^^^^^^^^^^^^^^^^^^^
C:\Python313\Lib\importlib\__init__.py:88: in import_module
    return _bootstrap._gcd_import(name[level:], package, level)
           ^^^^^^^^^^^^^^^^^^^^^^^^^^^^^^^^^^^^^^^^^^^^^^^^^^^^
&lt;frozen importlib._bootstrap&gt;:1387: in _gcd_import
    ???
&lt;frozen importlib._bootstrap&gt;:1360: in _find_and_load
    ???
&lt;frozen importlib._bootstrap&gt;:1310: in _find_and_load_unlocked
    ???
&lt;frozen importlib._bootstrap&gt;:488: in _call_with_frames_removed
    ???
&lt;frozen importlib._bootstrap&gt;:1387: in _gcd_import
    ???
&lt;frozen importlib._bootstrap&gt;:1360: in _find_and_load
    ???
&lt;frozen importlib._bootstrap&gt;:1324: in _find_and_load_unlocked
    ???
E   ModuleNotFoundError: No module named 'agents.research'</failure></testcase><testcase classname="work.blog-generator.v10.tests.unit.test_agents_contracts" name="test_contract_shapes[BlogSearchAgent]" time="0.001"><failure message="ModuleNotFoundError: No module named 'agents.research'">tests\unit\test_agents_contracts.py:422: in test_contract_shapes
    agent, cfg, bus = instantiate_agent(agent_info)
                      ^^^^^^^^^^^^^^^^^^^^^^^^^^^^^
tests\unit\test_agents_contracts.py:390: in instantiate_agent
    mod = importlib.import_module(agent_info["module"])
          ^^^^^^^^^^^^^^^^^^^^^^^^^^^^^^^^^^^^^^^^^^^^^
C:\Python313\Lib\importlib\__init__.py:88: in import_module
    return _bootstrap._gcd_import(name[level:], package, level)
           ^^^^^^^^^^^^^^^^^^^^^^^^^^^^^^^^^^^^^^^^^^^^^^^^^^^^
&lt;frozen importlib._bootstrap&gt;:1387: in _gcd_import
    ???
&lt;frozen importlib._bootstrap&gt;:1360: in _find_and_load
    ???
&lt;frozen importlib._bootstrap&gt;:1310: in _find_and_load_unlocked
    ???
&lt;frozen importlib._bootstrap&gt;:488: in _call_with_frames_removed
    ???
&lt;frozen importlib._bootstrap&gt;:1387: in _gcd_import
    ???
&lt;frozen importlib._bootstrap&gt;:1360: in _find_and_load
    ???
&lt;frozen importlib._bootstrap&gt;:1324: in _find_and_load_unlocked
    ???
E   ModuleNotFoundError: No module named 'agents.research'</failure></testcase><testcase classname="work.blog-generator.v10.tests.unit.test_agents_contracts" name="test_contract_shapes[APISearchAgent]" time="0.001"><failure message="ModuleNotFoundError: No module named 'agents.research'">tests\unit\test_agents_contracts.py:422: in test_contract_shapes
    agent, cfg, bus = instantiate_agent(agent_info)
                      ^^^^^^^^^^^^^^^^^^^^^^^^^^^^^
tests\unit\test_agents_contracts.py:390: in instantiate_agent
    mod = importlib.import_module(agent_info["module"])
          ^^^^^^^^^^^^^^^^^^^^^^^^^^^^^^^^^^^^^^^^^^^^^
C:\Python313\Lib\importlib\__init__.py:88: in import_module
    return _bootstrap._gcd_import(name[level:], package, level)
           ^^^^^^^^^^^^^^^^^^^^^^^^^^^^^^^^^^^^^^^^^^^^^^^^^^^^
&lt;frozen importlib._bootstrap&gt;:1387: in _gcd_import
    ???
&lt;frozen importlib._bootstrap&gt;:1360: in _find_and_load
    ???
&lt;frozen importlib._bootstrap&gt;:1310: in _find_and_load_unlocked
    ???
&lt;frozen importlib._bootstrap&gt;:488: in _call_with_frames_removed
    ???
&lt;frozen importlib._bootstrap&gt;:1387: in _gcd_import
    ???
&lt;frozen importlib._bootstrap&gt;:1360: in _find_and_load
    ???
&lt;frozen importlib._bootstrap&gt;:1324: in _find_and_load_unlocked
    ???
E   ModuleNotFoundError: No module named 'agents.research'</failure></testcase><testcase classname="work.blog-generator.v10.tests.unit.test_agents_contracts" name="test_contract_shapes[DuplicationCheckAgent]" time="0.001"><failure message="ModuleNotFoundError: No module named 'agents.research'">tests\unit\test_agents_contracts.py:422: in test_contract_shapes
    agent, cfg, bus = instantiate_agent(agent_info)
                      ^^^^^^^^^^^^^^^^^^^^^^^^^^^^^
tests\unit\test_agents_contracts.py:390: in instantiate_agent
    mod = importlib.import_module(agent_info["module"])
          ^^^^^^^^^^^^^^^^^^^^^^^^^^^^^^^^^^^^^^^^^^^^^
C:\Python313\Lib\importlib\__init__.py:88: in import_module
    return _bootstrap._gcd_import(name[level:], package, level)
           ^^^^^^^^^^^^^^^^^^^^^^^^^^^^^^^^^^^^^^^^^^^^^^^^^^^^
&lt;frozen importlib._bootstrap&gt;:1387: in _gcd_import
    ???
&lt;frozen importlib._bootstrap&gt;:1360: in _find_and_load
    ???
&lt;frozen importlib._bootstrap&gt;:1310: in _find_and_load_unlocked
    ???
&lt;frozen importlib._bootstrap&gt;:488: in _call_with_frames_removed
    ???
&lt;frozen importlib._bootstrap&gt;:1387: in _gcd_import
    ???
&lt;frozen importlib._bootstrap&gt;:1360: in _find_and_load
    ???
&lt;frozen importlib._bootstrap&gt;:1324: in _find_and_load_unlocked
    ???
E   ModuleNotFoundError: No module named 'agents.research'</failure></testcase><testcase classname="work.blog-generator.v10.tests.unit.test_agents_contracts" name="test_contract_shapes[CodeValidationAgent]" time="0.001"><failure message="ModuleNotFoundError: No module named 'agents.code'">tests\unit\test_agents_contracts.py:422: in test_contract_shapes
    agent, cfg, bus = instantiate_agent(agent_info)
                      ^^^^^^^^^^^^^^^^^^^^^^^^^^^^^
tests\unit\test_agents_contracts.py:390: in instantiate_agent
    mod = importlib.import_module(agent_info["module"])
          ^^^^^^^^^^^^^^^^^^^^^^^^^^^^^^^^^^^^^^^^^^^^^
C:\Python313\Lib\importlib\__init__.py:88: in import_module
    return _bootstrap._gcd_import(name[level:], package, level)
           ^^^^^^^^^^^^^^^^^^^^^^^^^^^^^^^^^^^^^^^^^^^^^^^^^^^^
&lt;frozen importlib._bootstrap&gt;:1387: in _gcd_import
    ???
&lt;frozen importlib._bootstrap&gt;:1360: in _find_and_load
    ???
&lt;frozen importlib._bootstrap&gt;:1310: in _find_and_load_unlocked
    ???
&lt;frozen importlib._bootstrap&gt;:488: in _call_with_frames_removed
    ???
&lt;frozen importlib._bootstrap&gt;:1387: in _gcd_import
    ???
&lt;frozen importlib._bootstrap&gt;:1360: in _find_and_load
    ???
&lt;frozen importlib._bootstrap&gt;:1324: in _find_and_load_unlocked
    ???
E   ModuleNotFoundError: No module named 'agents.code'</failure></testcase><testcase classname="work.blog-generator.v10.tests.unit.test_agents_contracts" name="test_contract_shapes[CodeSplittingAgent]" time="0.001"><failure message="ModuleNotFoundError: No module named 'agents.code'">tests\unit\test_agents_contracts.py:422: in test_contract_shapes
    agent, cfg, bus = instantiate_agent(agent_info)
                      ^^^^^^^^^^^^^^^^^^^^^^^^^^^^^
tests\unit\test_agents_contracts.py:390: in instantiate_agent
    mod = importlib.import_module(agent_info["module"])
          ^^^^^^^^^^^^^^^^^^^^^^^^^^^^^^^^^^^^^^^^^^^^^
C:\Python313\Lib\importlib\__init__.py:88: in import_module
    return _bootstrap._gcd_import(name[level:], package, level)
           ^^^^^^^^^^^^^^^^^^^^^^^^^^^^^^^^^^^^^^^^^^^^^^^^^^^^
&lt;frozen importlib._bootstrap&gt;:1387: in _gcd_import
    ???
&lt;frozen importlib._bootstrap&gt;:1360: in _find_and_load
    ???
&lt;frozen importlib._bootstrap&gt;:1310: in _find_and_load_unlocked
    ???
&lt;frozen importlib._bootstrap&gt;:488: in _call_with_frames_removed
    ???
&lt;frozen importlib._bootstrap&gt;:1387: in _gcd_import
    ???
&lt;frozen importlib._bootstrap&gt;:1360: in _find_and_load
    ???
&lt;frozen importlib._bootstrap&gt;:1324: in _find_and_load_unlocked
    ???
E   ModuleNotFoundError: No module named 'agents.code'</failure></testcase><testcase classname="work.blog-generator.v10.tests.unit.test_agents_contracts" name="test_contract_shapes[LicenseInjectionAgent]" time="0.001"><failure message="ModuleNotFoundError: No module named 'agents.code'">tests\unit\test_agents_contracts.py:422: in test_contract_shapes
    agent, cfg, bus = instantiate_agent(agent_info)
                      ^^^^^^^^^^^^^^^^^^^^^^^^^^^^^
tests\unit\test_agents_contracts.py:390: in instantiate_agent
    mod = importlib.import_module(agent_info["module"])
          ^^^^^^^^^^^^^^^^^^^^^^^^^^^^^^^^^^^^^^^^^^^^^
C:\Python313\Lib\importlib\__init__.py:88: in import_module
    return _bootstrap._gcd_import(name[level:], package, level)
           ^^^^^^^^^^^^^^^^^^^^^^^^^^^^^^^^^^^^^^^^^^^^^^^^^^^^
&lt;frozen importlib._bootstrap&gt;:1387: in _gcd_import
    ???
&lt;frozen importlib._bootstrap&gt;:1360: in _find_and_load
    ???
&lt;frozen importlib._bootstrap&gt;:1310: in _find_and_load_unlocked
    ???
&lt;frozen importlib._bootstrap&gt;:488: in _call_with_frames_removed
    ???
&lt;frozen importlib._bootstrap&gt;:1387: in _gcd_import
    ???
&lt;frozen importlib._bootstrap&gt;:1360: in _find_and_load
    ???
&lt;frozen importlib._bootstrap&gt;:1324: in _find_and_load_unlocked
    ???
E   ModuleNotFoundError: No module named 'agents.code'</failure></testcase><testcase classname="work.blog-generator.v10.tests.unit.test_agents_contracts" name="test_contract_shapes[CodeGenerationAgent]" time="0.001"><failure message="ModuleNotFoundError: No module named 'agents.code'">tests\unit\test_agents_contracts.py:422: in test_contract_shapes
    agent, cfg, bus = instantiate_agent(agent_info)
                      ^^^^^^^^^^^^^^^^^^^^^^^^^^^^^
tests\unit\test_agents_contracts.py:390: in instantiate_agent
    mod = importlib.import_module(agent_info["module"])
          ^^^^^^^^^^^^^^^^^^^^^^^^^^^^^^^^^^^^^^^^^^^^^
C:\Python313\Lib\importlib\__init__.py:88: in import_module
    return _bootstrap._gcd_import(name[level:], package, level)
           ^^^^^^^^^^^^^^^^^^^^^^^^^^^^^^^^^^^^^^^^^^^^^^^^^^^^
&lt;frozen importlib._bootstrap&gt;:1387: in _gcd_import
    ???
&lt;frozen importlib._bootstrap&gt;:1360: in _find_and_load
    ???
&lt;frozen importlib._bootstrap&gt;:1310: in _find_and_load_unlocked
    ???
&lt;frozen importlib._bootstrap&gt;:488: in _call_with_frames_removed
    ???
&lt;frozen importlib._bootstrap&gt;:1387: in _gcd_import
    ???
&lt;frozen importlib._bootstrap&gt;:1360: in _find_and_load
    ???
&lt;frozen importlib._bootstrap&gt;:1324: in _find_and_load_unlocked
    ???
E   ModuleNotFoundError: No module named 'agents.code'</failure></testcase><testcase classname="work.blog-generator.v10.tests.unit.test_agents_contracts" name="test_contract_shapes[CodeExtractionAgent]" time="0.001"><failure message="ModuleNotFoundError: No module named 'agents.code'">tests\unit\test_agents_contracts.py:422: in test_contract_shapes
    agent, cfg, bus = instantiate_agent(agent_info)
                      ^^^^^^^^^^^^^^^^^^^^^^^^^^^^^
tests\unit\test_agents_contracts.py:390: in instantiate_agent
    mod = importlib.import_module(agent_info["module"])
          ^^^^^^^^^^^^^^^^^^^^^^^^^^^^^^^^^^^^^^^^^^^^^
C:\Python313\Lib\importlib\__init__.py:88: in import_module
    return _bootstrap._gcd_import(name[level:], package, level)
           ^^^^^^^^^^^^^^^^^^^^^^^^^^^^^^^^^^^^^^^^^^^^^^^^^^^^
&lt;frozen importlib._bootstrap&gt;:1387: in _gcd_import
    ???
&lt;frozen importlib._bootstrap&gt;:1360: in _find_and_load
    ???
&lt;frozen importlib._bootstrap&gt;:1310: in _find_and_load_unlocked
    ???
&lt;frozen importlib._bootstrap&gt;:488: in _call_with_frames_removed
    ???
&lt;frozen importlib._bootstrap&gt;:1387: in _gcd_import
    ???
&lt;frozen importlib._bootstrap&gt;:1360: in _find_and_load
    ???
&lt;frozen importlib._bootstrap&gt;:1324: in _find_and_load_unlocked
    ???
E   ModuleNotFoundError: No module named 'agents.code'</failure></testcase><testcase classname="work.blog-generator.v10.tests.unit.test_agents_contracts" name="test_contract_shapes[BlogIngestionAgent]" time="0.001"><failure message="ModuleNotFoundError: No module named 'agents.ingestion'">tests\unit\test_agents_contracts.py:422: in test_contract_shapes
    agent, cfg, bus = instantiate_agent(agent_info)
                      ^^^^^^^^^^^^^^^^^^^^^^^^^^^^^
tests\unit\test_agents_contracts.py:390: in instantiate_agent
    mod = importlib.import_module(agent_info["module"])
          ^^^^^^^^^^^^^^^^^^^^^^^^^^^^^^^^^^^^^^^^^^^^^
C:\Python313\Lib\importlib\__init__.py:88: in import_module
    return _bootstrap._gcd_import(name[level:], package, level)
           ^^^^^^^^^^^^^^^^^^^^^^^^^^^^^^^^^^^^^^^^^^^^^^^^^^^^
&lt;frozen importlib._bootstrap&gt;:1387: in _gcd_import
    ???
&lt;frozen importlib._bootstrap&gt;:1360: in _find_and_load
    ???
&lt;frozen importlib._bootstrap&gt;:1310: in _find_and_load_unlocked
    ???
&lt;frozen importlib._bootstrap&gt;:488: in _call_with_frames_removed
    ???
&lt;frozen importlib._bootstrap&gt;:1387: in _gcd_import
    ???
&lt;frozen importlib._bootstrap&gt;:1360: in _find_and_load
    ???
&lt;frozen importlib._bootstrap&gt;:1324: in _find_and_load_unlocked
    ???
E   ModuleNotFoundError: No module named 'agents.ingestion'</failure></testcase><testcase classname="work.blog-generator.v10.tests.unit.test_agents_contracts" name="test_contract_shapes[KBIngestionAgent]" time="0.001"><failure message="ModuleNotFoundError: No module named 'agents.ingestion'">tests\unit\test_agents_contracts.py:422: in test_contract_shapes
    agent, cfg, bus = instantiate_agent(agent_info)
                      ^^^^^^^^^^^^^^^^^^^^^^^^^^^^^
tests\unit\test_agents_contracts.py:390: in instantiate_agent
    mod = importlib.import_module(agent_info["module"])
          ^^^^^^^^^^^^^^^^^^^^^^^^^^^^^^^^^^^^^^^^^^^^^
C:\Python313\Lib\importlib\__init__.py:88: in import_module
    return _bootstrap._gcd_import(name[level:], package, level)
           ^^^^^^^^^^^^^^^^^^^^^^^^^^^^^^^^^^^^^^^^^^^^^^^^^^^^
&lt;frozen importlib._bootstrap&gt;:1387: in _gcd_import
    ???
&lt;frozen importlib._bootstrap&gt;:1360: in _find_and_load
    ???
&lt;frozen importlib._bootstrap&gt;:1310: in _find_and_load_unlocked
    ???
&lt;frozen importlib._bootstrap&gt;:488: in _call_with_frames_removed
    ???
&lt;frozen importlib._bootstrap&gt;:1387: in _gcd_import
    ???
&lt;frozen importlib._bootstrap&gt;:1360: in _find_and_load
    ???
&lt;frozen importlib._bootstrap&gt;:1324: in _find_and_load_unlocked
    ???
E   ModuleNotFoundError: No module named 'agents.ingestion'</failure></testcase><testcase classname="work.blog-generator.v10.tests.unit.test_agents_contracts" name="test_contract_shapes[APIIngestionAgent]" time="0.001"><failure message="ModuleNotFoundError: No module named 'agents.ingestion'">tests\unit\test_agents_contracts.py:422: in test_contract_shapes
    agent, cfg, bus = instantiate_agent(agent_info)
                      ^^^^^^^^^^^^^^^^^^^^^^^^^^^^^
tests\unit\test_agents_contracts.py:390: in instantiate_agent
    mod = importlib.import_module(agent_info["module"])
          ^^^^^^^^^^^^^^^^^^^^^^^^^^^^^^^^^^^^^^^^^^^^^
C:\Python313\Lib\importlib\__init__.py:88: in import_module
    return _bootstrap._gcd_import(name[level:], package, level)
           ^^^^^^^^^^^^^^^^^^^^^^^^^^^^^^^^^^^^^^^^^^^^^^^^^^^^
&lt;frozen importlib._bootstrap&gt;:1387: in _gcd_import
    ???
&lt;frozen importlib._bootstrap&gt;:1360: in _find_and_load
    ???
&lt;frozen importlib._bootstrap&gt;:1310: in _find_and_load_unlocked
    ???
&lt;frozen importlib._bootstrap&gt;:488: in _call_with_frames_removed
    ???
&lt;frozen importlib._bootstrap&gt;:1387: in _gcd_import
    ???
&lt;frozen importlib._bootstrap&gt;:1360: in _find_and_load
    ???
&lt;frozen importlib._bootstrap&gt;:1324: in _find_and_load_unlocked
    ???
E   ModuleNotFoundError: No module named 'agents.ingestion'</failure></testcase><testcase classname="work.blog-generator.v10.tests.unit.test_agents_contracts" name="test_contract_shapes[SupplementaryContentAgent]" time="0.001"><failure message="ModuleNotFoundError: No module named 'agents.content'">tests\unit\test_agents_contracts.py:422: in test_contract_shapes
    agent, cfg, bus = instantiate_agent(agent_info)
                      ^^^^^^^^^^^^^^^^^^^^^^^^^^^^^
tests\unit\test_agents_contracts.py:390: in instantiate_agent
    mod = importlib.import_module(agent_info["module"])
          ^^^^^^^^^^^^^^^^^^^^^^^^^^^^^^^^^^^^^^^^^^^^^
C:\Python313\Lib\importlib\__init__.py:88: in import_module
    return _bootstrap._gcd_import(name[level:], package, level)
           ^^^^^^^^^^^^^^^^^^^^^^^^^^^^^^^^^^^^^^^^^^^^^^^^^^^^
&lt;frozen importlib._bootstrap&gt;:1387: in _gcd_import
    ???
&lt;frozen importlib._bootstrap&gt;:1360: in _find_and_load
    ???
&lt;frozen importlib._bootstrap&gt;:1310: in _find_and_load_unlocked
    ???
&lt;frozen importlib._bootstrap&gt;:488: in _call_with_frames_removed
    ???
&lt;frozen importlib._bootstrap&gt;:1387: in _gcd_import
    ???
&lt;frozen importlib._bootstrap&gt;:1360: in _find_and_load
    ???
&lt;frozen importlib._bootstrap&gt;:1324: in _find_and_load_unlocked
    ???
E   ModuleNotFoundError: No module named 'agents.content'</failure></testcase><testcase classname="work.blog-generator.v10.tests.unit.test_agents_contracts" name="test_contract_shapes[IntroductionWriterAgent]" time="0.001"><failure message="ModuleNotFoundError: No module named 'agents.content'">tests\unit\test_agents_contracts.py:422: in test_contract_shapes
    agent, cfg, bus = instantiate_agent(agent_info)
                      ^^^^^^^^^^^^^^^^^^^^^^^^^^^^^
tests\unit\test_agents_contracts.py:390: in instantiate_agent
    mod = importlib.import_module(agent_info["module"])
          ^^^^^^^^^^^^^^^^^^^^^^^^^^^^^^^^^^^^^^^^^^^^^
C:\Python313\Lib\importlib\__init__.py:88: in import_module
    return _bootstrap._gcd_import(name[level:], package, level)
           ^^^^^^^^^^^^^^^^^^^^^^^^^^^^^^^^^^^^^^^^^^^^^^^^^^^^
&lt;frozen importlib._bootstrap&gt;:1387: in _gcd_import
    ???
&lt;frozen importlib._bootstrap&gt;:1360: in _find_and_load
    ???
&lt;frozen importlib._bootstrap&gt;:1310: in _find_and_load_unlocked
    ???
&lt;frozen importlib._bootstrap&gt;:488: in _call_with_frames_removed
    ???
&lt;frozen importlib._bootstrap&gt;:1387: in _gcd_import
    ???
&lt;frozen importlib._bootstrap&gt;:1360: in _find_and_load
    ???
&lt;frozen importlib._bootstrap&gt;:1324: in _find_and_load_unlocked
    ???
E   ModuleNotFoundError: No module named 'agents.content'</failure></testcase><testcase classname="work.blog-generator.v10.tests.unit.test_agents_contracts" name="test_contract_shapes[SectionWriterAgent]" time="0.001"><failure message="ModuleNotFoundError: No module named 'agents.content'">tests\unit\test_agents_contracts.py:422: in test_contract_shapes
    agent, cfg, bus = instantiate_agent(agent_info)
                      ^^^^^^^^^^^^^^^^^^^^^^^^^^^^^
tests\unit\test_agents_contracts.py:390: in instantiate_agent
    mod = importlib.import_module(agent_info["module"])
          ^^^^^^^^^^^^^^^^^^^^^^^^^^^^^^^^^^^^^^^^^^^^^
C:\Python313\Lib\importlib\__init__.py:88: in import_module
    return _bootstrap._gcd_import(name[level:], package, level)
           ^^^^^^^^^^^^^^^^^^^^^^^^^^^^^^^^^^^^^^^^^^^^^^^^^^^^
&lt;frozen importlib._bootstrap&gt;:1387: in _gcd_import
    ???
&lt;frozen importlib._bootstrap&gt;:1360: in _find_and_load
    ???
&lt;frozen importlib._bootstrap&gt;:1310: in _find_and_load_unlocked
    ???
&lt;frozen importlib._bootstrap&gt;:488: in _call_with_frames_removed
    ???
&lt;frozen importlib._bootstrap&gt;:1387: in _gcd_import
    ???
&lt;frozen importlib._bootstrap&gt;:1360: in _find_and_load
    ???
&lt;frozen importlib._bootstrap&gt;:1324: in _find_and_load_unlocked
    ???
E   ModuleNotFoundError: No module named 'agents.content'</failure></testcase><testcase classname="work.blog-generator.v10.tests.unit.test_agents_contracts" name="test_contract_shapes[OutlineCreationAgent]" time="0.001"><failure message="ModuleNotFoundError: No module named 'agents.content'">tests\unit\test_agents_contracts.py:422: in test_contract_shapes
    agent, cfg, bus = instantiate_agent(agent_info)
                      ^^^^^^^^^^^^^^^^^^^^^^^^^^^^^
tests\unit\test_agents_contracts.py:390: in instantiate_agent
    mod = importlib.import_module(agent_info["module"])
          ^^^^^^^^^^^^^^^^^^^^^^^^^^^^^^^^^^^^^^^^^^^^^
C:\Python313\Lib\importlib\__init__.py:88: in import_module
    return _bootstrap._gcd_import(name[level:], package, level)
           ^^^^^^^^^^^^^^^^^^^^^^^^^^^^^^^^^^^^^^^^^^^^^^^^^^^^
&lt;frozen importlib._bootstrap&gt;:1387: in _gcd_import
    ???
&lt;frozen importlib._bootstrap&gt;:1360: in _find_and_load
    ???
&lt;frozen importlib._bootstrap&gt;:1310: in _find_and_load_unlocked
    ???
&lt;frozen importlib._bootstrap&gt;:488: in _call_with_frames_removed
    ???
&lt;frozen importlib._bootstrap&gt;:1387: in _gcd_import
    ???
&lt;frozen importlib._bootstrap&gt;:1360: in _find_and_load
    ???
&lt;frozen importlib._bootstrap&gt;:1324: in _find_and_load_unlocked
    ???
E   ModuleNotFoundError: No module named 'agents.content'</failure></testcase><testcase classname="work.blog-generator.v10.tests.unit.test_agents_contracts" name="test_contract_shapes[ContentAssemblyAgent]" time="0.001"><failure message="ModuleNotFoundError: No module named 'agents.content'">tests\unit\test_agents_contracts.py:422: in test_contract_shapes
    agent, cfg, bus = instantiate_agent(agent_info)
                      ^^^^^^^^^^^^^^^^^^^^^^^^^^^^^
tests\unit\test_agents_contracts.py:390: in instantiate_agent
    mod = importlib.import_module(agent_info["module"])
          ^^^^^^^^^^^^^^^^^^^^^^^^^^^^^^^^^^^^^^^^^^^^^
C:\Python313\Lib\importlib\__init__.py:88: in import_module
    return _bootstrap._gcd_import(name[level:], package, level)
           ^^^^^^^^^^^^^^^^^^^^^^^^^^^^^^^^^^^^^^^^^^^^^^^^^^^^
&lt;frozen importlib._bootstrap&gt;:1387: in _gcd_import
    ???
&lt;frozen importlib._bootstrap&gt;:1360: in _find_and_load
    ???
&lt;frozen importlib._bootstrap&gt;:1310: in _find_and_load_unlocked
    ???
&lt;frozen importlib._bootstrap&gt;:488: in _call_with_frames_removed
    ???
&lt;frozen importlib._bootstrap&gt;:1387: in _gcd_import
    ???
&lt;frozen importlib._bootstrap&gt;:1360: in _find_and_load
    ???
&lt;frozen importlib._bootstrap&gt;:1324: in _find_and_load_unlocked
    ???
E   ModuleNotFoundError: No module named 'agents.content'</failure></testcase><testcase classname="work.blog-generator.v10.tests.unit.test_agents_contracts" name="test_contract_shapes[ConclusionWriterAgent]" time="0.001"><failure message="ModuleNotFoundError: No module named 'agents.content'">tests\unit\test_agents_contracts.py:422: in test_contract_shapes
    agent, cfg, bus = instantiate_agent(agent_info)
                      ^^^^^^^^^^^^^^^^^^^^^^^^^^^^^
tests\unit\test_agents_contracts.py:390: in instantiate_agent
    mod = importlib.import_module(agent_info["module"])
          ^^^^^^^^^^^^^^^^^^^^^^^^^^^^^^^^^^^^^^^^^^^^^
C:\Python313\Lib\importlib\__init__.py:88: in import_module
    return _bootstrap._gcd_import(name[level:], package, level)
           ^^^^^^^^^^^^^^^^^^^^^^^^^^^^^^^^^^^^^^^^^^^^^^^^^^^^
&lt;frozen importlib._bootstrap&gt;:1387: in _gcd_import
    ???
&lt;frozen importlib._bootstrap&gt;:1360: in _find_and_load
    ???
&lt;frozen importlib._bootstrap&gt;:1310: in _find_and_load_unlocked
    ???
&lt;frozen importlib._bootstrap&gt;:488: in _call_with_frames_removed
    ???
&lt;frozen importlib._bootstrap&gt;:1387: in _gcd_import
    ???
&lt;frozen importlib._bootstrap&gt;:1360: in _find_and_load
    ???
&lt;frozen importlib._bootstrap&gt;:1324: in _find_and_load_unlocked
    ???
E   ModuleNotFoundError: No module named 'agents.content'</failure></testcase><testcase classname="work.blog-generator.v10.tests.unit.test_agents_contracts" name="test_contract_shapes[LinkValidationAgent]" time="0.001"><failure message="ModuleNotFoundError: No module named 'agents.publishing'">tests\unit\test_agents_contracts.py:422: in test_contract_shapes
    agent, cfg, bus = instantiate_agent(agent_info)
                      ^^^^^^^^^^^^^^^^^^^^^^^^^^^^^
tests\unit\test_agents_contracts.py:390: in instantiate_agent
    mod = importlib.import_module(agent_info["module"])
          ^^^^^^^^^^^^^^^^^^^^^^^^^^^^^^^^^^^^^^^^^^^^^
C:\Python313\Lib\importlib\__init__.py:88: in import_module
    return _bootstrap._gcd_import(name[level:], package, level)
           ^^^^^^^^^^^^^^^^^^^^^^^^^^^^^^^^^^^^^^^^^^^^^^^^^^^^
&lt;frozen importlib._bootstrap&gt;:1387: in _gcd_import
    ???
&lt;frozen importlib._bootstrap&gt;:1360: in _find_and_load
    ???
&lt;frozen importlib._bootstrap&gt;:1310: in _find_and_load_unlocked
    ???
&lt;frozen importlib._bootstrap&gt;:488: in _call_with_frames_removed
    ???
&lt;frozen importlib._bootstrap&gt;:1387: in _gcd_import
    ???
&lt;frozen importlib._bootstrap&gt;:1360: in _find_and_load
    ???
&lt;frozen importlib._bootstrap&gt;:1324: in _find_and_load_unlocked
    ???
E   ModuleNotFoundError: No module named 'agents.publishing'</failure></testcase><testcase classname="work.blog-generator.v10.tests.unit.test_agents_contracts" name="test_contract_shapes[GistUploadAgent]" time="0.001"><failure message="ModuleNotFoundError: No module named 'agents.publishing'">tests\unit\test_agents_contracts.py:422: in test_contract_shapes
    agent, cfg, bus = instantiate_agent(agent_info)
                      ^^^^^^^^^^^^^^^^^^^^^^^^^^^^^
tests\unit\test_agents_contracts.py:390: in instantiate_agent
    mod = importlib.import_module(agent_info["module"])
          ^^^^^^^^^^^^^^^^^^^^^^^^^^^^^^^^^^^^^^^^^^^^^
C:\Python313\Lib\importlib\__init__.py:88: in import_module
    return _bootstrap._gcd_import(name[level:], package, level)
           ^^^^^^^^^^^^^^^^^^^^^^^^^^^^^^^^^^^^^^^^^^^^^^^^^^^^
&lt;frozen importlib._bootstrap&gt;:1387: in _gcd_import
    ???
&lt;frozen importlib._bootstrap&gt;:1360: in _find_and_load
    ???
&lt;frozen importlib._bootstrap&gt;:1310: in _find_and_load_unlocked
    ???
&lt;frozen importlib._bootstrap&gt;:488: in _call_with_frames_removed
    ???
&lt;frozen importlib._bootstrap&gt;:1387: in _gcd_import
    ???
&lt;frozen importlib._bootstrap&gt;:1360: in _find_and_load
    ???
&lt;frozen importlib._bootstrap&gt;:1324: in _find_and_load_unlocked
    ???
E   ModuleNotFoundError: No module named 'agents.publishing'</failure></testcase><testcase classname="work.blog-generator.v10.tests.unit.test_agents_contracts" name="test_contract_shapes[GistREADMEAgent]" time="0.001"><failure message="ModuleNotFoundError: No module named 'agents.publishing'">tests\unit\test_agents_contracts.py:422: in test_contract_shapes
    agent, cfg, bus = instantiate_agent(agent_info)
                      ^^^^^^^^^^^^^^^^^^^^^^^^^^^^^
tests\unit\test_agents_contracts.py:390: in instantiate_agent
    mod = importlib.import_module(agent_info["module"])
          ^^^^^^^^^^^^^^^^^^^^^^^^^^^^^^^^^^^^^^^^^^^^^
C:\Python313\Lib\importlib\__init__.py:88: in import_module
    return _bootstrap._gcd_import(name[level:], package, level)
           ^^^^^^^^^^^^^^^^^^^^^^^^^^^^^^^^^^^^^^^^^^^^^^^^^^^^
&lt;frozen importlib._bootstrap&gt;:1387: in _gcd_import
    ???
&lt;frozen importlib._bootstrap&gt;:1360: in _find_and_load
    ???
&lt;frozen importlib._bootstrap&gt;:1310: in _find_and_load_unlocked
    ???
&lt;frozen importlib._bootstrap&gt;:488: in _call_with_frames_removed
    ???
&lt;frozen importlib._bootstrap&gt;:1387: in _gcd_import
    ???
&lt;frozen importlib._bootstrap&gt;:1360: in _find_and_load
    ???
&lt;frozen importlib._bootstrap&gt;:1324: in _find_and_load_unlocked
    ???
E   ModuleNotFoundError: No module named 'agents.publishing'</failure></testcase><testcase classname="work.blog-generator.v10.tests.unit.test_agents_contracts" name="test_contract_shapes[FileWriterAgent]" time="0.001"><failure message="ModuleNotFoundError: No module named 'agents.publishing'">tests\unit\test_agents_contracts.py:422: in test_contract_shapes
    agent, cfg, bus = instantiate_agent(agent_info)
                      ^^^^^^^^^^^^^^^^^^^^^^^^^^^^^
tests\unit\test_agents_contracts.py:390: in instantiate_agent
    mod = importlib.import_module(agent_info["module"])
          ^^^^^^^^^^^^^^^^^^^^^^^^^^^^^^^^^^^^^^^^^^^^^
C:\Python313\Lib\importlib\__init__.py:88: in import_module
    return _bootstrap._gcd_import(name[level:], package, level)
           ^^^^^^^^^^^^^^^^^^^^^^^^^^^^^^^^^^^^^^^^^^^^^^^^^^^^
&lt;frozen importlib._bootstrap&gt;:1387: in _gcd_import
    ???
&lt;frozen importlib._bootstrap&gt;:1360: in _find_and_load
    ???
&lt;frozen importlib._bootstrap&gt;:1310: in _find_and_load_unlocked
    ???
&lt;frozen importlib._bootstrap&gt;:488: in _call_with_frames_removed
    ???
&lt;frozen importlib._bootstrap&gt;:1387: in _gcd_import
    ???
&lt;frozen importlib._bootstrap&gt;:1360: in _find_and_load
    ???
&lt;frozen importlib._bootstrap&gt;:1324: in _find_and_load_unlocked
    ???
E   ModuleNotFoundError: No module named 'agents.publishing'</failure></testcase><testcase classname="work.blog-generator.v10.tests.unit.test_agents_contracts" name="test_contract_shapes[FrontmatterAgent]" time="0.001"><failure message="ModuleNotFoundError: No module named 'agents.publishing'">tests\unit\test_agents_contracts.py:422: in test_contract_shapes
    agent, cfg, bus = instantiate_agent(agent_info)
                      ^^^^^^^^^^^^^^^^^^^^^^^^^^^^^
tests\unit\test_agents_contracts.py:390: in instantiate_agent
    mod = importlib.import_module(agent_info["module"])
          ^^^^^^^^^^^^^^^^^^^^^^^^^^^^^^^^^^^^^^^^^^^^^
C:\Python313\Lib\importlib\__init__.py:88: in import_module
    return _bootstrap._gcd_import(name[level:], package, level)
           ^^^^^^^^^^^^^^^^^^^^^^^^^^^^^^^^^^^^^^^^^^^^^^^^^^^^
&lt;frozen importlib._bootstrap&gt;:1387: in _gcd_import
    ???
&lt;frozen importlib._bootstrap&gt;:1360: in _find_and_load
    ???
&lt;frozen importlib._bootstrap&gt;:1310: in _find_and_load_unlocked
    ???
&lt;frozen importlib._bootstrap&gt;:488: in _call_with_frames_removed
    ???
&lt;frozen importlib._bootstrap&gt;:1387: in _gcd_import
    ???
&lt;frozen importlib._bootstrap&gt;:1360: in _find_and_load
    ???
&lt;frozen importlib._bootstrap&gt;:1324: in _find_and_load_unlocked
    ???
E   ModuleNotFoundError: No module named 'agents.publishing'</failure></testcase><testcase classname="work.blog-generator.v10.tests.unit.test_agents_contracts" name="test_contract_shapes[ModelSelectionAgent]" time="0.001"><failure message="ModuleNotFoundError: No module named 'agents.support'">tests\unit\test_agents_contracts.py:422: in test_contract_shapes
    agent, cfg, bus = instantiate_agent(agent_info)
                      ^^^^^^^^^^^^^^^^^^^^^^^^^^^^^
tests\unit\test_agents_contracts.py:390: in instantiate_agent
    mod = importlib.import_module(agent_info["module"])
          ^^^^^^^^^^^^^^^^^^^^^^^^^^^^^^^^^^^^^^^^^^^^^
C:\Python313\Lib\importlib\__init__.py:88: in import_module
    return _bootstrap._gcd_import(name[level:], package, level)
           ^^^^^^^^^^^^^^^^^^^^^^^^^^^^^^^^^^^^^^^^^^^^^^^^^^^^
&lt;frozen importlib._bootstrap&gt;:1387: in _gcd_import
    ???
&lt;frozen importlib._bootstrap&gt;:1360: in _find_and_load
    ???
&lt;frozen importlib._bootstrap&gt;:1310: in _find_and_load_unlocked
    ???
&lt;frozen importlib._bootstrap&gt;:488: in _call_with_frames_removed
    ???
&lt;frozen importlib._bootstrap&gt;:1387: in _gcd_import
    ???
&lt;frozen importlib._bootstrap&gt;:1360: in _find_and_load
    ???
&lt;frozen importlib._bootstrap&gt;:1324: in _find_and_load_unlocked
    ???
E   ModuleNotFoundError: No module named 'agents.support'</failure></testcase><testcase classname="work.blog-generator.v10.tests.unit.test_agents_contracts" name="test_contract_shapes[ErrorRecoveryAgent]" time="0.001"><failure message="ModuleNotFoundError: No module named 'agents.support'">tests\unit\test_agents_contracts.py:422: in test_contract_shapes
    agent, cfg, bus = instantiate_agent(agent_info)
                      ^^^^^^^^^^^^^^^^^^^^^^^^^^^^^
tests\unit\test_agents_contracts.py:390: in instantiate_agent
    mod = importlib.import_module(agent_info["module"])
          ^^^^^^^^^^^^^^^^^^^^^^^^^^^^^^^^^^^^^^^^^^^^^
C:\Python313\Lib\importlib\__init__.py:88: in import_module
    return _bootstrap._gcd_import(name[level:], package, level)
           ^^^^^^^^^^^^^^^^^^^^^^^^^^^^^^^^^^^^^^^^^^^^^^^^^^^^
&lt;frozen importlib._bootstrap&gt;:1387: in _gcd_import
    ???
&lt;frozen importlib._bootstrap&gt;:1360: in _find_and_load
    ???
&lt;frozen importlib._bootstrap&gt;:1310: in _find_and_load_unlocked
    ???
&lt;frozen importlib._bootstrap&gt;:488: in _call_with_frames_removed
    ???
&lt;frozen importlib._bootstrap&gt;:1387: in _gcd_import
    ???
&lt;frozen importlib._bootstrap&gt;:1360: in _find_and_load
    ???
&lt;frozen importlib._bootstrap&gt;:1324: in _find_and_load_unlocked
    ???
E   ModuleNotFoundError: No module named 'agents.support'</failure></testcase><testcase classname="work.blog-generator.v10.tests.unit.test_agents_contracts" name="test_contract_shapes[KeywordExtractionAgent]" time="0.001"><failure message="ModuleNotFoundError: No module named 'agents.seo'">tests\unit\test_agents_contracts.py:422: in test_contract_shapes
    agent, cfg, bus = instantiate_agent(agent_info)
                      ^^^^^^^^^^^^^^^^^^^^^^^^^^^^^
tests\unit\test_agents_contracts.py:390: in instantiate_agent
    mod = importlib.import_module(agent_info["module"])
          ^^^^^^^^^^^^^^^^^^^^^^^^^^^^^^^^^^^^^^^^^^^^^
C:\Python313\Lib\importlib\__init__.py:88: in import_module
    return _bootstrap._gcd_import(name[level:], package, level)
           ^^^^^^^^^^^^^^^^^^^^^^^^^^^^^^^^^^^^^^^^^^^^^^^^^^^^
&lt;frozen importlib._bootstrap&gt;:1387: in _gcd_import
    ???
&lt;frozen importlib._bootstrap&gt;:1360: in _find_and_load
    ???
&lt;frozen importlib._bootstrap&gt;:1310: in _find_and_load_unlocked
    ???
&lt;frozen importlib._bootstrap&gt;:488: in _call_with_frames_removed
    ???
&lt;frozen importlib._bootstrap&gt;:1387: in _gcd_import
    ???
&lt;frozen importlib._bootstrap&gt;:1360: in _find_and_load
    ???
&lt;frozen importlib._bootstrap&gt;:1324: in _find_and_load_unlocked
    ???
E   ModuleNotFoundError: No module named 'agents.seo'</failure></testcase><testcase classname="work.blog-generator.v10.tests.unit.test_agents_contracts" name="test_contract_shapes[KeywordInjectionAgent]" time="0.001"><failure message="ModuleNotFoundError: No module named 'agents.seo'">tests\unit\test_agents_contracts.py:422: in test_contract_shapes
    agent, cfg, bus = instantiate_agent(agent_info)
                      ^^^^^^^^^^^^^^^^^^^^^^^^^^^^^
tests\unit\test_agents_contracts.py:390: in instantiate_agent
    mod = importlib.import_module(agent_info["module"])
          ^^^^^^^^^^^^^^^^^^^^^^^^^^^^^^^^^^^^^^^^^^^^^
C:\Python313\Lib\importlib\__init__.py:88: in import_module
    return _bootstrap._gcd_import(name[level:], package, level)
           ^^^^^^^^^^^^^^^^^^^^^^^^^^^^^^^^^^^^^^^^^^^^^^^^^^^^
&lt;frozen importlib._bootstrap&gt;:1387: in _gcd_import
    ???
&lt;frozen importlib._bootstrap&gt;:1360: in _find_and_load
    ???
&lt;frozen importlib._bootstrap&gt;:1310: in _find_and_load_unlocked
    ???
&lt;frozen importlib._bootstrap&gt;:488: in _call_with_frames_removed
    ???
&lt;frozen importlib._bootstrap&gt;:1387: in _gcd_import
    ???
&lt;frozen importlib._bootstrap&gt;:1360: in _find_and_load
    ???
&lt;frozen importlib._bootstrap&gt;:1324: in _find_and_load_unlocked
    ???
E   ModuleNotFoundError: No module named 'agents.seo'</failure></testcase><testcase classname="work.blog-generator.v10.tests.unit.test_agents_contracts" name="test_contract_shapes[SEOMetadataAgent]" time="0.001"><failure message="ModuleNotFoundError: No module named 'agents.seo'">tests\unit\test_agents_contracts.py:422: in test_contract_shapes
    agent, cfg, bus = instantiate_agent(agent_info)
                      ^^^^^^^^^^^^^^^^^^^^^^^^^^^^^
tests\unit\test_agents_contracts.py:390: in instantiate_agent
    mod = importlib.import_module(agent_info["module"])
          ^^^^^^^^^^^^^^^^^^^^^^^^^^^^^^^^^^^^^^^^^^^^^
C:\Python313\Lib\importlib\__init__.py:88: in import_module
    return _bootstrap._gcd_import(name[level:], package, level)
           ^^^^^^^^^^^^^^^^^^^^^^^^^^^^^^^^^^^^^^^^^^^^^^^^^^^^
&lt;frozen importlib._bootstrap&gt;:1387: in _gcd_import
    ???
&lt;frozen importlib._bootstrap&gt;:1360: in _find_and_load
    ???
&lt;frozen importlib._bootstrap&gt;:1310: in _find_and_load_unlocked
    ???
&lt;frozen importlib._bootstrap&gt;:488: in _call_with_frames_removed
    ???
&lt;frozen importlib._bootstrap&gt;:1387: in _gcd_import
    ???
&lt;frozen importlib._bootstrap&gt;:1360: in _find_and_load
    ???
&lt;frozen importlib._bootstrap&gt;:1324: in _find_and_load_unlocked
    ???
E   ModuleNotFoundError: No module named 'agents.seo'</failure></testcase><testcase classname="work.blog-generator.v10.tests.unit.test_agents_contracts" name="test_exec_returns_expected_event_on_ollama[TopicIdentificationAgent]" time="0.001"><failure message="ModuleNotFoundError: No module named 'agents.research'">tests\unit\test_agents_contracts.py:440: in test_exec_returns_expected_event_on_ollama
    agent, cfg, bus = instantiate_agent(agent_info)
                      ^^^^^^^^^^^^^^^^^^^^^^^^^^^^^
tests\unit\test_agents_contracts.py:390: in instantiate_agent
    mod = importlib.import_module(agent_info["module"])
          ^^^^^^^^^^^^^^^^^^^^^^^^^^^^^^^^^^^^^^^^^^^^^
C:\Python313\Lib\importlib\__init__.py:88: in import_module
    return _bootstrap._gcd_import(name[level:], package, level)
           ^^^^^^^^^^^^^^^^^^^^^^^^^^^^^^^^^^^^^^^^^^^^^^^^^^^^
&lt;frozen importlib._bootstrap&gt;:1387: in _gcd_import
    ???
&lt;frozen importlib._bootstrap&gt;:1360: in _find_and_load
    ???
&lt;frozen importlib._bootstrap&gt;:1310: in _find_and_load_unlocked
    ???
&lt;frozen importlib._bootstrap&gt;:488: in _call_with_frames_removed
    ???
&lt;frozen importlib._bootstrap&gt;:1387: in _gcd_import
    ???
&lt;frozen importlib._bootstrap&gt;:1360: in _find_and_load
    ???
&lt;frozen importlib._bootstrap&gt;:1324: in _find_and_load_unlocked
    ???
E   ModuleNotFoundError: No module named 'agents.research'</failure></testcase><testcase classname="work.blog-generator.v10.tests.unit.test_agents_contracts" name="test_exec_returns_expected_event_on_ollama[KBSearchAgent]" time="0.001"><failure message="ModuleNotFoundError: No module named 'agents.research'">tests\unit\test_agents_contracts.py:440: in test_exec_returns_expected_event_on_ollama
    agent, cfg, bus = instantiate_agent(agent_info)
                      ^^^^^^^^^^^^^^^^^^^^^^^^^^^^^
tests\unit\test_agents_contracts.py:390: in instantiate_agent
    mod = importlib.import_module(agent_info["module"])
          ^^^^^^^^^^^^^^^^^^^^^^^^^^^^^^^^^^^^^^^^^^^^^
C:\Python313\Lib\importlib\__init__.py:88: in import_module
    return _bootstrap._gcd_import(name[level:], package, level)
           ^^^^^^^^^^^^^^^^^^^^^^^^^^^^^^^^^^^^^^^^^^^^^^^^^^^^
&lt;frozen importlib._bootstrap&gt;:1387: in _gcd_import
    ???
&lt;frozen importlib._bootstrap&gt;:1360: in _find_and_load
    ???
&lt;frozen importlib._bootstrap&gt;:1310: in _find_and_load_unlocked
    ???
&lt;frozen importlib._bootstrap&gt;:488: in _call_with_frames_removed
    ???
&lt;frozen importlib._bootstrap&gt;:1387: in _gcd_import
    ???
&lt;frozen importlib._bootstrap&gt;:1360: in _find_and_load
    ???
&lt;frozen importlib._bootstrap&gt;:1324: in _find_and_load_unlocked
    ???
E   ModuleNotFoundError: No module named 'agents.research'</failure></testcase><testcase classname="work.blog-generator.v10.tests.unit.test_agents_contracts" name="test_exec_returns_expected_event_on_ollama[BlogSearchAgent]" time="0.001"><failure message="ModuleNotFoundError: No module named 'agents.research'">tests\unit\test_agents_contracts.py:440: in test_exec_returns_expected_event_on_ollama
    agent, cfg, bus = instantiate_agent(agent_info)
                      ^^^^^^^^^^^^^^^^^^^^^^^^^^^^^
tests\unit\test_agents_contracts.py:390: in instantiate_agent
    mod = importlib.import_module(agent_info["module"])
          ^^^^^^^^^^^^^^^^^^^^^^^^^^^^^^^^^^^^^^^^^^^^^
C:\Python313\Lib\importlib\__init__.py:88: in import_module
    return _bootstrap._gcd_import(name[level:], package, level)
           ^^^^^^^^^^^^^^^^^^^^^^^^^^^^^^^^^^^^^^^^^^^^^^^^^^^^
&lt;frozen importlib._bootstrap&gt;:1387: in _gcd_import
    ???
&lt;frozen importlib._bootstrap&gt;:1360: in _find_and_load
    ???
&lt;frozen importlib._bootstrap&gt;:1310: in _find_and_load_unlocked
    ???
&lt;frozen importlib._bootstrap&gt;:488: in _call_with_frames_removed
    ???
&lt;frozen importlib._bootstrap&gt;:1387: in _gcd_import
    ???
&lt;frozen importlib._bootstrap&gt;:1360: in _find_and_load
    ???
&lt;frozen importlib._bootstrap&gt;:1324: in _find_and_load_unlocked
    ???
E   ModuleNotFoundError: No module named 'agents.research'</failure></testcase><testcase classname="work.blog-generator.v10.tests.unit.test_agents_contracts" name="test_exec_returns_expected_event_on_ollama[APISearchAgent]" time="0.001"><failure message="ModuleNotFoundError: No module named 'agents.research'">tests\unit\test_agents_contracts.py:440: in test_exec_returns_expected_event_on_ollama
    agent, cfg, bus = instantiate_agent(agent_info)
                      ^^^^^^^^^^^^^^^^^^^^^^^^^^^^^
tests\unit\test_agents_contracts.py:390: in instantiate_agent
    mod = importlib.import_module(agent_info["module"])
          ^^^^^^^^^^^^^^^^^^^^^^^^^^^^^^^^^^^^^^^^^^^^^
C:\Python313\Lib\importlib\__init__.py:88: in import_module
    return _bootstrap._gcd_import(name[level:], package, level)
           ^^^^^^^^^^^^^^^^^^^^^^^^^^^^^^^^^^^^^^^^^^^^^^^^^^^^
&lt;frozen importlib._bootstrap&gt;:1387: in _gcd_import
    ???
&lt;frozen importlib._bootstrap&gt;:1360: in _find_and_load
    ???
&lt;frozen importlib._bootstrap&gt;:1310: in _find_and_load_unlocked
    ???
&lt;frozen importlib._bootstrap&gt;:488: in _call_with_frames_removed
    ???
&lt;frozen importlib._bootstrap&gt;:1387: in _gcd_import
    ???
&lt;frozen importlib._bootstrap&gt;:1360: in _find_and_load
    ???
&lt;frozen importlib._bootstrap&gt;:1324: in _find_and_load_unlocked
    ???
E   ModuleNotFoundError: No module named 'agents.research'</failure></testcase><testcase classname="work.blog-generator.v10.tests.unit.test_agents_contracts" name="test_exec_returns_expected_event_on_ollama[DuplicationCheckAgent]" time="0.001"><failure message="ModuleNotFoundError: No module named 'agents.research'">tests\unit\test_agents_contracts.py:440: in test_exec_returns_expected_event_on_ollama
    agent, cfg, bus = instantiate_agent(agent_info)
                      ^^^^^^^^^^^^^^^^^^^^^^^^^^^^^
tests\unit\test_agents_contracts.py:390: in instantiate_agent
    mod = importlib.import_module(agent_info["module"])
          ^^^^^^^^^^^^^^^^^^^^^^^^^^^^^^^^^^^^^^^^^^^^^
C:\Python313\Lib\importlib\__init__.py:88: in import_module
    return _bootstrap._gcd_import(name[level:], package, level)
           ^^^^^^^^^^^^^^^^^^^^^^^^^^^^^^^^^^^^^^^^^^^^^^^^^^^^
&lt;frozen importlib._bootstrap&gt;:1387: in _gcd_import
    ???
&lt;frozen importlib._bootstrap&gt;:1360: in _find_and_load
    ???
&lt;frozen importlib._bootstrap&gt;:1310: in _find_and_load_unlocked
    ???
&lt;frozen importlib._bootstrap&gt;:488: in _call_with_frames_removed
    ???
&lt;frozen importlib._bootstrap&gt;:1387: in _gcd_import
    ???
&lt;frozen importlib._bootstrap&gt;:1360: in _find_and_load
    ???
&lt;frozen importlib._bootstrap&gt;:1324: in _find_and_load_unlocked
    ???
E   ModuleNotFoundError: No module named 'agents.research'</failure></testcase><testcase classname="work.blog-generator.v10.tests.unit.test_agents_contracts" name="test_exec_returns_expected_event_on_ollama[CodeValidationAgent]" time="0.001"><failure message="ModuleNotFoundError: No module named 'agents.code'">tests\unit\test_agents_contracts.py:440: in test_exec_returns_expected_event_on_ollama
    agent, cfg, bus = instantiate_agent(agent_info)
                      ^^^^^^^^^^^^^^^^^^^^^^^^^^^^^
tests\unit\test_agents_contracts.py:390: in instantiate_agent
    mod = importlib.import_module(agent_info["module"])
          ^^^^^^^^^^^^^^^^^^^^^^^^^^^^^^^^^^^^^^^^^^^^^
C:\Python313\Lib\importlib\__init__.py:88: in import_module
    return _bootstrap._gcd_import(name[level:], package, level)
           ^^^^^^^^^^^^^^^^^^^^^^^^^^^^^^^^^^^^^^^^^^^^^^^^^^^^
&lt;frozen importlib._bootstrap&gt;:1387: in _gcd_import
    ???
&lt;frozen importlib._bootstrap&gt;:1360: in _find_and_load
    ???
&lt;frozen importlib._bootstrap&gt;:1310: in _find_and_load_unlocked
    ???
&lt;frozen importlib._bootstrap&gt;:488: in _call_with_frames_removed
    ???
&lt;frozen importlib._bootstrap&gt;:1387: in _gcd_import
    ???
&lt;frozen importlib._bootstrap&gt;:1360: in _find_and_load
    ???
&lt;frozen importlib._bootstrap&gt;:1324: in _find_and_load_unlocked
    ???
E   ModuleNotFoundError: No module named 'agents.code'</failure></testcase><testcase classname="work.blog-generator.v10.tests.unit.test_agents_contracts" name="test_exec_returns_expected_event_on_ollama[CodeSplittingAgent]" time="0.001"><failure message="ModuleNotFoundError: No module named 'agents.code'">tests\unit\test_agents_contracts.py:440: in test_exec_returns_expected_event_on_ollama
    agent, cfg, bus = instantiate_agent(agent_info)
                      ^^^^^^^^^^^^^^^^^^^^^^^^^^^^^
tests\unit\test_agents_contracts.py:390: in instantiate_agent
    mod = importlib.import_module(agent_info["module"])
          ^^^^^^^^^^^^^^^^^^^^^^^^^^^^^^^^^^^^^^^^^^^^^
C:\Python313\Lib\importlib\__init__.py:88: in import_module
    return _bootstrap._gcd_import(name[level:], package, level)
           ^^^^^^^^^^^^^^^^^^^^^^^^^^^^^^^^^^^^^^^^^^^^^^^^^^^^
&lt;frozen importlib._bootstrap&gt;:1387: in _gcd_import
    ???
&lt;frozen importlib._bootstrap&gt;:1360: in _find_and_load
    ???
&lt;frozen importlib._bootstrap&gt;:1310: in _find_and_load_unlocked
    ???
&lt;frozen importlib._bootstrap&gt;:488: in _call_with_frames_removed
    ???
&lt;frozen importlib._bootstrap&gt;:1387: in _gcd_import
    ???
&lt;frozen importlib._bootstrap&gt;:1360: in _find_and_load
    ???
&lt;frozen importlib._bootstrap&gt;:1324: in _find_and_load_unlocked
    ???
E   ModuleNotFoundError: No module named 'agents.code'</failure></testcase><testcase classname="work.blog-generator.v10.tests.unit.test_agents_contracts" name="test_exec_returns_expected_event_on_ollama[LicenseInjectionAgent]" time="0.001"><failure message="ModuleNotFoundError: No module named 'agents.code'">tests\unit\test_agents_contracts.py:440: in test_exec_returns_expected_event_on_ollama
    agent, cfg, bus = instantiate_agent(agent_info)
                      ^^^^^^^^^^^^^^^^^^^^^^^^^^^^^
tests\unit\test_agents_contracts.py:390: in instantiate_agent
    mod = importlib.import_module(agent_info["module"])
          ^^^^^^^^^^^^^^^^^^^^^^^^^^^^^^^^^^^^^^^^^^^^^
C:\Python313\Lib\importlib\__init__.py:88: in import_module
    return _bootstrap._gcd_import(name[level:], package, level)
           ^^^^^^^^^^^^^^^^^^^^^^^^^^^^^^^^^^^^^^^^^^^^^^^^^^^^
&lt;frozen importlib._bootstrap&gt;:1387: in _gcd_import
    ???
&lt;frozen importlib._bootstrap&gt;:1360: in _find_and_load
    ???
&lt;frozen importlib._bootstrap&gt;:1310: in _find_and_load_unlocked
    ???
&lt;frozen importlib._bootstrap&gt;:488: in _call_with_frames_removed
    ???
&lt;frozen importlib._bootstrap&gt;:1387: in _gcd_import
    ???
&lt;frozen importlib._bootstrap&gt;:1360: in _find_and_load
    ???
&lt;frozen importlib._bootstrap&gt;:1324: in _find_and_load_unlocked
    ???
E   ModuleNotFoundError: No module named 'agents.code'</failure></testcase><testcase classname="work.blog-generator.v10.tests.unit.test_agents_contracts" name="test_exec_returns_expected_event_on_ollama[CodeGenerationAgent]" time="0.001"><failure message="ModuleNotFoundError: No module named 'agents.code'">tests\unit\test_agents_contracts.py:440: in test_exec_returns_expected_event_on_ollama
    agent, cfg, bus = instantiate_agent(agent_info)
                      ^^^^^^^^^^^^^^^^^^^^^^^^^^^^^
tests\unit\test_agents_contracts.py:390: in instantiate_agent
    mod = importlib.import_module(agent_info["module"])
          ^^^^^^^^^^^^^^^^^^^^^^^^^^^^^^^^^^^^^^^^^^^^^
C:\Python313\Lib\importlib\__init__.py:88: in import_module
    return _bootstrap._gcd_import(name[level:], package, level)
           ^^^^^^^^^^^^^^^^^^^^^^^^^^^^^^^^^^^^^^^^^^^^^^^^^^^^
&lt;frozen importlib._bootstrap&gt;:1387: in _gcd_import
    ???
&lt;frozen importlib._bootstrap&gt;:1360: in _find_and_load
    ???
&lt;frozen importlib._bootstrap&gt;:1310: in _find_and_load_unlocked
    ???
&lt;frozen importlib._bootstrap&gt;:488: in _call_with_frames_removed
    ???
&lt;frozen importlib._bootstrap&gt;:1387: in _gcd_import
    ???
&lt;frozen importlib._bootstrap&gt;:1360: in _find_and_load
    ???
&lt;frozen importlib._bootstrap&gt;:1324: in _find_and_load_unlocked
    ???
E   ModuleNotFoundError: No module named 'agents.code'</failure></testcase><testcase classname="work.blog-generator.v10.tests.unit.test_agents_contracts" name="test_exec_returns_expected_event_on_ollama[CodeExtractionAgent]" time="0.001"><failure message="ModuleNotFoundError: No module named 'agents.code'">tests\unit\test_agents_contracts.py:440: in test_exec_returns_expected_event_on_ollama
    agent, cfg, bus = instantiate_agent(agent_info)
                      ^^^^^^^^^^^^^^^^^^^^^^^^^^^^^
tests\unit\test_agents_contracts.py:390: in instantiate_agent
    mod = importlib.import_module(agent_info["module"])
          ^^^^^^^^^^^^^^^^^^^^^^^^^^^^^^^^^^^^^^^^^^^^^
C:\Python313\Lib\importlib\__init__.py:88: in import_module
    return _bootstrap._gcd_import(name[level:], package, level)
           ^^^^^^^^^^^^^^^^^^^^^^^^^^^^^^^^^^^^^^^^^^^^^^^^^^^^
&lt;frozen importlib._bootstrap&gt;:1387: in _gcd_import
    ???
&lt;frozen importlib._bootstrap&gt;:1360: in _find_and_load
    ???
&lt;frozen importlib._bootstrap&gt;:1310: in _find_and_load_unlocked
    ???
&lt;frozen importlib._bootstrap&gt;:488: in _call_with_frames_removed
    ???
&lt;frozen importlib._bootstrap&gt;:1387: in _gcd_import
    ???
&lt;frozen importlib._bootstrap&gt;:1360: in _find_and_load
    ???
&lt;frozen importlib._bootstrap&gt;:1324: in _find_and_load_unlocked
    ???
E   ModuleNotFoundError: No module named 'agents.code'</failure></testcase><testcase classname="work.blog-generator.v10.tests.unit.test_agents_contracts" name="test_exec_returns_expected_event_on_ollama[BlogIngestionAgent]" time="0.001"><failure message="ModuleNotFoundError: No module named 'agents.ingestion'">tests\unit\test_agents_contracts.py:440: in test_exec_returns_expected_event_on_ollama
    agent, cfg, bus = instantiate_agent(agent_info)
                      ^^^^^^^^^^^^^^^^^^^^^^^^^^^^^
tests\unit\test_agents_contracts.py:390: in instantiate_agent
    mod = importlib.import_module(agent_info["module"])
          ^^^^^^^^^^^^^^^^^^^^^^^^^^^^^^^^^^^^^^^^^^^^^
C:\Python313\Lib\importlib\__init__.py:88: in import_module
    return _bootstrap._gcd_import(name[level:], package, level)
           ^^^^^^^^^^^^^^^^^^^^^^^^^^^^^^^^^^^^^^^^^^^^^^^^^^^^
&lt;frozen importlib._bootstrap&gt;:1387: in _gcd_import
    ???
&lt;frozen importlib._bootstrap&gt;:1360: in _find_and_load
    ???
&lt;frozen importlib._bootstrap&gt;:1310: in _find_and_load_unlocked
    ???
&lt;frozen importlib._bootstrap&gt;:488: in _call_with_frames_removed
    ???
&lt;frozen importlib._bootstrap&gt;:1387: in _gcd_import
    ???
&lt;frozen importlib._bootstrap&gt;:1360: in _find_and_load
    ???
&lt;frozen importlib._bootstrap&gt;:1324: in _find_and_load_unlocked
    ???
E   ModuleNotFoundError: No module named 'agents.ingestion'</failure></testcase><testcase classname="work.blog-generator.v10.tests.unit.test_agents_contracts" name="test_exec_returns_expected_event_on_ollama[KBIngestionAgent]" time="0.001"><failure message="ModuleNotFoundError: No module named 'agents.ingestion'">tests\unit\test_agents_contracts.py:440: in test_exec_returns_expected_event_on_ollama
    agent, cfg, bus = instantiate_agent(agent_info)
                      ^^^^^^^^^^^^^^^^^^^^^^^^^^^^^
tests\unit\test_agents_contracts.py:390: in instantiate_agent
    mod = importlib.import_module(agent_info["module"])
          ^^^^^^^^^^^^^^^^^^^^^^^^^^^^^^^^^^^^^^^^^^^^^
C:\Python313\Lib\importlib\__init__.py:88: in import_module
    return _bootstrap._gcd_import(name[level:], package, level)
           ^^^^^^^^^^^^^^^^^^^^^^^^^^^^^^^^^^^^^^^^^^^^^^^^^^^^
&lt;frozen importlib._bootstrap&gt;:1387: in _gcd_import
    ???
&lt;frozen importlib._bootstrap&gt;:1360: in _find_and_load
    ???
&lt;frozen importlib._bootstrap&gt;:1310: in _find_and_load_unlocked
    ???
&lt;frozen importlib._bootstrap&gt;:488: in _call_with_frames_removed
    ???
&lt;frozen importlib._bootstrap&gt;:1387: in _gcd_import
    ???
&lt;frozen importlib._bootstrap&gt;:1360: in _find_and_load
    ???
&lt;frozen importlib._bootstrap&gt;:1324: in _find_and_load_unlocked
    ???
E   ModuleNotFoundError: No module named 'agents.ingestion'</failure></testcase><testcase classname="work.blog-generator.v10.tests.unit.test_agents_contracts" name="test_exec_returns_expected_event_on_ollama[APIIngestionAgent]" time="0.001"><failure message="ModuleNotFoundError: No module named 'agents.ingestion'">tests\unit\test_agents_contracts.py:440: in test_exec_returns_expected_event_on_ollama
    agent, cfg, bus = instantiate_agent(agent_info)
                      ^^^^^^^^^^^^^^^^^^^^^^^^^^^^^
tests\unit\test_agents_contracts.py:390: in instantiate_agent
    mod = importlib.import_module(agent_info["module"])
          ^^^^^^^^^^^^^^^^^^^^^^^^^^^^^^^^^^^^^^^^^^^^^
C:\Python313\Lib\importlib\__init__.py:88: in import_module
    return _bootstrap._gcd_import(name[level:], package, level)
           ^^^^^^^^^^^^^^^^^^^^^^^^^^^^^^^^^^^^^^^^^^^^^^^^^^^^
&lt;frozen importlib._bootstrap&gt;:1387: in _gcd_import
    ???
&lt;frozen importlib._bootstrap&gt;:1360: in _find_and_load
    ???
&lt;frozen importlib._bootstrap&gt;:1310: in _find_and_load_unlocked
    ???
&lt;frozen importlib._bootstrap&gt;:488: in _call_with_frames_removed
    ???
&lt;frozen importlib._bootstrap&gt;:1387: in _gcd_import
    ???
&lt;frozen importlib._bootstrap&gt;:1360: in _find_and_load
    ???
&lt;frozen importlib._bootstrap&gt;:1324: in _find_and_load_unlocked
    ???
E   ModuleNotFoundError: No module named 'agents.ingestion'</failure></testcase><testcase classname="work.blog-generator.v10.tests.unit.test_agents_contracts" name="test_exec_returns_expected_event_on_ollama[SupplementaryContentAgent]" time="0.001"><failure message="ModuleNotFoundError: No module named 'agents.content'">tests\unit\test_agents_contracts.py:440: in test_exec_returns_expected_event_on_ollama
    agent, cfg, bus = instantiate_agent(agent_info)
                      ^^^^^^^^^^^^^^^^^^^^^^^^^^^^^
tests\unit\test_agents_contracts.py:390: in instantiate_agent
    mod = importlib.import_module(agent_info["module"])
          ^^^^^^^^^^^^^^^^^^^^^^^^^^^^^^^^^^^^^^^^^^^^^
C:\Python313\Lib\importlib\__init__.py:88: in import_module
    return _bootstrap._gcd_import(name[level:], package, level)
           ^^^^^^^^^^^^^^^^^^^^^^^^^^^^^^^^^^^^^^^^^^^^^^^^^^^^
&lt;frozen importlib._bootstrap&gt;:1387: in _gcd_import
    ???
&lt;frozen importlib._bootstrap&gt;:1360: in _find_and_load
    ???
&lt;frozen importlib._bootstrap&gt;:1310: in _find_and_load_unlocked
    ???
&lt;frozen importlib._bootstrap&gt;:488: in _call_with_frames_removed
    ???
&lt;frozen importlib._bootstrap&gt;:1387: in _gcd_import
    ???
&lt;frozen importlib._bootstrap&gt;:1360: in _find_and_load
    ???
&lt;frozen importlib._bootstrap&gt;:1324: in _find_and_load_unlocked
    ???
E   ModuleNotFoundError: No module named 'agents.content'</failure></testcase><testcase classname="work.blog-generator.v10.tests.unit.test_agents_contracts" name="test_exec_returns_expected_event_on_ollama[IntroductionWriterAgent]" time="0.001"><failure message="ModuleNotFoundError: No module named 'agents.content'">tests\unit\test_agents_contracts.py:440: in test_exec_returns_expected_event_on_ollama
    agent, cfg, bus = instantiate_agent(agent_info)
                      ^^^^^^^^^^^^^^^^^^^^^^^^^^^^^
tests\unit\test_agents_contracts.py:390: in instantiate_agent
    mod = importlib.import_module(agent_info["module"])
          ^^^^^^^^^^^^^^^^^^^^^^^^^^^^^^^^^^^^^^^^^^^^^
C:\Python313\Lib\importlib\__init__.py:88: in import_module
    return _bootstrap._gcd_import(name[level:], package, level)
           ^^^^^^^^^^^^^^^^^^^^^^^^^^^^^^^^^^^^^^^^^^^^^^^^^^^^
&lt;frozen importlib._bootstrap&gt;:1387: in _gcd_import
    ???
&lt;frozen importlib._bootstrap&gt;:1360: in _find_and_load
    ???
&lt;frozen importlib._bootstrap&gt;:1310: in _find_and_load_unlocked
    ???
&lt;frozen importlib._bootstrap&gt;:488: in _call_with_frames_removed
    ???
&lt;frozen importlib._bootstrap&gt;:1387: in _gcd_import
    ???
&lt;frozen importlib._bootstrap&gt;:1360: in _find_and_load
    ???
&lt;frozen importlib._bootstrap&gt;:1324: in _find_and_load_unlocked
    ???
E   ModuleNotFoundError: No module named 'agents.content'</failure></testcase><testcase classname="work.blog-generator.v10.tests.unit.test_agents_contracts" name="test_exec_returns_expected_event_on_ollama[SectionWriterAgent]" time="0.001"><failure message="ModuleNotFoundError: No module named 'agents.content'">tests\unit\test_agents_contracts.py:440: in test_exec_returns_expected_event_on_ollama
    agent, cfg, bus = instantiate_agent(agent_info)
                      ^^^^^^^^^^^^^^^^^^^^^^^^^^^^^
tests\unit\test_agents_contracts.py:390: in instantiate_agent
    mod = importlib.import_module(agent_info["module"])
          ^^^^^^^^^^^^^^^^^^^^^^^^^^^^^^^^^^^^^^^^^^^^^
C:\Python313\Lib\importlib\__init__.py:88: in import_module
    return _bootstrap._gcd_import(name[level:], package, level)
           ^^^^^^^^^^^^^^^^^^^^^^^^^^^^^^^^^^^^^^^^^^^^^^^^^^^^
&lt;frozen importlib._bootstrap&gt;:1387: in _gcd_import
    ???
&lt;frozen importlib._bootstrap&gt;:1360: in _find_and_load
    ???
&lt;frozen importlib._bootstrap&gt;:1310: in _find_and_load_unlocked
    ???
&lt;frozen importlib._bootstrap&gt;:488: in _call_with_frames_removed
    ???
&lt;frozen importlib._bootstrap&gt;:1387: in _gcd_import
    ???
&lt;frozen importlib._bootstrap&gt;:1360: in _find_and_load
    ???
&lt;frozen importlib._bootstrap&gt;:1324: in _find_and_load_unlocked
    ???
E   ModuleNotFoundError: No module named 'agents.content'</failure></testcase><testcase classname="work.blog-generator.v10.tests.unit.test_agents_contracts" name="test_exec_returns_expected_event_on_ollama[OutlineCreationAgent]" time="0.001"><failure message="ModuleNotFoundError: No module named 'agents.content'">tests\unit\test_agents_contracts.py:440: in test_exec_returns_expected_event_on_ollama
    agent, cfg, bus = instantiate_agent(agent_info)
                      ^^^^^^^^^^^^^^^^^^^^^^^^^^^^^
tests\unit\test_agents_contracts.py:390: in instantiate_agent
    mod = importlib.import_module(agent_info["module"])
          ^^^^^^^^^^^^^^^^^^^^^^^^^^^^^^^^^^^^^^^^^^^^^
C:\Python313\Lib\importlib\__init__.py:88: in import_module
    return _bootstrap._gcd_import(name[level:], package, level)
           ^^^^^^^^^^^^^^^^^^^^^^^^^^^^^^^^^^^^^^^^^^^^^^^^^^^^
&lt;frozen importlib._bootstrap&gt;:1387: in _gcd_import
    ???
&lt;frozen importlib._bootstrap&gt;:1360: in _find_and_load
    ???
&lt;frozen importlib._bootstrap&gt;:1310: in _find_and_load_unlocked
    ???
&lt;frozen importlib._bootstrap&gt;:488: in _call_with_frames_removed
    ???
&lt;frozen importlib._bootstrap&gt;:1387: in _gcd_import
    ???
&lt;frozen importlib._bootstrap&gt;:1360: in _find_and_load
    ???
&lt;frozen importlib._bootstrap&gt;:1324: in _find_and_load_unlocked
    ???
E   ModuleNotFoundError: No module named 'agents.content'</failure></testcase><testcase classname="work.blog-generator.v10.tests.unit.test_agents_contracts" name="test_exec_returns_expected_event_on_ollama[ContentAssemblyAgent]" time="0.001"><failure message="ModuleNotFoundError: No module named 'agents.content'">tests\unit\test_agents_contracts.py:440: in test_exec_returns_expected_event_on_ollama
    agent, cfg, bus = instantiate_agent(agent_info)
                      ^^^^^^^^^^^^^^^^^^^^^^^^^^^^^
tests\unit\test_agents_contracts.py:390: in instantiate_agent
    mod = importlib.import_module(agent_info["module"])
          ^^^^^^^^^^^^^^^^^^^^^^^^^^^^^^^^^^^^^^^^^^^^^
C:\Python313\Lib\importlib\__init__.py:88: in import_module
    return _bootstrap._gcd_import(name[level:], package, level)
           ^^^^^^^^^^^^^^^^^^^^^^^^^^^^^^^^^^^^^^^^^^^^^^^^^^^^
&lt;frozen importlib._bootstrap&gt;:1387: in _gcd_import
    ???
&lt;frozen importlib._bootstrap&gt;:1360: in _find_and_load
    ???
&lt;frozen importlib._bootstrap&gt;:1310: in _find_and_load_unlocked
    ???
&lt;frozen importlib._bootstrap&gt;:488: in _call_with_frames_removed
    ???
&lt;frozen importlib._bootstrap&gt;:1387: in _gcd_import
    ???
&lt;frozen importlib._bootstrap&gt;:1360: in _find_and_load
    ???
&lt;frozen importlib._bootstrap&gt;:1324: in _find_and_load_unlocked
    ???
E   ModuleNotFoundError: No module named 'agents.content'</failure></testcase><testcase classname="work.blog-generator.v10.tests.unit.test_agents_contracts" name="test_exec_returns_expected_event_on_ollama[ConclusionWriterAgent]" time="0.001"><failure message="ModuleNotFoundError: No module named 'agents.content'">tests\unit\test_agents_contracts.py:440: in test_exec_returns_expected_event_on_ollama
    agent, cfg, bus = instantiate_agent(agent_info)
                      ^^^^^^^^^^^^^^^^^^^^^^^^^^^^^
tests\unit\test_agents_contracts.py:390: in instantiate_agent
    mod = importlib.import_module(agent_info["module"])
          ^^^^^^^^^^^^^^^^^^^^^^^^^^^^^^^^^^^^^^^^^^^^^
C:\Python313\Lib\importlib\__init__.py:88: in import_module
    return _bootstrap._gcd_import(name[level:], package, level)
           ^^^^^^^^^^^^^^^^^^^^^^^^^^^^^^^^^^^^^^^^^^^^^^^^^^^^
&lt;frozen importlib._bootstrap&gt;:1387: in _gcd_import
    ???
&lt;frozen importlib._bootstrap&gt;:1360: in _find_and_load
    ???
&lt;frozen importlib._bootstrap&gt;:1310: in _find_and_load_unlocked
    ???
&lt;frozen importlib._bootstrap&gt;:488: in _call_with_frames_removed
    ???
&lt;frozen importlib._bootstrap&gt;:1387: in _gcd_import
    ???
&lt;frozen importlib._bootstrap&gt;:1360: in _find_and_load
    ???
&lt;frozen importlib._bootstrap&gt;:1324: in _find_and_load_unlocked
    ???
E   ModuleNotFoundError: No module named 'agents.content'</failure></testcase><testcase classname="work.blog-generator.v10.tests.unit.test_agents_contracts" name="test_exec_returns_expected_event_on_ollama[LinkValidationAgent]" time="0.001"><failure message="ModuleNotFoundError: No module named 'agents.publishing'">tests\unit\test_agents_contracts.py:440: in test_exec_returns_expected_event_on_ollama
    agent, cfg, bus = instantiate_agent(agent_info)
                      ^^^^^^^^^^^^^^^^^^^^^^^^^^^^^
tests\unit\test_agents_contracts.py:390: in instantiate_agent
    mod = importlib.import_module(agent_info["module"])
          ^^^^^^^^^^^^^^^^^^^^^^^^^^^^^^^^^^^^^^^^^^^^^
C:\Python313\Lib\importlib\__init__.py:88: in import_module
    return _bootstrap._gcd_import(name[level:], package, level)
           ^^^^^^^^^^^^^^^^^^^^^^^^^^^^^^^^^^^^^^^^^^^^^^^^^^^^
&lt;frozen importlib._bootstrap&gt;:1387: in _gcd_import
    ???
&lt;frozen importlib._bootstrap&gt;:1360: in _find_and_load
    ???
&lt;frozen importlib._bootstrap&gt;:1310: in _find_and_load_unlocked
    ???
&lt;frozen importlib._bootstrap&gt;:488: in _call_with_frames_removed
    ???
&lt;frozen importlib._bootstrap&gt;:1387: in _gcd_import
    ???
&lt;frozen importlib._bootstrap&gt;:1360: in _find_and_load
    ???
&lt;frozen importlib._bootstrap&gt;:1324: in _find_and_load_unlocked
    ???
E   ModuleNotFoundError: No module named 'agents.publishing'</failure></testcase><testcase classname="work.blog-generator.v10.tests.unit.test_agents_contracts" name="test_exec_returns_expected_event_on_ollama[GistUploadAgent]" time="0.001"><failure message="ModuleNotFoundError: No module named 'agents.publishing'">tests\unit\test_agents_contracts.py:440: in test_exec_returns_expected_event_on_ollama
    agent, cfg, bus = instantiate_agent(agent_info)
                      ^^^^^^^^^^^^^^^^^^^^^^^^^^^^^
tests\unit\test_agents_contracts.py:390: in instantiate_agent
    mod = importlib.import_module(agent_info["module"])
          ^^^^^^^^^^^^^^^^^^^^^^^^^^^^^^^^^^^^^^^^^^^^^
C:\Python313\Lib\importlib\__init__.py:88: in import_module
    return _bootstrap._gcd_import(name[level:], package, level)
           ^^^^^^^^^^^^^^^^^^^^^^^^^^^^^^^^^^^^^^^^^^^^^^^^^^^^
&lt;frozen importlib._bootstrap&gt;:1387: in _gcd_import
    ???
&lt;frozen importlib._bootstrap&gt;:1360: in _find_and_load
    ???
&lt;frozen importlib._bootstrap&gt;:1310: in _find_and_load_unlocked
    ???
&lt;frozen importlib._bootstrap&gt;:488: in _call_with_frames_removed
    ???
&lt;frozen importlib._bootstrap&gt;:1387: in _gcd_import
    ???
&lt;frozen importlib._bootstrap&gt;:1360: in _find_and_load
    ???
&lt;frozen importlib._bootstrap&gt;:1324: in _find_and_load_unlocked
    ???
E   ModuleNotFoundError: No module named 'agents.publishing'</failure></testcase><testcase classname="work.blog-generator.v10.tests.unit.test_agents_contracts" name="test_exec_returns_expected_event_on_ollama[GistREADMEAgent]" time="0.001"><failure message="ModuleNotFoundError: No module named 'agents.publishing'">tests\unit\test_agents_contracts.py:440: in test_exec_returns_expected_event_on_ollama
    agent, cfg, bus = instantiate_agent(agent_info)
                      ^^^^^^^^^^^^^^^^^^^^^^^^^^^^^
tests\unit\test_agents_contracts.py:390: in instantiate_agent
    mod = importlib.import_module(agent_info["module"])
          ^^^^^^^^^^^^^^^^^^^^^^^^^^^^^^^^^^^^^^^^^^^^^
C:\Python313\Lib\importlib\__init__.py:88: in import_module
    return _bootstrap._gcd_import(name[level:], package, level)
           ^^^^^^^^^^^^^^^^^^^^^^^^^^^^^^^^^^^^^^^^^^^^^^^^^^^^
&lt;frozen importlib._bootstrap&gt;:1387: in _gcd_import
    ???
&lt;frozen importlib._bootstrap&gt;:1360: in _find_and_load
    ???
&lt;frozen importlib._bootstrap&gt;:1310: in _find_and_load_unlocked
    ???
&lt;frozen importlib._bootstrap&gt;:488: in _call_with_frames_removed
    ???
&lt;frozen importlib._bootstrap&gt;:1387: in _gcd_import
    ???
&lt;frozen importlib._bootstrap&gt;:1360: in _find_and_load
    ???
&lt;frozen importlib._bootstrap&gt;:1324: in _find_and_load_unlocked
    ???
E   ModuleNotFoundError: No module named 'agents.publishing'</failure></testcase><testcase classname="work.blog-generator.v10.tests.unit.test_agents_contracts" name="test_exec_returns_expected_event_on_ollama[FileWriterAgent]" time="0.001"><failure message="ModuleNotFoundError: No module named 'agents.publishing'">tests\unit\test_agents_contracts.py:440: in test_exec_returns_expected_event_on_ollama
    agent, cfg, bus = instantiate_agent(agent_info)
                      ^^^^^^^^^^^^^^^^^^^^^^^^^^^^^
tests\unit\test_agents_contracts.py:390: in instantiate_agent
    mod = importlib.import_module(agent_info["module"])
          ^^^^^^^^^^^^^^^^^^^^^^^^^^^^^^^^^^^^^^^^^^^^^
C:\Python313\Lib\importlib\__init__.py:88: in import_module
    return _bootstrap._gcd_import(name[level:], package, level)
           ^^^^^^^^^^^^^^^^^^^^^^^^^^^^^^^^^^^^^^^^^^^^^^^^^^^^
&lt;frozen importlib._bootstrap&gt;:1387: in _gcd_import
    ???
&lt;frozen importlib._bootstrap&gt;:1360: in _find_and_load
    ???
&lt;frozen importlib._bootstrap&gt;:1310: in _find_and_load_unlocked
    ???
&lt;frozen importlib._bootstrap&gt;:488: in _call_with_frames_removed
    ???
&lt;frozen importlib._bootstrap&gt;:1387: in _gcd_import
    ???
&lt;frozen importlib._bootstrap&gt;:1360: in _find_and_load
    ???
&lt;frozen importlib._bootstrap&gt;:1324: in _find_and_load_unlocked
    ???
E   ModuleNotFoundError: No module named 'agents.publishing'</failure></testcase><testcase classname="work.blog-generator.v10.tests.unit.test_agents_contracts" name="test_exec_returns_expected_event_on_ollama[FrontmatterAgent]" time="0.001"><failure message="ModuleNotFoundError: No module named 'agents.publishing'">tests\unit\test_agents_contracts.py:440: in test_exec_returns_expected_event_on_ollama
    agent, cfg, bus = instantiate_agent(agent_info)
                      ^^^^^^^^^^^^^^^^^^^^^^^^^^^^^
tests\unit\test_agents_contracts.py:390: in instantiate_agent
    mod = importlib.import_module(agent_info["module"])
          ^^^^^^^^^^^^^^^^^^^^^^^^^^^^^^^^^^^^^^^^^^^^^
C:\Python313\Lib\importlib\__init__.py:88: in import_module
    return _bootstrap._gcd_import(name[level:], package, level)
           ^^^^^^^^^^^^^^^^^^^^^^^^^^^^^^^^^^^^^^^^^^^^^^^^^^^^
&lt;frozen importlib._bootstrap&gt;:1387: in _gcd_import
    ???
&lt;frozen importlib._bootstrap&gt;:1360: in _find_and_load
    ???
&lt;frozen importlib._bootstrap&gt;:1310: in _find_and_load_unlocked
    ???
&lt;frozen importlib._bootstrap&gt;:488: in _call_with_frames_removed
    ???
&lt;frozen importlib._bootstrap&gt;:1387: in _gcd_import
    ???
&lt;frozen importlib._bootstrap&gt;:1360: in _find_and_load
    ???
&lt;frozen importlib._bootstrap&gt;:1324: in _find_and_load_unlocked
    ???
E   ModuleNotFoundError: No module named 'agents.publishing'</failure></testcase><testcase classname="work.blog-generator.v10.tests.unit.test_agents_contracts" name="test_exec_returns_expected_event_on_ollama[ModelSelectionAgent]" time="0.001"><failure message="ModuleNotFoundError: No module named 'agents.support'">tests\unit\test_agents_contracts.py:440: in test_exec_returns_expected_event_on_ollama
    agent, cfg, bus = instantiate_agent(agent_info)
                      ^^^^^^^^^^^^^^^^^^^^^^^^^^^^^
tests\unit\test_agents_contracts.py:390: in instantiate_agent
    mod = importlib.import_module(agent_info["module"])
          ^^^^^^^^^^^^^^^^^^^^^^^^^^^^^^^^^^^^^^^^^^^^^
C:\Python313\Lib\importlib\__init__.py:88: in import_module
    return _bootstrap._gcd_import(name[level:], package, level)
           ^^^^^^^^^^^^^^^^^^^^^^^^^^^^^^^^^^^^^^^^^^^^^^^^^^^^
&lt;frozen importlib._bootstrap&gt;:1387: in _gcd_import
    ???
&lt;frozen importlib._bootstrap&gt;:1360: in _find_and_load
    ???
&lt;frozen importlib._bootstrap&gt;:1310: in _find_and_load_unlocked
    ???
&lt;frozen importlib._bootstrap&gt;:488: in _call_with_frames_removed
    ???
&lt;frozen importlib._bootstrap&gt;:1387: in _gcd_import
    ???
&lt;frozen importlib._bootstrap&gt;:1360: in _find_and_load
    ???
&lt;frozen importlib._bootstrap&gt;:1324: in _find_and_load_unlocked
    ???
E   ModuleNotFoundError: No module named 'agents.support'</failure></testcase><testcase classname="work.blog-generator.v10.tests.unit.test_agents_contracts" name="test_exec_returns_expected_event_on_ollama[ErrorRecoveryAgent]" time="0.001"><failure message="ModuleNotFoundError: No module named 'agents.support'">tests\unit\test_agents_contracts.py:440: in test_exec_returns_expected_event_on_ollama
    agent, cfg, bus = instantiate_agent(agent_info)
                      ^^^^^^^^^^^^^^^^^^^^^^^^^^^^^
tests\unit\test_agents_contracts.py:390: in instantiate_agent
    mod = importlib.import_module(agent_info["module"])
          ^^^^^^^^^^^^^^^^^^^^^^^^^^^^^^^^^^^^^^^^^^^^^
C:\Python313\Lib\importlib\__init__.py:88: in import_module
    return _bootstrap._gcd_import(name[level:], package, level)
           ^^^^^^^^^^^^^^^^^^^^^^^^^^^^^^^^^^^^^^^^^^^^^^^^^^^^
&lt;frozen importlib._bootstrap&gt;:1387: in _gcd_import
    ???
&lt;frozen importlib._bootstrap&gt;:1360: in _find_and_load
    ???
&lt;frozen importlib._bootstrap&gt;:1310: in _find_and_load_unlocked
    ???
&lt;frozen importlib._bootstrap&gt;:488: in _call_with_frames_removed
    ???
&lt;frozen importlib._bootstrap&gt;:1387: in _gcd_import
    ???
&lt;frozen importlib._bootstrap&gt;:1360: in _find_and_load
    ???
&lt;frozen importlib._bootstrap&gt;:1324: in _find_and_load_unlocked
    ???
E   ModuleNotFoundError: No module named 'agents.support'</failure></testcase><testcase classname="work.blog-generator.v10.tests.unit.test_agents_contracts" name="test_exec_returns_expected_event_on_ollama[KeywordExtractionAgent]" time="0.001"><failure message="ModuleNotFoundError: No module named 'agents.seo'">tests\unit\test_agents_contracts.py:440: in test_exec_returns_expected_event_on_ollama
    agent, cfg, bus = instantiate_agent(agent_info)
                      ^^^^^^^^^^^^^^^^^^^^^^^^^^^^^
tests\unit\test_agents_contracts.py:390: in instantiate_agent
    mod = importlib.import_module(agent_info["module"])
          ^^^^^^^^^^^^^^^^^^^^^^^^^^^^^^^^^^^^^^^^^^^^^
C:\Python313\Lib\importlib\__init__.py:88: in import_module
    return _bootstrap._gcd_import(name[level:], package, level)
           ^^^^^^^^^^^^^^^^^^^^^^^^^^^^^^^^^^^^^^^^^^^^^^^^^^^^
&lt;frozen importlib._bootstrap&gt;:1387: in _gcd_import
    ???
&lt;frozen importlib._bootstrap&gt;:1360: in _find_and_load
    ???
&lt;frozen importlib._bootstrap&gt;:1310: in _find_and_load_unlocked
    ???
&lt;frozen importlib._bootstrap&gt;:488: in _call_with_frames_removed
    ???
&lt;frozen importlib._bootstrap&gt;:1387: in _gcd_import
    ???
&lt;frozen importlib._bootstrap&gt;:1360: in _find_and_load
    ???
&lt;frozen importlib._bootstrap&gt;:1324: in _find_and_load_unlocked
    ???
E   ModuleNotFoundError: No module named 'agents.seo'</failure></testcase><testcase classname="work.blog-generator.v10.tests.unit.test_agents_contracts" name="test_exec_returns_expected_event_on_ollama[KeywordInjectionAgent]" time="0.001"><failure message="ModuleNotFoundError: No module named 'agents.seo'">tests\unit\test_agents_contracts.py:440: in test_exec_returns_expected_event_on_ollama
    agent, cfg, bus = instantiate_agent(agent_info)
                      ^^^^^^^^^^^^^^^^^^^^^^^^^^^^^
tests\unit\test_agents_contracts.py:390: in instantiate_agent
    mod = importlib.import_module(agent_info["module"])
          ^^^^^^^^^^^^^^^^^^^^^^^^^^^^^^^^^^^^^^^^^^^^^
C:\Python313\Lib\importlib\__init__.py:88: in import_module
    return _bootstrap._gcd_import(name[level:], package, level)
           ^^^^^^^^^^^^^^^^^^^^^^^^^^^^^^^^^^^^^^^^^^^^^^^^^^^^
&lt;frozen importlib._bootstrap&gt;:1387: in _gcd_import
    ???
&lt;frozen importlib._bootstrap&gt;:1360: in _find_and_load
    ???
&lt;frozen importlib._bootstrap&gt;:1310: in _find_and_load_unlocked
    ???
&lt;frozen importlib._bootstrap&gt;:488: in _call_with_frames_removed
    ???
&lt;frozen importlib._bootstrap&gt;:1387: in _gcd_import
    ???
&lt;frozen importlib._bootstrap&gt;:1360: in _find_and_load
    ???
&lt;frozen importlib._bootstrap&gt;:1324: in _find_and_load_unlocked
    ???
E   ModuleNotFoundError: No module named 'agents.seo'</failure></testcase><testcase classname="work.blog-generator.v10.tests.unit.test_agents_contracts" name="test_exec_returns_expected_event_on_ollama[SEOMetadataAgent]" time="0.001"><failure message="ModuleNotFoundError: No module named 'agents.seo'">tests\unit\test_agents_contracts.py:440: in test_exec_returns_expected_event_on_ollama
    agent, cfg, bus = instantiate_agent(agent_info)
                      ^^^^^^^^^^^^^^^^^^^^^^^^^^^^^
tests\unit\test_agents_contracts.py:390: in instantiate_agent
    mod = importlib.import_module(agent_info["module"])
          ^^^^^^^^^^^^^^^^^^^^^^^^^^^^^^^^^^^^^^^^^^^^^
C:\Python313\Lib\importlib\__init__.py:88: in import_module
    return _bootstrap._gcd_import(name[level:], package, level)
           ^^^^^^^^^^^^^^^^^^^^^^^^^^^^^^^^^^^^^^^^^^^^^^^^^^^^
&lt;frozen importlib._bootstrap&gt;:1387: in _gcd_import
    ???
&lt;frozen importlib._bootstrap&gt;:1360: in _find_and_load
    ???
&lt;frozen importlib._bootstrap&gt;:1310: in _find_and_load_unlocked
    ???
&lt;frozen importlib._bootstrap&gt;:488: in _call_with_frames_removed
    ???
&lt;frozen importlib._bootstrap&gt;:1387: in _gcd_import
    ???
&lt;frozen importlib._bootstrap&gt;:1360: in _find_and_load
    ???
&lt;frozen importlib._bootstrap&gt;:1324: in _find_and_load_unlocked
    ???
E   ModuleNotFoundError: No module named 'agents.seo'</failure></testcase><testcase classname="work.blog-generator.v10.tests.unit.test_aggregator.TestOutputAggregator" name="test_merge_agent_outputs_no_duplicates" time="0.001" /><testcase classname="work.blog-generator.v10.tests.unit.test_aggregator.TestOutputAggregator" name="test_merge_with_duplicate_keys_handled" time="0.001" /><testcase classname="work.blog-generator.v10.tests.unit.test_aggregator.TestOutputAggregator" name="test_ties_resolved_per_module_rule" time="0.001" /><testcase classname="work.blog-generator.v10.tests.unit.test_aggregator.TestOutputAggregator" name="test_completeness_validation_all_present" time="0.001"><failure message="assert False == True">tests\unit\test_aggregator.py:145: in test_completeness_validation_all_present
    assert is_complete == True
E   assert False == True</failure></testcase><testcase classname="work.blog-generator.v10.tests.unit.test_aggregator.TestOutputAggregator" name="test_completeness_validation_missing_agent" time="0.001"><failure message="AssertionError: assert 3 == 1&#10; +  where 3 = len(['Section too short: Introduction (2 words, minimum 50)', 'Section too short: Body (2 words, minimum 100)', 'Missing section: Conclusion (agent ConclusionAgent did not run)'])">tests\unit\test_aggregator.py:157: in test_completeness_validation_missing_agent
    assert len(errors) == 1
E   AssertionError: assert 3 == 1
E    +  where 3 = len(['Section too short: Introduction (2 words, minimum 50)', 'Section too short: Body (2 words, minimum 100)', 'Missing section: Conclusion (agent ConclusionAgent did not run)'])</failure></testcase><testcase classname="work.blog-generator.v10.tests.unit.test_aggregator.TestOutputAggregator" name="test_completeness_validation_empty_content" time="0.001"><failure message="AssertionError: assert 3 == 1&#10; +  where 3 = len(['Empty section: Introduction (from agent IntroAgent)', 'Section too short: Body (3 words, minimum 100)', 'Section too short: Conclusion (2 words, minimum 30)'])">tests\unit\test_aggregator.py:173: in test_completeness_validation_empty_content
    assert len(errors) == 1
E   AssertionError: assert 3 == 1
E    +  where 3 = len(['Empty section: Introduction (from agent IntroAgent)', 'Section too short: Body (3 words, minimum 100)', 'Section too short: Conclusion (2 words, minimum 30)'])</failure></testcase><testcase classname="work.blog-generator.v10.tests.unit.test_aggregator.TestOutputAggregator" name="test_completeness_validation_insufficient_words" time="0.001"><failure message="AssertionError: assert 3 == 1&#10; +  where 3 = len(['Empty section: Introduction (from agent IntroAgent)', 'Section too short: Body (3 words, minimum 100)', 'Section too short: Conclusion (2 words, minimum 30)'])">tests\unit\test_aggregator.py:189: in test_completeness_validation_insufficient_words
    assert len(errors) == 1
E   AssertionError: assert 3 == 1
E    +  where 3 = len(['Empty section: Introduction (from agent IntroAgent)', 'Section too short: Body (3 words, minimum 100)', 'Section too short: Conclusion (2 words, minimum 30)'])</failure></testcase><testcase classname="work.blog-generator.v10.tests.unit.test_aggregator.TestOutputAggregator" name="test_content_validation_word_count" time="0.001"><failure message="AssertionError: assert 2 == 1&#10; +  where 2 = len(['Content too short: 2 words (minimum 200)', 'No headings found in content'])">tests\unit\test_aggregator.py:198: in test_content_validation_word_count
    assert len(warnings) == 1
E   AssertionError: assert 2 == 1
E    +  where 2 = len(['Content too short: 2 words (minimum 200)', 'No headings found in content'])</failure></testcase><testcase classname="work.blog-generator.v10.tests.unit.test_aggregator.TestOutputAggregator" name="test_content_validation_headings_required" time="0.001"><failure message="AssertionError: assert 2 == 1&#10; +  where 2 = len(['Content too short: 10 words (minimum 200)', 'No headings found in content'])">tests\unit\test_aggregator.py:219: in test_content_validation_headings_required
    assert len(warnings) == 1
E   AssertionError: assert 2 == 1
E    +  where 2 = len(['Content too short: 10 words (minimum 200)', 'No headings found in content'])</failure></testcase><testcase classname="work.blog-generator.v10.tests.unit.test_aggregator.TestOutputAggregator" name="test_generate_report_complete" time="0.001"><failure message="AssertionError: assert False == True&#10; +  where False = AggregatorReport(template='test_blog', complete=False, errors=['Section too short: Introduction (8 words, minimum 50)', 'Section too short: Body (11 words, minimum 100)', 'Section too short: Conclusion (5 words, minimum 30)'], warnings=['Content too short: 12 words (minimum 200)'], sections={'IntroAgent': {'present': True, 'word_count': 8, 'status': 'completed', 'section_name': 'Introduction'}, 'BodyAgent': {'present': True, 'word_count': 11, 'status': 'completed', 'section_name': 'Body'}, 'ConclusionAgent': {'present': True, 'word_count': 5, 'status': 'completed', 'section_name': 'Conclusion'}}, total_word_count=24, metadata={'sections_present': 3, 'sections_required': 3, 'sections_total': 3}).complete">tests\unit\test_aggregator.py:247: in test_generate_report_complete
    assert report.complete == True
E   AssertionError: assert False == True
E    +  where False = AggregatorReport(template='test_blog', complete=False, errors=['Section too short: Introduction (8 words, minimum 50)', 'Section too short: Body (11 words, minimum 100)', 'Section too short: Conclusion (5 words, minimum 30)'], warnings=['Content too short: 12 words (minimum 200)'], sections={'IntroAgent': {'present': True, 'word_count': 8, 'status': 'completed', 'section_name': 'Introduction'}, 'BodyAgent': {'present': True, 'word_count': 11, 'status': 'completed', 'section_name': 'Body'}, 'ConclusionAgent': {'present': True, 'word_count': 5, 'status': 'completed', 'section_name': 'Conclusion'}}, total_word_count=24, metadata={'sections_present': 3, 'sections_required': 3, 'sections_total': 3}).complete</failure></testcase><testcase classname="work.blog-generator.v10.tests.unit.test_aggregator.TestOutputAggregator" name="test_generate_report_incomplete" time="0.001" /><testcase classname="work.blog-generator.v10.tests.unit.test_aggregator.TestOutputAggregator" name="test_template_schema_from_yaml" time="0.007" /><testcase classname="work.blog-generator.v10.tests.unit.test_aggregator.TestOutputAggregator" name="test_aggregator_report_to_dict" time="0.001" /><testcase classname="work.blog-generator.v10.tests.unit.test_completeness_gate.TestCompletenessGate" name="test_complete_content_passes" time="0.001"><failure message="assert False == True">tests\unit\test_completeness_gate.py:44: in test_complete_content_passes
    assert is_valid == True
E   assert False == True</failure></testcase><testcase classname="work.blog-generator.v10.tests.unit.test_completeness_gate.TestCompletenessGate" name="test_incomplete_empty_content" time="0.000" /><testcase classname="work.blog-generator.v10.tests.unit.test_completeness_gate.TestCompletenessGate" name="test_incomplete_too_short_length" time="0.001" /><testcase classname="work.blog-generator.v10.tests.unit.test_completeness_gate.TestCompletenessGate" name="test_incomplete_insufficient_words" time="0.001"><failure message="AssertionError: assert '100' in 'Content too short: 33 characters (minimum: 500)'">tests\unit\test_completeness_gate.py:74: in test_incomplete_insufficient_words
    assert "100" in errors[0]  # Minimum word count
    ^^^^^^^^^^^^^^^^^^^^^^^^^
E   AssertionError: assert '100' in 'Content too short: 33 characters (minimum: 500)'</failure></testcase><testcase classname="work.blog-generator.v10.tests.unit.test_completeness_gate.TestCompletenessGate" name="test_incomplete_few_sections" time="0.001"><failure message="AssertionError: assert 'too few sections' in 'content too short: 114 characters (minimum: 500)'&#10; +  where 'content too short: 114 characters (minimum: 500)' = &lt;built-in method lower of str object at 0x000001913892AC70&gt;()&#10; +    where &lt;built-in method lower of str object at 0x000001913892AC70&gt; = 'Content too short: 114 characters (minimum: 500)'.lower">tests\unit\test_completeness_gate.py:86: in test_incomplete_few_sections
    assert "too few sections" in errors[0].lower()
E   AssertionError: assert 'too few sections' in 'content too short: 114 characters (minimum: 500)'
E    +  where 'content too short: 114 characters (minimum: 500)' = &lt;built-in method lower of str object at 0x000001913892AC70&gt;()
E    +    where &lt;built-in method lower of str object at 0x000001913892AC70&gt; = 'Content too short: 114 characters (minimum: 500)'.lower</failure></testcase><testcase classname="work.blog-generator.v10.tests.unit.test_completeness_gate.TestCompletenessGate" name="test_incomplete_placeholder_text" time="0.001"><failure message="AssertionError: assert 'placeholder text' in 'content too short: 155 characters (minimum: 500)'&#10; +  where 'content too short: 155 characters (minimum: 500)' = &lt;built-in method lower of str object at 0x000001913892B930&gt;()&#10; +    where &lt;built-in method lower of str object at 0x000001913892B930&gt; = 'Content too short: 155 characters (minimum: 500)'.lower">tests\unit\test_completeness_gate.py:107: in test_incomplete_placeholder_text
    assert "placeholder text" in errors[0].lower()
E   AssertionError: assert 'placeholder text' in 'content too short: 155 characters (minimum: 500)'
E    +  where 'content too short: 155 characters (minimum: 500)' = &lt;built-in method lower of str object at 0x000001913892B930&gt;()
E    +    where &lt;built-in method lower of str object at 0x000001913892B930&gt; = 'Content too short: 155 characters (minimum: 500)'.lower</failure></testcase><testcase classname="work.blog-generator.v10.tests.unit.test_completeness_gate.TestCompletenessGate" name="test_incomplete_mostly_formatting" time="0.001"><failure message="AssertionError: assert 'mostly formatting' in 'content too short: 146 characters (minimum: 500)'&#10; +  where 'content too short: 146 characters (minimum: 500)' = &lt;built-in method lower of str object at 0x000001913892BE70&gt;()&#10; +    where &lt;built-in method lower of str object at 0x000001913892BE70&gt; = 'Content too short: 146 characters (minimum: 500)'.lower">tests\unit\test_completeness_gate.py:136: in test_incomplete_mostly_formatting
    assert "mostly formatting" in errors[0].lower()
E   AssertionError: assert 'mostly formatting' in 'content too short: 146 characters (minimum: 500)'
E    +  where 'content too short: 146 characters (minimum: 500)' = &lt;built-in method lower of str object at 0x000001913892BE70&gt;()
E    +    where &lt;built-in method lower of str object at 0x000001913892BE70&gt; = 'Content too short: 146 characters (minimum: 500)'.lower</failure></testcase><testcase classname="work.blog-generator.v10.tests.unit.test_completeness_gate.TestCompletenessGate" name="test_complete_minimal_valid_content" time="0.001"><failure message="assert False == True">tests\unit\test_completeness_gate.py:162: in test_complete_minimal_valid_content
    assert is_valid == True
E   assert False == True</failure></testcase><testcase classname="work.blog-generator.v10.tests.unit.test_completeness_gate.TestCompletenessGate" name="test_complete_with_metadata" time="0.001"><failure message="assert False == True">tests\unit\test_completeness_gate.py:187: in test_complete_with_metadata
    assert is_valid == True
E   assert False == True</failure></testcase><testcase classname="work.blog-generator.v10.tests.unit.test_completeness_gate.TestCompletenessGate" name="test_attach_diagnostics" time="0.001" /><testcase classname="work.blog-generator.v10.tests.unit.test_completeness_gate.TestCompletenessGate" name="test_attach_diagnostics_frontmatter" time="0.001" /><testcase classname="work.blog-generator.v10.tests.unit.test_completeness_gate.TestCompletenessGate" name="test_attach_diagnostics_with_code_and_links" time="0.001"><failure message="assert 2 == 1">tests\unit\test_completeness_gate.py:250: in test_attach_diagnostics_with_code_and_links
    assert diagnostics["code_blocks"] == 1
E   assert 2 == 1</failure></testcase><testcase classname="work.blog-generator.v10.tests.unit.test_completeness_gate.TestCompletenessGate" name="test_fail_if_empty_valid_content" time="0.001"><failure message="src.engine.exceptions.EmptyOutputError: Output failed completeness validation:&#10;  - Content too short: 178 characters (minimum: 500)&#10;  - Content too short: 27 words (minimum: 100)&#10;  - Missing YAML frontmatter block&#10;  - Missing code blocks: 0 (minimum: 1)&#10;  - Content appears to be mostly formatting with little actual text&#10;&#10;Diagnostics:&#10;  total_length: 178&#10;  word_count: 27&#10;  line_count: 16&#10;  non_empty_lines: 8&#10;  section_count: 3&#10;  heading_count: 4&#10;  has_frontmatter: False&#10;  frontmatter_keys: []&#10;  has_headings: True&#10;  code_blocks: 0&#10;  links: 0&#10;  first_100_chars: # Valid Content&#10;&#10;This is valid content with sufficient length and proper structure.&#10;&#10;## Section 1&#10;&#10;C&#10;  last_100_chars: ture.&#10;&#10;## Section 1&#10;&#10;Content here.&#10;&#10;## Section 2&#10;&#10;More content.&#10;&#10;## Conclusion&#10;&#10;Conclusion content.">tests\unit\test_completeness_gate.py:273: in test_fail_if_empty_valid_content
    self.gate.fail_if_empty(valid_content)
src\engine\completeness_gate.py:243: in fail_if_empty
    raise EmptyOutputError(error_msg)
E   src.engine.exceptions.EmptyOutputError: Output failed completeness validation:
E     - Content too short: 178 characters (minimum: 500)
E     - Content too short: 27 words (minimum: 100)
E     - Missing YAML frontmatter block
E     - Missing code blocks: 0 (minimum: 1)
E     - Content appears to be mostly formatting with little actual text
E   
E   Diagnostics:
E     total_length: 178
E     word_count: 27
E     line_count: 16
E     non_empty_lines: 8
E     section_count: 3
E     heading_count: 4
E     has_frontmatter: False
E     frontmatter_keys: []
E     has_headings: True
E     code_blocks: 0
E     links: 0
E     first_100_chars: # Valid Content
E   
E   This is valid content with sufficient length and proper structure.
E   
E   ## Section 1
E   
E   C
E     last_100_chars: ture.
E   
E   ## Section 1
E   
E   Content here.
E   
E   ## Section 2
E   
E   More content.
E   
E   ## Conclusion
E   
E   Conclusion content.</failure></testcase><testcase classname="work.blog-generator.v10.tests.unit.test_completeness_gate.TestCompletenessGate" name="test_fail_if_empty_invalid_content" time="0.001" /><testcase classname="work.blog-generator.v10.tests.unit.test_completeness_gate.TestCompletenessGate" name="test_fail_if_empty_with_diagnostics" time="0.000" /><testcase classname="work.blog-generator.v10.tests.unit.test_completeness_gate.TestCompletenessGate" name="test_placeholder_detection_various_types" time="0.001"><failure message="AssertionError: No placeholder error for: [Add your content]&#10;assert False&#10; +  where False = any(&lt;generator object TestCompletenessGate.test_placeholder_detection_various_types.&lt;locals&gt;.&lt;genexpr&gt; at 0x0000019138896260&gt;)">tests\unit\test_completeness_gate.py:317: in test_placeholder_detection_various_types
    assert any("placeholder" in error.lower() for error in errors), f"No placeholder error for: {content}"
E   AssertionError: No placeholder error for: [Add your content]
E   assert False
E    +  where False = any(&lt;generator object TestCompletenessGate.test_placeholder_detection_various_types.&lt;locals&gt;.&lt;genexpr&gt; at 0x0000019138896260&gt;)</failure></testcase><testcase classname="work.blog-generator.v10.tests.unit.test_completeness_gate.TestCompletenessGate" name="test_section_count_accuracy" time="0.001" /><testcase classname="work.blog-generator.v10.tests.unit.test_completeness_gate.TestCompletenessGate" name="test_word_count_calculation" time="0.001"><failure message="AssertionError: Word count error: ['Content too short: 25 words (minimum: 100)']&#10;assert 1 == 0&#10; +  where 1 = len(['Content too short: 25 words (minimum: 100)'])">tests\unit\test_completeness_gate.py:376: in test_word_count_calculation
    assert len(word_errors) == 0, f"Word count error: {word_errors}"
E   AssertionError: Word count error: ['Content too short: 25 words (minimum: 100)']
E   assert 1 == 0
E    +  where 1 = len(['Content too short: 25 words (minimum: 100)'])</failure></testcase><testcase classname="work.blog-generator.v10.tests.unit.test_config.TestConfigPrecedence" name="test_defaults_only" time="0.001"><failure message="AssertionError: assert 'llama2' == 'gemini-1.5-flash'&#10;  &#10;  - gemini-1.5-flash&#10;  + llama2">tests\unit\test_config.py:46: in test_defaults_only
    assert config.llm.default_model == "gemini-1.5-flash"
E   AssertionError: assert 'llama2' == 'gemini-1.5-flash'
E     
E     - gemini-1.5-flash
E     + llama2</failure></testcase><testcase classname="work.blog-generator.v10.tests.unit.test_config.TestConfigPrecedence" name="test_cuda_auto_detection_enabled" time="0.001" /><testcase classname="work.blog-generator.v10.tests.unit.test_config.TestConfigPrecedence" name="test_cuda_auto_detection_disabled" time="0.001" /><testcase classname="work.blog-generator.v10.tests.unit.test_config.TestConfigPrecedence" name="test_env_override_wins" time="0.031" /><testcase classname="work.blog-generator.v10.tests.unit.test_config.TestConfigPrecedence" name="test_force_device_env_var" time="0.001" /><testcase classname="work.blog-generator.v10.tests.unit.test_config.TestConfigPrecedence" name="test_family_detection_from_path" time="0.000" /><testcase classname="work.blog-generator.v10.tests.unit.test_config.TestConfigPrecedence" name="test_family_name_mapping" time="0.000" /><testcase classname="work.blog-generator.v10.tests.unit.test_config.TestConfigPrecedence" name="test_tone_config_loading" time="0.005" /><testcase classname="work.blog-generator.v10.tests.unit.test_config.TestConfigPrecedence" name="test_tone_config_missing_file" time="0.001" /><testcase classname="work.blog-generator.v10.tests.unit.test_config.TestConfigPrecedence" name="test_get_template_method" time="0.000" /><testcase classname="work.blog-generator.v10.tests.unit.test_config.TestConfigPrecedence" name="test_config_dataclasses_immutable_defaults" time="0.000" /><testcase classname="work.blog-generator.v10.tests.unit.test_core_and_utils" name="test_agents_module_loads" time="0.001"><failure message="ModuleNotFoundError: No module named 'src.agents.agents_complete'">tests\unit\test_core_and_utils.py:461: in test_agents_module_loads
    mod = importlib.import_module("src.agents.agents_complete")
          ^^^^^^^^^^^^^^^^^^^^^^^^^^^^^^^^^^^^^^^^^^^^^^^^^^^^^
C:\Python313\Lib\importlib\__init__.py:88: in import_module
    return _bootstrap._gcd_import(name[level:], package, level)
           ^^^^^^^^^^^^^^^^^^^^^^^^^^^^^^^^^^^^^^^^^^^^^^^^^^^^
&lt;frozen importlib._bootstrap&gt;:1387: in _gcd_import
    ???
&lt;frozen importlib._bootstrap&gt;:1360: in _find_and_load
    ???
&lt;frozen importlib._bootstrap&gt;:1324: in _find_and_load_unlocked
    ???
E   ModuleNotFoundError: No module named 'src.agents.agents_complete'</failure></testcase><testcase classname="work.blog-generator.v10.tests.unit.test_core_and_utils" name="test_aggregator_merges_dicts" time="0.001"><failure message="NameError: name 'importlib' is not defined. Did you forget to import 'importlib'?">tests\unit\test_core_and_utils.py:465: in test_aggregator_merges_dicts
    m = importlib.import_module("src.engine.aggregator")
        ^^^^^^^^^
E   NameError: name 'importlib' is not defined. Did you forget to import 'importlib'?</failure></testcase><testcase classname="work.blog-generator.v10.tests.unit.test_core_and_utils" name="test_aggregator_throughput" time="0.000"><failure message="NameError: name 'importlib' is not defined. Did you forget to import 'importlib'?">tests\unit\test_core_and_utils.py:496: in test_aggregator_throughput
    merge = _load_merge()
            ^^^^^^^^^^^^^
tests\unit\test_core_and_utils.py:28: in _load_merge
    m = importlib.import_module("src.engine.aggregator")
        ^^^^^^^^^
E   NameError: name 'importlib' is not defined. Did you forget to import 'importlib'?</failure></testcase><testcase classname="work.blog-generator.v10.tests.unit.test_core_and_utils" name="test_blog_switch" time="0.001"><failure message="NameError: name 'Path' is not defined">tests\unit\test_core_and_utils.py:513: in test_blog_switch
    output_path_off = get_output_path("test-job-1", title, blog_mode=False)
                      ^^^^^^^^^^^^^^^^^^^^^^^^^^^^^^^^^^^^^^^^^^^^^^^^^^^^^
tests\unit\test_core_and_utils.py:122: in get_output_path
    output_dir = Path("./output")
                 ^^^^
E   NameError: name 'Path' is not defined</failure></testcase><testcase classname="work.blog-generator.v10.tests.unit.test_core_and_utils" name="test_completeness_gate_minimal" time="0.001"><failure message="NameError: name 'importlib' is not defined. Did you forget to import 'importlib'?">tests\unit\test_core_and_utils.py:606: in test_completeness_gate_minimal
    m = importlib.import_module("src.engine.completeness_gate")
        ^^^^^^^^^
E   NameError: name 'importlib' is not defined. Did you forget to import 'importlib'?</failure></testcase><testcase classname="work.blog-generator.v10.tests.unit.test_core_and_utils" name="test_completeness_gate_speed" time="0.001"><failure message="NameError: name 'importlib' is not defined. Did you forget to import 'importlib'?">tests\unit\test_core_and_utils.py:628: in test_completeness_gate_speed
    gate = _load_gate()
           ^^^^^^^^^^^^
tests\unit\test_core_and_utils.py:14: in _load_gate
    m = importlib.import_module("src.engine.completeness_gate")
        ^^^^^^^^^
E   NameError: name 'importlib' is not defined. Did you forget to import 'importlib'?</failure></testcase><testcase classname="work.blog-generator.v10.tests.unit.test_core_and_utils" name="test_config_integration" time="0.001" /><testcase classname="work.blog-generator.v10.tests.unit.test_core_and_utils" name="test_cuda_detection" time="0.001" /><testcase classname="work.blog-generator.v10.tests.unit.test_core_and_utils" name="test_dashboard_has_auto_topic_checkbox" time="0.001"><failure message="NameError: name 'Path' is not defined">tests\unit\test_core_and_utils.py:703: in test_dashboard_has_auto_topic_checkbox
    dashboard_path = Path("src/web/templates/dashboard.html")
                     ^^^^
E   NameError: name 'Path' is not defined</failure></testcase><testcase classname="work.blog-generator.v10.tests.unit.test_core_and_utils" name="test_dashboard_has_context_pickers" time="0.001"><failure message="NameError: name 'Path' is not defined">tests\unit\test_core_and_utils.py:712: in test_dashboard_has_context_pickers
    dashboard_path = Path("src/web/templates/dashboard.html")
                     ^^^^
E   NameError: name 'Path' is not defined</failure></testcase><testcase classname="work.blog-generator.v10.tests.unit.test_core_and_utils" name="test_dashboard_has_template_dropdown" time="0.001"><failure message="NameError: name 'Path' is not defined">tests\unit\test_core_and_utils.py:728: in test_dashboard_has_template_dropdown
    dashboard_path = Path("src/web/templates/dashboard.html")
                     ^^^^
E   NameError: name 'Path' is not defined</failure></testcase><testcase classname="work.blog-generator.v10.tests.unit.test_core_and_utils" name="test_dashboard_js_sends_all_fields" time="0.001"><failure message="NameError: name 'Path' is not defined">tests\unit\test_core_and_utils.py:743: in test_dashboard_js_sends_all_fields
    js_path = Path("src/web/static/js/dashboard.js")
              ^^^^
E   NameError: name 'Path' is not defined</failure></testcase><testcase classname="work.blog-generator.v10.tests.unit.test_core_and_utils" name="test_event_bus_basic" time="0.001"><failure message="NameError: name 'importlib' is not defined. Did you forget to import 'importlib'?">tests\unit\test_core_and_utils.py:757: in test_event_bus_basic
    m = importlib.import_module("src.core.event_bus")
        ^^^^^^^^^
E   NameError: name 'importlib' is not defined. Did you forget to import 'importlib'?</failure></testcase><testcase classname="work.blog-generator.v10.tests.unit.test_core_and_utils" name="test_fastapi_latency_smoke" time="0.801"><failure message="NameError: name '_load_app' is not defined">tests\unit\test_core_and_utils.py:792: in test_fastapi_latency_smoke
    app = _load_app()
          ^^^^^^^^^
E   NameError: name '_load_app' is not defined</failure></testcase><testcase classname="work.blog-generator.v10.tests.unit.test_core_and_utils" name="test_health_endpoint" time="0.001"><failure message="NameError: name '_load_app' is not defined">tests\unit\test_core_and_utils.py:812: in test_health_endpoint
    app = _load_app()
          ^^^^^^^^^
E   NameError: name '_load_app' is not defined</failure></testcase><testcase classname="work.blog-generator.v10.tests.unit.test_core_and_utils" name="test_job_detail_has_log_modal_functions" time="0.001"><failure message="NameError: name 'Path' is not defined">tests\unit\test_core_and_utils.py:827: in test_job_detail_has_log_modal_functions
    js_path = Path("src/web/static/js/job_detail.js")
              ^^^^
E   NameError: name 'Path' is not defined</failure></testcase><testcase classname="work.blog-generator.v10.tests.unit.test_core_and_utils" name="test_llm_service_integration" time="0.003" /><testcase classname="work.blog-generator.v10.tests.unit.test_core_and_utils" name="test_log_modal_shows_json_io" time="0.001"><failure message="NameError: name 'Path' is not defined">tests\unit\test_core_and_utils.py:882: in test_log_modal_shows_json_io
    js_path = Path("src/web/static/js/job_detail.js")
              ^^^^
E   NameError: name 'Path' is not defined</failure></testcase><testcase classname="work.blog-generator.v10.tests.unit.test_core_and_utils" name="test_model_helper" time="0.084" /><testcase classname="work.blog-generator.v10.tests.unit.test_core_and_utils" name="test_model_recommendation" time="0.310" /><testcase classname="work.blog-generator.v10.tests.unit.test_core_and_utils" name="test_modules_import" time="0.000"><error message="failed on setup with &quot;file d:\work\blog-generator\v10\tests\unit\test_core_and_utils.py, line 949&#10;  def test_modules_import(mod):&#10;E       fixture 'mod' not found&#10;&gt;       available fixtures: _class_scoped_runner, _function_scoped_runner, _module_scoped_runner, _package_scoped_runner, _session_scoped_runner, anyio_backend, anyio_backend_name, anyio_backend_options, cache, capfd, capfdbinary, caplog, capsys, capsysbinary, capteesys, cov, doctest_namespace, event_loop_policy, free_tcp_port, free_tcp_port_factory, free_udp_port, free_udp_port_factory, monkeypatch, no_cover, pytestconfig, record_property, record_testsuite_property, record_xml_attribute, recwarn, tmp_path, tmp_path_factory, tmpdir, tmpdir_factory, unused_tcp_port, unused_tcp_port_factory, unused_udp_port, unused_udp_port_factory&#10;&gt;       use 'pytest --fixtures [testpath]' for help on them.&#10;&#10;d:\work\blog-generator\v10\tests\unit\test_core_and_utils.py:949&quot;">file d:\work\blog-generator\v10\tests\unit\test_core_and_utils.py, line 949
  def test_modules_import(mod):
E       fixture 'mod' not found
&gt;       available fixtures: _class_scoped_runner, _function_scoped_runner, _module_scoped_runner, _package_scoped_runner, _session_scoped_runner, anyio_backend, anyio_backend_name, anyio_backend_options, cache, capfd, capfdbinary, caplog, capsys, capsysbinary, capteesys, cov, doctest_namespace, event_loop_policy, free_tcp_port, free_tcp_port_factory, free_udp_port, free_udp_port_factory, monkeypatch, no_cover, pytestconfig, record_property, record_testsuite_property, record_xml_attribute, recwarn, tmp_path, tmp_path_factory, tmpdir, tmpdir_factory, unused_tcp_port, unused_tcp_port_factory, unused_udp_port, unused_udp_port_factory
&gt;       use 'pytest --fixtures [testpath]' for help on them.

d:\work\blog-generator\v10\tests\unit\test_core_and_utils.py:949</error></testcase><testcase classname="work.blog-generator.v10.tests.unit.test_core_and_utils" name="test_ollama_selection_speed" time="0.001"><failure message="NameError: name 'importlib' is not defined. Did you forget to import 'importlib'?">tests\unit\test_core_and_utils.py:953: in test_ollama_selection_speed
    selector = _load_selector()
               ^^^^^^^^^^^^^^^^
tests\unit\test_core_and_utils.py:41: in _load_selector
    m = importlib.import_module("src.core.ollama")
        ^^^^^^^^^
E   NameError: name 'importlib' is not defined. Did you forget to import 'importlib'?</failure></testcase><testcase classname="work.blog-generator.v10.tests.unit.test_core_and_utils" name="test_pipeline_order_matches_config" time="0.001"><failure message="NameError: name 'Path' is not defined">tests\unit\test_core_and_utils.py:971: in test_pipeline_order_matches_config
    config_path = Path("config/agents.yaml")
                  ^^^^
E   NameError: name 'Path' is not defined</failure></testcase><testcase classname="work.blog-generator.v10.tests.unit.test_core_and_utils" name="test_placeholder_mesh_components_exist" time="0.129" /><testcase classname="work.blog-generator.v10.tests.unit.test_core_and_utils" name="test_router_import" time="0.001" /><testcase classname="work.blog-generator.v10.tests.unit.test_core_and_utils" name="test_router_initialization" time="0.130" /><testcase classname="work.blog-generator.v10.tests.unit.test_core_and_utils" name="test_services_module_loads" time="0.000" /><testcase classname="work.blog-generator.v10.tests.unit.test_core_and_utils" name="test_template_files_have_metadata" time="0.001"><failure message="NameError: name 'Path' is not defined">tests\unit\test_core_and_utils.py:1022: in test_template_files_have_metadata
    blog_templates = Path("templates/new_blog_templates.yaml")
                     ^^^^
E   NameError: name 'Path' is not defined</failure></testcase><testcase classname="work.blog-generator.v10.tests.unit.test_core_and_utils" name="test_web_app_has_agent_logs_endpoint" time="0.001"><failure message="NameError: name 'Path' is not defined">tests\unit\test_core_and_utils.py:1047: in test_web_app_has_agent_logs_endpoint
    app_path = Path("src/web/app_unified.py")
               ^^^^
E   NameError: name 'Path' is not defined</failure></testcase><testcase classname="work.blog-generator.v10.tests.unit.test_engine.TestInputResolver" name="test_topic_mode" time="0.002" /><testcase classname="work.blog-generator.v10.tests.unit.test_engine.TestInputResolver" name="test_file_mode" time="0.007" /><testcase classname="work.blog-generator.v10.tests.unit.test_engine.TestInputResolver" name="test_folder_mode" time="0.012" /><testcase classname="work.blog-generator.v10.tests.unit.test_engine.TestInputResolver" name="test_list_mode" time="0.009" /><testcase classname="work.blog-generator.v10.tests.unit.test_engine.TestCompletenessGate" name="test_empty_content_fails" time="0.001" /><testcase classname="work.blog-generator.v10.tests.unit.test_engine.TestCompletenessGate" name="test_short_content_fails" time="0.002" /><testcase classname="work.blog-generator.v10.tests.unit.test_engine.TestCompletenessGate" name="test_placeholder_content_fails" time="0.001" /><testcase classname="work.blog-generator.v10.tests.unit.test_engine.TestCompletenessGate" name="test_valid_content_passes" time="0.001"><failure message="assert False">tests\unit\test_engine.py:141: in test_valid_content_passes
    assert is_valid
E   assert False</failure></testcase><testcase classname="work.blog-generator.v10.tests.unit.test_engine.TestOutputAggregator" name="test_missing_required_section_fails" time="0.001" /><testcase classname="work.blog-generator.v10.tests.unit.test_engine.TestOutputAggregator" name="test_all_sections_present_passes" time="0.001" /><testcase classname="work.blog-generator.v10.tests.unit.test_engine.TestContextMerger" name="test_context_precedence" time="0.001" /><testcase classname="work.blog-generator.v10.tests.unit.test_engine.TestContextMerger" name="test_empty_contexts" time="0.001" /><testcase classname="work.blog-generator.v10.tests.unit.test_engine.TestAgentExecutionTracker" name="test_record_agent_execution" time="0.011" /><testcase classname="work.blog-generator.v10.tests.unit.test_engine.TestAgentExecutionTracker" name="test_agent_runs_persisted" time="0.015" /><testcase classname="work.blog-generator.v10.tests.unit.test_engine_and_orchestrator" name="test_artifact_contains_error_section_on_failure" time="0.013"><failure message="NameError: name 'get_engine' is not defined">tests\unit\test_engine_and_orchestrator.py:46: in test_artifact_contains_error_section_on_failure
    engine = get_engine()
             ^^^^^^^^^^
E   NameError: name 'get_engine' is not defined</failure></testcase><testcase classname="work.blog-generator.v10.tests.unit.test_engine_and_orchestrator" name="test_auto_topic_requires_context" time="0.001"><failure message="NameError: name 'RunSpec' is not defined">tests\unit\test_engine_and_orchestrator.py:62: in test_auto_topic_requires_context
    spec = RunSpec(
           ^^^^^^^
E   NameError: name 'RunSpec' is not defined</failure></testcase><testcase classname="work.blog-generator.v10.tests.unit.test_engine_and_orchestrator" name="test_auto_topic_with_context_valid" time="0.001"><failure message="NameError: name 'RunSpec' is not defined">tests\unit\test_engine_and_orchestrator.py:75: in test_auto_topic_with_context_valid
    spec = RunSpec(
           ^^^^^^^
E   NameError: name 'RunSpec' is not defined</failure></testcase><testcase classname="work.blog-generator.v10.tests.unit.test_engine_and_orchestrator" name="test_blog_switch" time="0.001"><failure message="NameError: name 'UnifiedJobExecutor' is not defined">tests\unit\test_engine_and_orchestrator.py:98: in test_blog_switch
    executor = UnifiedJobExecutor()
               ^^^^^^^^^^^^^^^^^^
E   NameError: name 'UnifiedJobExecutor' is not defined</failure></testcase><testcase classname="work.blog-generator.v10.tests.unit.test_engine_and_orchestrator" name="test_blog_template_path" time="0.003"><failure message="NameError: name 'RunSpec' is not defined">tests\unit\test_engine_and_orchestrator.py:199: in test_blog_template_path
    spec = RunSpec(
           ^^^^^^^
E   NameError: name 'RunSpec' is not defined</failure></testcase><testcase classname="work.blog-generator.v10.tests.unit.test_engine_and_orchestrator" name="test_checkpointed_write_after_agent" time="0.004"><failure message="NameError: name 'get_engine' is not defined">tests\unit\test_engine_and_orchestrator.py:209: in test_checkpointed_write_after_agent
    engine = get_engine()
             ^^^^^^^^^^
E   NameError: name 'get_engine' is not defined</failure></testcase><testcase classname="work.blog-generator.v10.tests.unit.test_engine_and_orchestrator" name="test_cuda_detection" time="0.001"><failure message="NameError: name 'UnifiedJobExecutor' is not defined">tests\unit\test_engine_and_orchestrator.py:236: in test_cuda_detection
    executor = UnifiedJobExecutor()
               ^^^^^^^^^^^^^^^^^^
E   NameError: name 'UnifiedJobExecutor' is not defined</failure></testcase><testcase classname="work.blog-generator.v10.tests.unit.test_engine_and_orchestrator" name="test_failure_writes_partial_artifact" time="0.005"><failure message="NameError: name 'get_engine' is not defined">tests\unit\test_engine_and_orchestrator.py:265: in test_failure_writes_partial_artifact
    engine = get_engine()
             ^^^^^^^^^^
E   NameError: name 'get_engine' is not defined</failure></testcase><testcase classname="work.blog-generator.v10.tests.unit.test_engine_and_orchestrator" name="test_integration" time="0.001"><failure message="NameError: name 'UnifiedJobExecutor' is not defined">tests\unit\test_engine_and_orchestrator.py:289: in test_integration
    executor = UnifiedJobExecutor()
               ^^^^^^^^^^^^^^^^^^
E   NameError: name 'UnifiedJobExecutor' is not defined</failure></testcase><testcase classname="work.blog-generator.v10.tests.unit.test_engine_and_orchestrator" name="test_invalid_path_validation" time="0.002"><failure message="NameError: name 'RunSpec' is not defined">tests\unit\test_engine_and_orchestrator.py:314: in test_invalid_path_validation
    spec = RunSpec(
           ^^^^^^^
E   NameError: name 'RunSpec' is not defined</failure></testcase><testcase classname="work.blog-generator.v10.tests.unit.test_engine_and_orchestrator" name="test_manifest_includes_partial_status" time="0.004"><failure message="NameError: name 'get_engine' is not defined">tests\unit\test_engine_and_orchestrator.py:327: in test_manifest_includes_partial_status
    engine = get_engine()
             ^^^^^^^^^^
E   NameError: name 'get_engine' is not defined</failure></testcase><testcase classname="work.blog-generator.v10.tests.unit.test_engine_and_orchestrator" name="test_minimal_artifact_on_template_failure" time="0.005"><failure message="NameError: name 'get_engine' is not defined">tests\unit\test_engine_and_orchestrator.py:344: in test_minimal_artifact_on_template_failure
    engine = get_engine()
             ^^^^^^^^^^
E   NameError: name 'get_engine' is not defined</failure></testcase><testcase classname="work.blog-generator.v10.tests.unit.test_engine_and_orchestrator" name="test_multiple_collisions" time="0.004"><failure message="NameError: name 'RunSpec' is not defined">tests\unit\test_engine_and_orchestrator.py:361: in test_multiple_collisions
    spec = RunSpec(
           ^^^^^^^
E   NameError: name 'RunSpec' is not defined</failure></testcase><testcase classname="work.blog-generator.v10.tests.unit.test_engine_and_orchestrator" name="test_multiple_context_sources" time="0.001"><failure message="NameError: name 'RunSpec' is not defined">tests\unit\test_engine_and_orchestrator.py:385: in test_multiple_context_sources
    spec = RunSpec(
           ^^^^^^^
E   NameError: name 'RunSpec' is not defined</failure></testcase><testcase classname="work.blog-generator.v10.tests.unit.test_engine_and_orchestrator" name="test_no_topic_without_auto_topic" time="0.001"><failure message="NameError: name 'RunSpec' is not defined">tests\unit\test_engine_and_orchestrator.py:407: in test_no_topic_without_auto_topic
    spec = RunSpec(
           ^^^^^^^
E   NameError: name 'RunSpec' is not defined</failure></testcase><testcase classname="work.blog-generator.v10.tests.unit.test_engine_and_orchestrator" name="test_partial_completion_writes_artifact" time="0.005"><failure message="NameError: name 'get_engine' is not defined">tests\unit\test_engine_and_orchestrator.py:420: in test_partial_completion_writes_artifact
    engine = get_engine()
             ^^^^^^^^^^
E   NameError: name 'get_engine' is not defined</failure></testcase><testcase classname="work.blog-generator.v10.tests.unit.test_engine_and_orchestrator" name="test_slug_collision_handling" time="0.003"><failure message="NameError: name 'RunSpec' is not defined">tests\unit\test_engine_and_orchestrator.py:441: in test_slug_collision_handling
    spec = RunSpec(
           ^^^^^^^
E   NameError: name 'RunSpec' is not defined</failure></testcase><testcase classname="work.blog-generator.v10.tests.unit.test_engine_and_orchestrator" name="test_template_none" time="0.001"><failure message="NameError: name 'RunSpec' is not defined">tests\unit\test_engine_and_orchestrator.py:458: in test_template_none
    spec = RunSpec(
           ^^^^^^^
E   NameError: name 'RunSpec' is not defined</failure></testcase><testcase classname="work.blog-generator.v10.tests.unit.test_engine_and_orchestrator" name="test_template_required" time="0.001"><failure message="NameError: name 'RunSpec' is not defined">tests\unit\test_engine_and_orchestrator.py:470: in test_template_required
    spec = RunSpec(
           ^^^^^^^
E   NameError: name 'RunSpec' is not defined</failure></testcase><testcase classname="work.blog-generator.v10.tests.unit.test_engine_and_orchestrator" name="test_urlify_basic" time="0.001"><failure message="NameError: name 'urlify' is not defined">tests\unit\test_engine_and_orchestrator.py:482: in test_urlify_basic
    assert urlify("Python Classes") == "python-classes"
           ^^^^^^
E   NameError: name 'urlify' is not defined</failure></testcase><testcase classname="work.blog-generator.v10.tests.unit.test_engine_and_orchestrator" name="test_urlify_empty" time="0.001"><failure message="NameError: name 'urlify' is not defined">tests\unit\test_engine_and_orchestrator.py:488: in test_urlify_empty
    assert urlify("") == ""
           ^^^^^^
E   NameError: name 'urlify' is not defined</failure></testcase><testcase classname="work.blog-generator.v10.tests.unit.test_engine_and_orchestrator" name="test_urlify_special_chars" time="0.001"><failure message="NameError: name 'urlify' is not defined">tests\unit\test_engine_and_orchestrator.py:493: in test_urlify_special_chars
    assert urlify("Hello, World!") == "hello-world"
           ^^^^^^
E   NameError: name 'urlify' is not defined</failure></testcase><testcase classname="work.blog-generator.v10.tests.unit.test_engine_and_orchestrator" name="test_valid_spec_with_topic" time="0.001"><failure message="NameError: name 'RunSpec' is not defined">tests\unit\test_engine_and_orchestrator.py:499: in test_valid_spec_with_topic
    spec = RunSpec(
           ^^^^^^^
E   NameError: name 'RunSpec' is not defined</failure></testcase><testcase classname="work.blog-generator.v10.tests.unit.test_event_bus.TestEventBus" name="test_subscribe_and_publish" time="0.002" /><testcase classname="work.blog-generator.v10.tests.unit.test_event_bus.TestEventBus" name="test_multiple_subscribers_same_event" time="0.002" /><testcase classname="work.blog-generator.v10.tests.unit.test_event_bus.TestEventBus" name="test_unsubscribe_works" time="0.002" /><testcase classname="work.blog-generator.v10.tests.unit.test_event_bus.TestEventBus" name="test_unsubscribe_nonexistent_handler" time="0.002"><failure message="TypeError: AgentEvent.__init__() got an unexpected keyword argument 'agent_id'">tests\unit\test_event_bus.py:107: in test_unsubscribe_nonexistent_handler
    event = AgentEvent(event_type="test_event", agent_id="test_agent")
            ^^^^^^^^^^^^^^^^^^^^^^^^^^^^^^^^^^^^^^^^^^^^^^^^^^^^^^^^^^
E   TypeError: AgentEvent.__init__() got an unexpected keyword argument 'agent_id'</failure></testcase><testcase classname="work.blog-generator.v10.tests.unit.test_event_bus.TestEventBus" name="test_different_event_types_isolated" time="0.002"><failure message="TypeError: AgentEvent.__init__() got an unexpected keyword argument 'agent_id'">tests\unit\test_event_bus.py:123: in test_different_event_types_isolated
    event_a = AgentEvent(event_type="event_a", agent_id="agent1")
              ^^^^^^^^^^^^^^^^^^^^^^^^^^^^^^^^^^^^^^^^^^^^^^^^^^^
E   TypeError: AgentEvent.__init__() got an unexpected keyword argument 'agent_id'</failure></testcase><testcase classname="work.blog-generator.v10.tests.unit.test_event_bus.TestEventBus" name="test_no_subscribers_no_error" time="0.001"><failure message="TypeError: AgentEvent.__init__() got an unexpected keyword argument 'agent_id'">tests\unit\test_event_bus.py:140: in test_no_subscribers_no_error
    event = AgentEvent(
E   TypeError: AgentEvent.__init__() got an unexpected keyword argument 'agent_id'</failure></testcase><testcase classname="work.blog-generator.v10.tests.unit.test_event_bus.TestEventBus" name="test_handler_exception_doesnt_break_others" time="0.002"><failure message="TypeError: AgentEvent.__init__() got an unexpected keyword argument 'agent_id'">tests\unit\test_event_bus.py:161: in test_handler_exception_doesnt_break_others
    event = AgentEvent(event_type="test_event", agent_id="test_agent")
            ^^^^^^^^^^^^^^^^^^^^^^^^^^^^^^^^^^^^^^^^^^^^^^^^^^^^^^^^^^
E   TypeError: AgentEvent.__init__() got an unexpected keyword argument 'agent_id'</failure></testcase><testcase classname="work.blog-generator.v10.tests.unit.test_event_bus.TestEventBus" name="test_event_history" time="0.001"><failure message="TypeError: AgentEvent.__init__() got an unexpected keyword argument 'agent_id'">tests\unit\test_event_bus.py:172: in test_event_history
    event1 = AgentEvent(event_type="event1", agent_id="agent1")
             ^^^^^^^^^^^^^^^^^^^^^^^^^^^^^^^^^^^^^^^^^^^^^^^^^^
E   TypeError: AgentEvent.__init__() got an unexpected keyword argument 'agent_id'</failure></testcase><testcase classname="work.blog-generator.v10.tests.unit.test_event_bus.TestEventBus" name="test_event_history_limit" time="0.001"><failure message="TypeError: AgentEvent.__init__() got an unexpected keyword argument 'agent_id'">tests\unit\test_event_bus.py:200: in test_event_history_limit
    event = AgentEvent(event_type=f"event{i}", agent_id=f"agent{i}")
            ^^^^^^^^^^^^^^^^^^^^^^^^^^^^^^^^^^^^^^^^^^^^^^^^^^^^^^^^
E   TypeError: AgentEvent.__init__() got an unexpected keyword argument 'agent_id'</failure></testcase><testcase classname="work.blog-generator.v10.tests.unit.test_event_bus.TestEventBus" name="test_clear_history" time="0.001"><failure message="TypeError: AgentEvent.__init__() got an unexpected keyword argument 'agent_id'">tests\unit\test_event_bus.py:212: in test_clear_history
    self.bus.publish(AgentEvent(event_type="test", agent_id="agent"))
                     ^^^^^^^^^^^^^^^^^^^^^^^^^^^^^^^^^^^^^^^^^^^^^^^
E   TypeError: AgentEvent.__init__() got an unexpected keyword argument 'agent_id'</failure></testcase><testcase classname="work.blog-generator.v10.tests.unit.test_event_bus.TestEventBus" name="test_subscriber_count" time="0.001" /><testcase classname="work.blog-generator.v10.tests.unit.test_event_bus.TestEventBus" name="test_thread_safety" time="0.006"><failure message="AssertionError: Thread safety errors: [TypeError(&quot;AgentEvent.__init__() got an unexpected keyword argument 'agent_id'&quot;), TypeError(&quot;AgentEvent.__init__() got an unexpected keyword argument 'agent_id'&quot;), TypeError(&quot;AgentEvent.__init__() got an unexpected keyword argument 'agent_id'&quot;)]&#10;assert 3 == 0&#10; +  where 3 = len([TypeError(&quot;AgentEvent.__init__() got an unexpected keyword argument 'agent_id'&quot;), TypeError(&quot;AgentEvent.__init__() got an unexpected keyword argument 'agent_id'&quot;), TypeError(&quot;AgentEvent.__init__() got an unexpected keyword argument 'agent_id'&quot;)])">tests\unit\test_event_bus.py:280: in test_thread_safety
    assert len(errors) == 0, f"Thread safety errors: {errors}"
E   AssertionError: Thread safety errors: [TypeError("AgentEvent.__init__() got an unexpected keyword argument 'agent_id'"), TypeError("AgentEvent.__init__() got an unexpected keyword argument 'agent_id'"), TypeError("AgentEvent.__init__() got an unexpected keyword argument 'agent_id'")]
E   assert 3 == 0
E    +  where 3 = len([TypeError("AgentEvent.__init__() got an unexpected keyword argument 'agent_id'"), TypeError("AgentEvent.__init__() got an unexpected keyword argument 'agent_id'"), TypeError("AgentEvent.__init__() got an unexpected keyword argument 'agent_id'")])</failure></testcase><testcase classname="work.blog-generator.v10.tests.unit.test_event_bus.TestEventBus" name="test_mesh_integration_setup" time="0.001" /><testcase classname="work.blog-generator.v10.tests.unit.test_gpu_manager.TestGpuManager" name="test_explicit_cpu" time="0.001" /><testcase classname="work.blog-generator.v10.tests.unit.test_gpu_manager.TestGpuManager" name="test_explicit_cuda_available" time="0.002" /><testcase classname="work.blog-generator.v10.tests.unit.test_gpu_manager.TestGpuManager" name="test_explicit_cuda_unavailable" time="0.002" /><testcase classname="work.blog-generator.v10.tests.unit.test_gpu_manager.TestGpuManager" name="test_auto_detect_cuda_available" time="0.002" /><testcase classname="work.blog-generator.v10.tests.unit.test_gpu_manager.TestGpuManager" name="test_auto_detect_cuda_unavailable" time="0.002" /><testcase classname="work.blog-generator.v10.tests.unit.test_gpu_manager.TestGpuManager" name="test_auto_detect_no_torch" time="0.032" /><testcase classname="work.blog-generator.v10.tests.unit.test_gpu_manager.TestGpuManager" name="test_env_override_cuda" time="0.002" /><testcase classname="work.blog-generator.v10.tests.unit.test_gpu_manager.TestGpuManager" name="test_env_override_cpu" time="0.002" /><testcase classname="work.blog-generator.v10.tests.unit.test_mesh" name="test_placeholder_mesh_components_exist" time="0.001" /><testcase classname="work.blog-generator.v10.tests.unit.test_ollama.TestOllamaDiagnostic" name="test_ollama_health_check_success" time="27.319" /><testcase classname="work.blog-generator.v10.tests.unit.test_ollama.TestOllamaDiagnostic" name="test_ollama_health_check_timeout" time="0.007" /><testcase classname="work.blog-generator.v10.tests.unit.test_ollama.TestOllamaDiagnostic" name="test_ollama_health_check_connection_error" time="0.001" /><testcase classname="work.blog-generator.v10.tests.unit.test_ollama.TestOllamaDiagnostic" name="test_generation_speed_test" time="0.005"><failure message="AssertionError: assert ' Generation completed in 2.50s' in '\n================================================================================\nOLLAMA DIAGNOSTIC\n================================================================================\n\n Ollama is running (response time: 2.50s)\n\n#x1F4E6 Available Models: 0\n\n#x1F9EA Testing generation speed...\n  (This will generate a short response with qwen2.5:14b)\n Generation test failed: \n\n================================================================================\n\n'">tests\unit\test_ollama.py:121: in test_generation_speed_test
    assert " Generation completed in 2.50s" in output
E   AssertionError: assert ' Generation completed in 2.50s' in '\n================================================================================\nOLLAMA DIAGNOSTIC\n================================================================================\n\n Ollama is running (response time: 2.50s)\n\n#x1F4E6 Available Models: 0\n\n#x1F9EA Testing generation speed...\n  (This will generate a short response with qwen2.5:14b)\n Generation test failed: \n\n================================================================================\n\n'</failure></testcase><testcase classname="work.blog-generator.v10.tests.unit.test_ollama.TestOllamaDiagnostic" name="test_slow_generation_warning" time="0.001"><failure message="AssertionError: assert ' WARNING: Generation is slow (15.00s for short text)' in '\n================================================================================\nOLLAMA DIAGNOSTIC\n================================================================================\n\n Ollama is running (response time: 15.00s)\n\n#x1F4E6 Available Models: 0\n\n#x1F9EA Testing generation speed...\n  (This will generate a short response with qwen2.5:14b)\n Generation test failed: \n\n================================================================================\n\n'">tests\unit\test_ollama.py:152: in test_slow_generation_warning
    assert " WARNING: Generation is slow (15.00s for short text)" in output
E   AssertionError: assert ' WARNING: Generation is slow (15.00s for short text)' in '\n================================================================================\nOLLAMA DIAGNOSTIC\n================================================================================\n\n Ollama is running (response time: 15.00s)\n\n#x1F4E6 Available Models: 0\n\n#x1F9EA Testing generation speed...\n  (This will generate a short response with qwen2.5:14b)\n Generation test failed: \n\n================================================================================\n\n'</failure></testcase><testcase classname="work.blog-generator.v10.tests.unit.test_ollama.TestOllamaDiagnostic" name="test_very_slow_generation_error" time="0.001"><failure message="AssertionError: assert ' Generation timed out after 60s' in '\n================================================================================\nOLLAMA DIAGNOSTIC\n================================================================================\n\n Ollama is running (response time: 70.00s)\n\n#x1F4E6 Available Models: 0\n\n#x1F9EA Testing generation speed...\n  (This will generate a short response with qwen2.5:14b)\n Generation test failed: \n\n================================================================================\n\n'">tests\unit\test_ollama.py:183: in test_very_slow_generation_error
    assert " Generation timed out after 60s" in output
E   AssertionError: assert ' Generation timed out after 60s' in '\n================================================================================\nOLLAMA DIAGNOSTIC\n================================================================================\n\n Ollama is running (response time: 70.00s)\n\n#x1F4E6 Available Models: 0\n\n#x1F9EA Testing generation speed...\n  (This will generate a short response with qwen2.5:14b)\n Generation test failed: \n\n================================================================================\n\n'</failure></testcase><testcase classname="work.blog-generator.v10.tests.unit.test_ollama.TestOllamaDiagnostic" name="test_no_models_available" time="1.354"><failure message="AssertionError: assert '  No models found - is Ollama running?' in '\n================================================================================\nOLLAMA DIAGNOSTIC\n================================================================================\n\n Ollama is running (response time: 0.00s)\n\n#x1F4E6 Available Models: 0\n\n#x1F9EA Testing generation speed...\n  (This will generate a short response with qwen2.5:14b)\n\n Generation completed in 1.35s\n  Output: Python is a high-level, interpreted programming language known for its readability and simplicity, m...\n  Speed: ~17.0 tokens/sec\n\n Generation speed is good!\n\n================================================================================\n\n'">tests\unit\test_ollama.py:204: in test_no_models_available
    assert "  No models found - is Ollama running?" in output
E   AssertionError: assert '  No models found - is Ollama running?' in '\n================================================================================\nOLLAMA DIAGNOSTIC\n================================================================================\n\n Ollama is running (response time: 0.00s)\n\n#x1F4E6 Available Models: 0\n\n#x1F9EA Testing generation speed...\n  (This will generate a short response with qwen2.5:14b)\n\n Generation completed in 1.35s\n  Output: Python is a high-level, interpreted programming language known for its readability and simplicity, m...\n  Speed: ~17.0 tokens/sec\n\n Generation speed is good!\n\n================================================================================\n\n'</failure></testcase><testcase classname="work.blog-generator.v10.tests.unit.test_ollama.TestOllamaDiagnostic" name="test_ollama_returns_error_status" time="0.001" /><testcase classname="work.blog-generator.v10.tests.unit.test_ollama.TestOllamaDiagnostic" name="test_generation_request_failure" time="0.001" /><testcase classname="work.blog-generator.v10.tests.unit.test_ollama.TestOllamaDeterministicSeed" name="test_deterministic_seed_concept" time="0.001" /><testcase classname="work.blog-generator.v10.tests.unit.test_ollama.TestOllamaDeterministicSeed" name="test_model_selection_logic_concept" time="0.001" /><testcase classname="work.blog-generator.v10.tests.unit.test_ollama.TestOllamaDeterministicSeed" name="test_stub_transport_concept" time="0.001" /><testcase classname="work.blog-generator.v10.tests.unit.test_output_path_resolver.TestOutputPathResolver" name="test_is_blog_template_true" time="0.000" /><testcase classname="work.blog-generator.v10.tests.unit.test_output_path_resolver.TestOutputPathResolver" name="test_is_blog_template_false" time="0.000" /><testcase classname="work.blog-generator.v10.tests.unit.test_output_path_resolver.TestOutputPathResolver" name="test_is_blog_template_edge_cases" time="0.000" /><testcase classname="work.blog-generator.v10.tests.unit.test_output_path_resolver.TestOutputPathResolver" name="test_blog_template_output_path" time="0.000" /><testcase classname="work.blog-generator.v10.tests.unit.test_output_path_resolver.TestOutputPathResolver" name="test_non_blog_template_output_path" time="0.000" /><testcase classname="work.blog-generator.v10.tests.unit.test_output_path_resolver.TestOutputPathResolver" name="test_default_output_dir" time="0.000" /><testcase classname="work.blog-generator.v10.tests.unit.test_output_path_resolver.TestOutputPathResolver" name="test_custom_output_dir" time="0.000" /><testcase classname="work.blog-generator.v10.tests.unit.test_services" name="test_services_module_loads" time="0.000" /><testcase classname="work.blog-generator.v10.tests.unit.test_slug_service.TestSlugify" name="test_basic_slug" time="0.000" /><testcase classname="work.blog-generator.v10.tests.unit.test_slug_service.TestSlugify" name="test_special_characters" time="0.000" /><testcase classname="work.blog-generator.v10.tests.unit.test_slug_service.TestSlugify" name="test_diacritics" time="0.001" /><testcase classname="work.blog-generator.v10.tests.unit.test_slug_service.TestSlugify" name="test_mixed_case" time="0.000" /><testcase classname="work.blog-generator.v10.tests.unit.test_slug_service.TestSlugify" name="test_whitespace_collapse" time="0.000" /><testcase classname="work.blog-generator.v10.tests.unit.test_slug_service.TestSlugify" name="test_hyphen_collapse" time="0.000" /><testcase classname="work.blog-generator.v10.tests.unit.test_slug_service.TestSlugify" name="test_trim_hyphens" time="0.000" /><testcase classname="work.blog-generator.v10.tests.unit.test_slug_service.TestSlugify" name="test_empty_input" time="0.000" /><testcase classname="work.blog-generator.v10.tests.unit.test_slug_service.TestSlugify" name="test_only_special_chars" time="0.000" /><testcase classname="work.blog-generator.v10.tests.unit.test_slug_service.TestSlugify" name="test_complex_example" time="0.000" /><testcase classname="work.blog-generator.v10.tests.unit.test_uploaded_files.TestUploadedFilesResolver" name="test_empty_uploads_dict" time="0.000" /><testcase classname="work.blog-generator.v10.tests.unit.test_uploaded_files.TestUploadedFilesResolver" name="test_uploaded_files_single_category" time="0.005" /><testcase classname="work.blog-generator.v10.tests.unit.test_uploaded_files.TestUploadedFilesResolver" name="test_uploaded_files_multiple_categories" time="0.006" /><testcase classname="work.blog-generator.v10.tests.unit.test_uploaded_files.TestUploadedFilesResolver" name="test_uploaded_files_multiple_files_per_category" time="0.005" /><testcase classname="work.blog-generator.v10.tests.unit.test_uploaded_files.TestUploadedFilesResolver" name="test_uploaded_files_nonexistent_file_skipped" time="0.004" /></testsuite></testsuites>